2025-05-18T08:18:22.680Z|0x6574|Using pre-set license
2025-05-18T08:18:22.680Z|0x6574|Built from '6000.1/staging' branch; Version is '6000.1.3f1 (f34db9734971) revision 15945145'; Using compiler version '194234433'; Build Type 'Release'
2025-05-18T08:18:22.680Z|0x6574|OS: 'Windows 11  (10.0.26100) 64bit Professional' Language: 'en' Physical Memory: 65276 MB
2025-05-18T08:18:22.680Z|0x6574|BatchMode: 1, IsHumanControllingUs: 0, StartBugReporterOnCrash: 0, Is64bit: 1, IsPro: 1
2025-05-18T08:18:22.680Z|0x6574|Date: 2025-05-18T08:18:22Z
2025-05-18T08:18:22.685Z|0x6574|
COMMAND LINE ARGUMENTS:
2025-05-18T08:18:22.685Z|0x6574|C:\Program Files\Unity\Hub\Editor\6000.1.3f1\Editor\Unity.exe
2025-05-18T08:18:22.685Z|0x6574|-adb2
2025-05-18T08:18:22.685Z|0x6574|-batchMode
2025-05-18T08:18:22.685Z|0x6574|-noUpm
2025-05-18T08:18:22.685Z|0x6574|-name
2025-05-18T08:18:22.685Z|0x6574|AssetImportWorker1
2025-05-18T08:18:22.685Z|0x6574|-projectPath
2025-05-18T08:18:22.685Z|0x6574|C:/Users/kirae/Documents/projects/unity/jrpg_2d
2025-05-18T08:18:22.685Z|0x6574|-logFile
2025-05-18T08:18:22.686Z|0x6574|Logs/AssetImportWorker1.log
2025-05-18T08:18:22.686Z|0x6574|-srvPort
2025-05-18T08:18:22.686Z|0x6574|51583
2025-05-18T08:18:22.686Z|0x6574|-job-worker-count
2025-05-18T08:18:22.686Z|0x6574|15
2025-05-18T08:18:22.686Z|0x6574|-background-job-worker-count
2025-05-18T08:18:22.686Z|0x6574|8
2025-05-18T08:18:22.686Z|0x6574|-gc-helper-count
2025-05-18T08:18:22.686Z|0x6574|1
2025-05-18T08:18:22.686Z|0x6574|-name
2025-05-18T08:18:22.686Z|0x6574|AssetImport
2025-05-18T08:18:22.686Z|0x6574|Successfully changed project path to: C:/Users/kirae/Documents/projects/unity/jrpg_2d
2025-05-18T08:18:22.687Z|0x6574|C:/Users/kirae/Documents/projects/unity/jrpg_2d
2025-05-18T08:18:22.688Z|0x6574|[UnityMemory] Configuration Parameters - Can be set up in boot.config
2025-05-18T08:18:22.688Z|0x6574|    "memorysetup-allocator-temp-initial-block-size-main=262144"
2025-05-18T08:18:22.688Z|0x6574|    "memorysetup-allocator-temp-initial-block-size-worker=262144"
2025-05-18T08:18:22.688Z|0x6574|    "memorysetup-bucket-allocator-granularity=16"
2025-05-18T08:18:22.688Z|0x6574|    "memorysetup-bucket-allocator-bucket-count=8"
2025-05-18T08:18:22.688Z|0x6574|    "memorysetup-bucket-allocator-block-size=33554432"
2025-05-18T08:18:22.688Z|0x6574|    "memorysetup-bucket-allocator-block-count=8"
2025-05-18T08:18:22.688Z|0x6574|    "memorysetup-main-allocator-block-size=16777216"
2025-05-18T08:18:22.688Z|0x6574|    "memorysetup-thread-allocator-block-size=16777216"
2025-05-18T08:18:22.688Z|0x6574|    "memorysetup-gfx-main-allocator-block-size=16777216"
2025-05-18T08:18:22.688Z|0x6574|    "memorysetup-gfx-thread-allocator-block-size=16777216"
2025-05-18T08:18:22.688Z|0x6574|    "memorysetup-cache-allocator-block-size=4194304"
2025-05-18T08:18:22.688Z|0x6574|    "memorysetup-typetree-allocator-block-size=2097152"
2025-05-18T08:18:22.688Z|0x6574|    "memorysetup-profiler-bucket-allocator-granularity=16"
2025-05-18T08:18:22.688Z|0x6574|    "memorysetup-profiler-bucket-allocator-bucket-count=8"
2025-05-18T08:18:22.688Z|0x6574|    "memorysetup-profiler-bucket-allocator-block-size=33554432"
2025-05-18T08:18:22.688Z|0x6574|    "memorysetup-profiler-bucket-allocator-block-count=8"
2025-05-18T08:18:22.689Z|0x6574|    "memorysetup-profiler-allocator-block-size=16777216"
2025-05-18T08:18:22.689Z|0x6574|    "memorysetup-profiler-editor-allocator-block-size=1048576"
2025-05-18T08:18:22.689Z|0x6574|    "memorysetup-temp-allocator-size-main=16777216"
2025-05-18T08:18:22.689Z|0x6574|    "memorysetup-job-temp-allocator-block-size=2097152"
2025-05-18T08:18:22.689Z|0x6574|    "memorysetup-job-temp-allocator-block-size-background=1048576"
2025-05-18T08:18:22.689Z|0x6574|    "memorysetup-job-temp-allocator-reduction-small-platforms=262144"
2025-05-18T08:18:22.689Z|0x6574|    "memorysetup-temp-allocator-size-background-worker=32768"
2025-05-18T08:18:22.689Z|0x6574|    "memorysetup-temp-allocator-size-job-worker=262144"
2025-05-18T08:18:22.689Z|0x6574|    "memorysetup-temp-allocator-size-preload-manager=33554432"
2025-05-18T08:18:22.689Z|0x6574|    "memorysetup-temp-allocator-size-nav-mesh-worker=65536"
2025-05-18T08:18:22.689Z|0x6574|    "memorysetup-temp-allocator-size-audio-worker=65536"
2025-05-18T08:18:22.689Z|0x6574|    "memorysetup-temp-allocator-size-cloud-worker=32768"
2025-05-18T08:18:22.690Z|0x6574|    "memorysetup-temp-allocator-size-gi-baking-worker=262144"
2025-05-18T08:18:22.690Z|0x6574|    "memorysetup-temp-allocator-size-gi-baking-worker=262144"
2025-05-18T08:18:22.690Z|0x6574|    "memorysetup-temp-allocator-size-gi-baking-worker=262144"
2025-05-18T08:18:22.690Z|0x6574|    "memorysetup-temp-allocator-size-gi-baking-worker=262144"
2025-05-18T08:18:22.690Z|0x6574|    "memorysetup-temp-allocator-size-gi-baking-worker=262144"
2025-05-18T08:18:22.690Z|0x6574|    "memorysetup-temp-allocator-size-gfx=262144"
2025-05-18T08:18:22.701Z|0x6574|Player connection [25972]  Target information:

2025-05-18T08:18:22.701Z|0x6574|Player connection [25972]  * "[IP] 192.168.1.158 [Port] 0 [Flags] 2 [Guid] 746910209 [EditorId] 746910209 [Version] 1048832 [Id] WindowsEditor(7,kira-rtx) [Debug] 1 [PackageName] WindowsEditor [ProjectName] Editor" 

2025-05-18T08:18:22.701Z|0x6574|Player connection [25972]  * "[IP] 172.22.48.1 [Port] 0 [Flags] 2 [Guid] 746910209 [EditorId] 746910209 [Version] 1048832 [Id] WindowsEditor(7,kira-rtx) [Debug] 1 [PackageName] WindowsEditor [ProjectName] Editor" 

2025-05-18T08:18:22.701Z|0x6574|Player connection [25972]  * "[IP] 192.168.56.1 [Port] 0 [Flags] 2 [Guid] 746910209 [EditorId] 746910209 [Version] 1048832 [Id] WindowsEditor(7,kira-rtx) [Debug] 1 [PackageName] WindowsEditor [ProjectName] Editor" 

2025-05-18T08:18:22.703Z|0x6574|Player connection [25972] Host joined multi-casting on [225.0.0.222:54997]...
2025-05-18T08:18:22.704Z|0x6574|Player connection [25972] Host joined alternative multi-casting on [225.0.0.222:34997]...
2025-05-18T08:18:22.705Z|0x6574|JobSystem: Creating JobQueue using job-worker-count value 15
2025-05-18T08:18:22.709Z|0x6574|Input System module state changed to: Initialized.
2025-05-18T08:18:22.710Z|0x6574|[Physics::Module] Initialized fallback backend.
2025-05-18T08:18:22.710Z|0x6574|[Physics::Module] Id: 0xdecafbad
2025-05-18T08:18:22.747Z|0x6574|Library Redirect Path: Library/
2025-05-18T08:18:22.771Z|0x6574|[Physics::Module] Selected backend.
2025-05-18T08:18:22.771Z|0x6574|[Physics::Module] Name: PhysX
2025-05-18T08:18:22.771Z|0x6574|[Physics::Module] Id: 0xf2b8ea05
2025-05-18T08:18:22.771Z|0x6574|[Physics::Module] SDK Version: 4.1.2
2025-05-18T08:18:22.771Z|0x6574|[Physics::Module] Integration Version: 1.0.0
2025-05-18T08:18:22.771Z|0x6574|[Physics::Module] Threading Mode: Multi-Threaded
2025-05-18T08:18:22.784Z|0x6574|Refreshing native plugins compatible for Editor in 5.15 ms, found 4 plugins.
2025-05-18T08:18:22.784Z|0x6574|Preloading 0 native plugins for Editor in 0.00 ms.
2025-05-18T08:18:22.784Z|0x6574|Initialize engine version: 6000.1.3f1 (f34db9734971)
2025-05-18T08:18:22.785Z|0x6574|[Subsystems] Discovering subsystems at path C:/Program Files/Unity/Hub/Editor/6000.1.3f1/Editor/Data/Resources/UnitySubsystems
2025-05-18T08:18:22.785Z|0x6574|[Subsystems] Discovering subsystems at path C:/Users/kirae/Documents/projects/unity/jrpg_2d/Assets
2025-05-18T08:18:22.785Z|0x6574|GfxDevice: creating device client; kGfxThreadingModeNonThreaded
2025-05-18T08:18:23.150Z|0x6574|Direct3D:
2025-05-18T08:18:23.150Z|0x6574|    Version:         Direct3D 12 [level 12.1]
2025-05-18T08:18:23.150Z|0x6574|    Renderer:        NVIDIA GeForce RTX 4080 SUPER (ID=0x2702)
2025-05-18T08:18:23.150Z|0x6574|    Vendor:          NVIDIA
2025-05-18T08:18:23.150Z|0x6574|    VRAM:            16047 MB
2025-05-18T08:18:23.150Z|0x6574|    App VRAM Budget: 15279 MB
2025-05-18T08:18:23.150Z|0x6574|    Driver:          32.0.15.7602
2025-05-18T08:18:23.231Z|0x6574|Initialize mono
2025-05-18T08:18:23.231Z|0x6574|Mono path[0] = 'C:/Program Files/Unity/Hub/Editor/6000.1.3f1/Editor/Data/Managed'
2025-05-18T08:18:23.231Z|0x6574|Mono path[1] = 'C:/Program Files/Unity/Hub/Editor/6000.1.3f1/Editor/Data/MonoBleedingEdge/lib/mono/unityjit-win32'
2025-05-18T08:18:23.231Z|0x6574|Mono config path = 'C:/Program Files/Unity/Hub/Editor/6000.1.3f1/Editor/Data/MonoBleedingEdge/etc'
2025-05-18T08:18:23.231Z|0x6574|Using monoOptions --debugger-agent=transport=dt_socket,embedding=1,server=y,suspend=n,address=127.0.0.1:56284
2025-05-18T08:18:23.272Z|0x6574|Begin MonoManager ReloadAssembly
2025-05-18T08:18:23.466Z|0x6574|Registering precompiled unity dll's ...
2025-05-18T08:18:23.466Z|0x6574|Register platform support module: C:/Program Files/Unity/Hub/Editor/6000.1.3f1/Editor/Data/PlaybackEngines/WindowsStandaloneSupport/UnityEditor.WindowsStandalone.Extensions.dll
2025-05-18T08:18:23.468Z|0x6574|Registered in 0.001997 seconds.
2025-05-18T08:18:23.645Z|0x6574|- Loaded All Assemblies, in  0.373 seconds
2025-05-18T08:18:23.732Z|0x6574|Native extension for WindowsStandalone target not found
2025-05-18T08:18:23.957Z|0x6574|Mono: successfully reloaded assembly
2025-05-18T08:18:23.976Z|0x6574|- Finished resetting the current domain, in  0.331 seconds
2025-05-18T08:18:23.977Z|0x6574|Domain Reload Profiling: 703ms
	BeginReloadAssembly (116ms)
		ExecutionOrderSort (0ms)
		DisableScriptedObjects (0ms)
		BackupInstance (0ms)
		ReleaseScriptingObjects (0ms)
		CreateAndSetChildDomain (0ms)
	RebuildCommonClasses (37ms)
	RebuildNativeTypeToScriptingClass (15ms)
	initialDomainReloadingComplete (59ms)
	LoadAllAssembliesAndSetupDomain (145ms)
		LoadAssemblies (114ms)
		RebuildTransferFunctionScriptingTraits (0ms)
		AnalyzeDomain (142ms)
			TypeCache.Refresh (140ms)
				TypeCache.ScanAssembly (125ms)
			BuildScriptInfoCaches (0ms)
			ResolveRequiredComponents (1ms)
	FinalizeReload (332ms)
		ReleaseScriptCaches (0ms)
		RebuildScriptCaches (0ms)
		SetupLoadedEditorAssemblies (274ms)
			LogAssemblyErrors (0ms)
			InitializePlatformSupportModulesInManaged (48ms)
			SetLoadedEditorAssemblies (4ms)
			BeforeProcessingInitializeOnLoad (52ms)
			ProcessInitializeOnLoadAttributes (112ms)
			ProcessInitializeOnLoadMethodAttributes (58ms)
			AfterProcessingInitializeOnLoad (0ms)
			EditorAssembliesLoaded (0ms)
		ExecutionOrderSort2 (0ms)
		AwakeInstancesAfterBackupRestoration (0ms)
2025-05-18T08:18:24.190Z|0x6574|========================================================================
2025-05-18T08:18:24.191Z|0x6574|Worker process is ready to serve import requests
2025-05-18T08:18:24.191Z|0x6574|Import Worker Mode flag is 0x00
2025-05-18T08:18:24.340Z|0x6574|Begin MonoManager ReloadAssembly
2025-05-18T08:18:25.254Z|0x6574|- Loaded All Assemblies, in  0.914 seconds
2025-05-18T08:18:25.705Z|0x6574|Refreshing native plugins compatible for Editor in 1.96 ms, found 4 plugins.
2025-05-18T08:18:25.862Z|0x6574|Native extension for WindowsStandalone target not found
2025-05-18T08:18:26.513Z|0x6574|Package Manager log level set to [2]
2025-05-18T08:18:26.513Z|0x6574|[Package Manager] Failed to launch server process. Reason: Unity was launched with the -noUpm command-line argument
2025-05-18T08:18:26.513Z|0x6574|[Package Manager] Unable to send message (not connected to server process).
2025-05-18T08:18:26.513Z|0x6574|[Package Manager] Cannot connect to Unity Package Manager local server
2025-05-18T08:18:26.620Z|0x6574|Mono: successfully reloaded assembly
2025-05-18T08:18:26.627Z|0x6574|- Finished resetting the current domain, in  0.918 seconds
2025-05-18T08:18:26.627Z|0x6574|Domain Reload Profiling: 1826ms
	BeginReloadAssembly (172ms)
		ExecutionOrderSort (0ms)
		DisableScriptedObjects (4ms)
		BackupInstance (0ms)
		ReleaseScriptingObjects (0ms)
		CreateAndSetChildDomain (26ms)
	RebuildCommonClasses (42ms)
	RebuildNativeTypeToScriptingClass (12ms)
	initialDomainReloadingComplete (51ms)
	LoadAllAssembliesAndSetupDomain (631ms)
		LoadAssemblies (436ms)
		RebuildTransferFunctionScriptingTraits (0ms)
		AnalyzeDomain (296ms)
			TypeCache.Refresh (208ms)
				TypeCache.ScanAssembly (184ms)
			BuildScriptInfoCaches (64ms)
			ResolveRequiredComponents (19ms)
	FinalizeReload (918ms)
		ReleaseScriptCaches (0ms)
		RebuildScriptCaches (0ms)
		SetupLoadedEditorAssemblies (755ms)
			LogAssemblyErrors (0ms)
			InitializePlatformSupportModulesInManaged (2ms)
			SetLoadedEditorAssemblies (9ms)
			BeforeProcessingInitializeOnLoad (213ms)
			ProcessInitializeOnLoadAttributes (441ms)
			ProcessInitializeOnLoadMethodAttributes (87ms)
			AfterProcessingInitializeOnLoad (3ms)
			EditorAssembliesLoaded (0ms)
		ExecutionOrderSort2 (0ms)
		AwakeInstancesAfterBackupRestoration (4ms)
2025-05-18T08:18:26.799Z|0x6574|Launched and connected shader compiler UnityShaderCompiler.exe after 0.01 seconds
2025-05-18T08:18:26.862Z|0x6574|Refreshing native plugins compatible for Editor in 1.54 ms, found 4 plugins.
2025-05-18T08:18:26.862Z|0x6574|Preloading 0 native plugins for Editor in 0.00 ms.
2025-05-18T08:18:26.863Z|0x72d0|Unloading 231 Unused Serialized files (Serialized files now loaded: 0)
2025-05-18T08:18:26.874Z|0x6574|Unloading 6765 unused Assets / (6.1 MB). Loaded Objects now: 7506.
Memory consumption went from 184.2 MB to 178.1 MB.
2025-05-18T08:18:26.874Z|0x6574|Total: 9.744500 ms (FindLiveObjects: 0.601700 ms CreateObjectMapping: 0.443700 ms MarkObjects: 6.071600 ms  DeleteObjects: 2.626100 ms)

