2025-05-17T08:57:12.523Z|0x6864|Using pre-set license
2025-05-17T08:57:12.524Z|0x6864|Built from '6000.1/staging' branch; Version is '6000.1.3f1 (f34db9734971) revision 15945145'; Using compiler version '194234433'; Build Type 'Release'
2025-05-17T08:57:12.524Z|0x6864|OS: 'Windows 11  (10.0.26100) 64bit Professional' Language: 'en' Physical Memory: 65276 MB
2025-05-17T08:57:12.524Z|0x6864|BatchMode: 1, IsHumanControllingUs: 0, StartBugReporterOnCrash: 0, Is64bit: 1, IsPro: 1
2025-05-17T08:57:12.524Z|0x6864|Date: 2025-05-17T08:57:12Z
2025-05-17T08:57:12.525Z|0x6864|
COMMAND LINE ARGUMENTS:
2025-05-17T08:57:12.526Z|0x6864|C:\Program Files\Unity\Hub\Editor\6000.1.3f1\Editor\Unity.exe
2025-05-17T08:57:12.526Z|0x6864|-adb2
2025-05-17T08:57:12.526Z|0x6864|-batchMode
2025-05-17T08:57:12.526Z|0x6864|-noUpm
2025-05-17T08:57:12.526Z|0x6864|-name
2025-05-17T08:57:12.526Z|0x6864|AssetImportWorker9
2025-05-17T08:57:12.526Z|0x6864|-projectPath
2025-05-17T08:57:12.526Z|0x6864|C:/Users/kirae/Documents/projects/unity/jrpg_2d
2025-05-17T08:57:12.526Z|0x6864|-logFile
2025-05-17T08:57:12.526Z|0x6864|Logs/AssetImportWorker9.log
2025-05-17T08:57:12.526Z|0x6864|-srvPort
2025-05-17T08:57:12.526Z|0x6864|49497
2025-05-17T08:57:12.526Z|0x6864|-job-worker-count
2025-05-17T08:57:12.526Z|0x6864|15
2025-05-17T08:57:12.526Z|0x6864|-background-job-worker-count
2025-05-17T08:57:12.526Z|0x6864|8
2025-05-17T08:57:12.526Z|0x6864|-gc-helper-count
2025-05-17T08:57:12.526Z|0x6864|1
2025-05-17T08:57:12.526Z|0x6864|-name
2025-05-17T08:57:12.526Z|0x6864|AssetImport
2025-05-17T08:57:12.526Z|0x6864|Successfully changed project path to: C:/Users/kirae/Documents/projects/unity/jrpg_2d
2025-05-17T08:57:12.526Z|0x6864|C:/Users/kirae/Documents/projects/unity/jrpg_2d
2025-05-17T08:57:12.527Z|0x6864|[UnityMemory] Configuration Parameters - Can be set up in boot.config
2025-05-17T08:57:12.527Z|0x6864|    "memorysetup-allocator-temp-initial-block-size-main=262144"
2025-05-17T08:57:12.527Z|0x6864|    "memorysetup-allocator-temp-initial-block-size-worker=262144"
2025-05-17T08:57:12.527Z|0x6864|    "memorysetup-bucket-allocator-granularity=16"
2025-05-17T08:57:12.527Z|0x6864|    "memorysetup-bucket-allocator-bucket-count=8"
2025-05-17T08:57:12.527Z|0x6864|    "memorysetup-bucket-allocator-block-size=33554432"
2025-05-17T08:57:12.527Z|0x6864|    "memorysetup-bucket-allocator-block-count=8"
2025-05-17T08:57:12.527Z|0x6864|    "memorysetup-main-allocator-block-size=16777216"
2025-05-17T08:57:12.527Z|0x6864|    "memorysetup-thread-allocator-block-size=16777216"
2025-05-17T08:57:12.527Z|0x6864|    "memorysetup-gfx-main-allocator-block-size=16777216"
2025-05-17T08:57:12.527Z|0x6864|    "memorysetup-gfx-thread-allocator-block-size=16777216"
2025-05-17T08:57:12.527Z|0x6864|    "memorysetup-cache-allocator-block-size=4194304"
2025-05-17T08:57:12.527Z|0x6864|    "memorysetup-typetree-allocator-block-size=2097152"
2025-05-17T08:57:12.527Z|0x6864|    "memorysetup-profiler-bucket-allocator-granularity=16"
2025-05-17T08:57:12.527Z|0x6864|    "memorysetup-profiler-bucket-allocator-bucket-count=8"
2025-05-17T08:57:12.527Z|0x6864|    "memorysetup-profiler-bucket-allocator-block-size=33554432"
2025-05-17T08:57:12.527Z|0x6864|    "memorysetup-profiler-bucket-allocator-block-count=8"
2025-05-17T08:57:12.527Z|0x6864|    "memorysetup-profiler-allocator-block-size=16777216"
2025-05-17T08:57:12.527Z|0x6864|    "memorysetup-profiler-editor-allocator-block-size=1048576"
2025-05-17T08:57:12.527Z|0x6864|    "memorysetup-temp-allocator-size-main=16777216"
2025-05-17T08:57:12.527Z|0x6864|    "memorysetup-job-temp-allocator-block-size=2097152"
2025-05-17T08:57:12.527Z|0x6864|    "memorysetup-job-temp-allocator-block-size-background=1048576"
2025-05-17T08:57:12.527Z|0x6864|    "memorysetup-job-temp-allocator-reduction-small-platforms=262144"
2025-05-17T08:57:12.527Z|0x6864|    "memorysetup-temp-allocator-size-background-worker=32768"
2025-05-17T08:57:12.527Z|0x6864|    "memorysetup-temp-allocator-size-job-worker=262144"
2025-05-17T08:57:12.527Z|0x6864|    "memorysetup-temp-allocator-size-preload-manager=33554432"
2025-05-17T08:57:12.527Z|0x6864|    "memorysetup-temp-allocator-size-nav-mesh-worker=65536"
2025-05-17T08:57:12.527Z|0x6864|    "memorysetup-temp-allocator-size-audio-worker=65536"
2025-05-17T08:57:12.527Z|0x6864|    "memorysetup-temp-allocator-size-cloud-worker=32768"
2025-05-17T08:57:12.527Z|0x6864|    "memorysetup-temp-allocator-size-gi-baking-worker=262144"
2025-05-17T08:57:12.527Z|0x6864|    "memorysetup-temp-allocator-size-gi-baking-worker=262144"
2025-05-17T08:57:12.527Z|0x6864|    "memorysetup-temp-allocator-size-gi-baking-worker=262144"
2025-05-17T08:57:12.527Z|0x6864|    "memorysetup-temp-allocator-size-gi-baking-worker=262144"
2025-05-17T08:57:12.527Z|0x6864|    "memorysetup-temp-allocator-size-gi-baking-worker=262144"
2025-05-17T08:57:12.527Z|0x6864|    "memorysetup-temp-allocator-size-gfx=262144"
2025-05-17T08:57:12.535Z|0x6864|Player connection [26724]  Target information:

2025-05-17T08:57:12.535Z|0x6864|Player connection [26724]  * "[IP] 192.168.1.158 [Port] 0 [Flags] 2 [Guid] 762901699 [EditorId] 762901699 [Version] 1048832 [Id] WindowsEditor(7,kira-rtx) [Debug] 1 [PackageName] WindowsEditor [ProjectName] Editor" 

2025-05-17T08:57:12.535Z|0x6864|Player connection [26724]  * "[IP] 172.22.48.1 [Port] 0 [Flags] 2 [Guid] 762901699 [EditorId] 762901699 [Version] 1048832 [Id] WindowsEditor(7,kira-rtx) [Debug] 1 [PackageName] WindowsEditor [ProjectName] Editor" 

2025-05-17T08:57:12.535Z|0x6864|Player connection [26724]  * "[IP] 192.168.56.1 [Port] 0 [Flags] 2 [Guid] 762901699 [EditorId] 762901699 [Version] 1048832 [Id] WindowsEditor(7,kira-rtx) [Debug] 1 [PackageName] WindowsEditor [ProjectName] Editor" 

2025-05-17T08:57:12.537Z|0x6864|Player connection [26724] Host joined multi-casting on [225.0.0.222:54997]...
2025-05-17T08:57:12.537Z|0x6864|Player connection [26724] Host joined alternative multi-casting on [225.0.0.222:34997]...
2025-05-17T08:57:12.537Z|0x6864|JobSystem: Creating JobQueue using job-worker-count value 15
2025-05-17T08:57:12.542Z|0x6864|Input System module state changed to: Initialized.
2025-05-17T08:57:12.543Z|0x6864|[Physics::Module] Initialized fallback backend.
2025-05-17T08:57:12.543Z|0x6864|[Physics::Module] Id: 0xdecafbad
2025-05-17T08:57:12.574Z|0x6864|Library Redirect Path: Library/
2025-05-17T08:57:12.625Z|0x6864|[Physics::Module] Selected backend.
2025-05-17T08:57:12.625Z|0x6864|[Physics::Module] Name: PhysX
2025-05-17T08:57:12.625Z|0x6864|[Physics::Module] Id: 0xf2b8ea05
2025-05-17T08:57:12.625Z|0x6864|[Physics::Module] SDK Version: 4.1.2
2025-05-17T08:57:12.625Z|0x6864|[Physics::Module] Integration Version: 1.0.0
2025-05-17T08:57:12.625Z|0x6864|[Physics::Module] Threading Mode: Multi-Threaded
2025-05-17T08:57:12.634Z|0x6864|Refreshing native plugins compatible for Editor in 2.88 ms, found 4 plugins.
2025-05-17T08:57:12.634Z|0x6864|Preloading 0 native plugins for Editor in 0.00 ms.
2025-05-17T08:57:12.634Z|0x6864|Initialize engine version: 6000.1.3f1 (f34db9734971)
2025-05-17T08:57:12.634Z|0x6864|[Subsystems] Discovering subsystems at path C:/Program Files/Unity/Hub/Editor/6000.1.3f1/Editor/Data/Resources/UnitySubsystems
2025-05-17T08:57:12.634Z|0x6864|[Subsystems] Discovering subsystems at path C:/Users/kirae/Documents/projects/unity/jrpg_2d/Assets
2025-05-17T08:57:12.634Z|0x6864|GfxDevice: creating device client; kGfxThreadingModeNonThreaded
2025-05-17T08:57:13.190Z|0x6864|Direct3D:
2025-05-17T08:57:13.190Z|0x6864|    Version:         Direct3D 12 [level 12.1]
2025-05-17T08:57:13.190Z|0x6864|    Renderer:        NVIDIA GeForce RTX 4080 SUPER (ID=0x2702)
2025-05-17T08:57:13.190Z|0x6864|    Vendor:          NVIDIA
2025-05-17T08:57:13.190Z|0x6864|    VRAM:            16047 MB
2025-05-17T08:57:13.190Z|0x6864|    App VRAM Budget: 15279 MB
2025-05-17T08:57:13.190Z|0x6864|    Driver:          32.0.15.7602
2025-05-17T08:57:13.269Z|0x6864|Initialize mono
2025-05-17T08:57:13.269Z|0x6864|Mono path[0] = 'C:/Program Files/Unity/Hub/Editor/6000.1.3f1/Editor/Data/Managed'
2025-05-17T08:57:13.269Z|0x6864|Mono path[1] = 'C:/Program Files/Unity/Hub/Editor/6000.1.3f1/Editor/Data/MonoBleedingEdge/lib/mono/unityjit-win32'
2025-05-17T08:57:13.269Z|0x6864|Mono config path = 'C:/Program Files/Unity/Hub/Editor/6000.1.3f1/Editor/Data/MonoBleedingEdge/etc'
2025-05-17T08:57:13.269Z|0x6864|Using monoOptions --debugger-agent=transport=dt_socket,embedding=1,server=y,suspend=n,address=127.0.0.1:56300
2025-05-17T08:57:13.302Z|0x6864|Begin MonoManager ReloadAssembly
2025-05-17T08:57:13.442Z|0x6864|Registering precompiled unity dll's ...
2025-05-17T08:57:13.443Z|0x6864|Register platform support module: C:/Program Files/Unity/Hub/Editor/6000.1.3f1/Editor/Data/PlaybackEngines/WindowsStandaloneSupport/UnityEditor.WindowsStandalone.Extensions.dll
2025-05-17T08:57:13.444Z|0x6864|Registered in 0.001180 seconds.
2025-05-17T08:57:13.565Z|0x6864|- Loaded All Assemblies, in  0.263 seconds
2025-05-17T08:57:13.620Z|0x6864|Native extension for WindowsStandalone target not found
2025-05-17T08:57:13.804Z|0x6864|Mono: successfully reloaded assembly
2025-05-17T08:57:13.814Z|0x6864|- Finished resetting the current domain, in  0.250 seconds
2025-05-17T08:57:13.815Z|0x6864|Domain Reload Profiling: 512ms
	BeginReloadAssembly (96ms)
		ExecutionOrderSort (0ms)
		DisableScriptedObjects (0ms)
		BackupInstance (0ms)
		ReleaseScriptingObjects (0ms)
		CreateAndSetChildDomain (1ms)
	RebuildCommonClasses (25ms)
	RebuildNativeTypeToScriptingClass (7ms)
	initialDomainReloadingComplete (32ms)
	LoadAllAssembliesAndSetupDomain (102ms)
		LoadAssemblies (94ms)
		RebuildTransferFunctionScriptingTraits (0ms)
		AnalyzeDomain (100ms)
			TypeCache.Refresh (99ms)
				TypeCache.ScanAssembly (90ms)
			BuildScriptInfoCaches (0ms)
			ResolveRequiredComponents (0ms)
	FinalizeReload (250ms)
		ReleaseScriptCaches (0ms)
		RebuildScriptCaches (0ms)
		SetupLoadedEditorAssemblies (220ms)
			LogAssemblyErrors (0ms)
			InitializePlatformSupportModulesInManaged (36ms)
			SetLoadedEditorAssemblies (3ms)
			BeforeProcessingInitializeOnLoad (47ms)
			ProcessInitializeOnLoadAttributes (95ms)
			ProcessInitializeOnLoadMethodAttributes (39ms)
			AfterProcessingInitializeOnLoad (0ms)
			EditorAssembliesLoaded (0ms)
		ExecutionOrderSort2 (0ms)
		AwakeInstancesAfterBackupRestoration (0ms)
2025-05-17T08:57:13.947Z|0x6864|========================================================================
2025-05-17T08:57:13.947Z|0x6864|Worker process is ready to serve import requests
2025-05-17T08:57:13.947Z|0x6864|Import Worker Mode flag is 0x00
2025-05-17T08:57:14.035Z|0x6864|Begin MonoManager ReloadAssembly
2025-05-17T08:57:14.599Z|0x6864|- Loaded All Assemblies, in  0.564 seconds
2025-05-17T08:57:14.777Z|0x6864|Refreshing native plugins compatible for Editor in 1.01 ms, found 4 plugins.
2025-05-17T08:57:14.866Z|0x6864|Native extension for WindowsStandalone target not found
2025-05-17T08:57:15.231Z|0x6864|Package Manager log level set to [2]
2025-05-17T08:57:15.231Z|0x6864|[Package Manager] Failed to launch server process. Reason: Unity was launched with the -noUpm command-line argument
2025-05-17T08:57:15.231Z|0x6864|[Package Manager] Unable to send message (not connected to server process).
2025-05-17T08:57:15.231Z|0x6864|[Package Manager] Cannot connect to Unity Package Manager local server
2025-05-17T08:57:15.322Z|0x6864|Mono: successfully reloaded assembly
2025-05-17T08:57:15.329Z|0x6864|- Finished resetting the current domain, in  0.550 seconds
2025-05-17T08:57:15.329Z|0x6864|Domain Reload Profiling: 1111ms
	BeginReloadAssembly (114ms)
		ExecutionOrderSort (0ms)
		DisableScriptedObjects (4ms)
		BackupInstance (0ms)
		ReleaseScriptingObjects (0ms)
		CreateAndSetChildDomain (22ms)
	RebuildCommonClasses (24ms)
	RebuildNativeTypeToScriptingClass (7ms)
	initialDomainReloadingComplete (25ms)
	LoadAllAssembliesAndSetupDomain (391ms)
		LoadAssemblies (264ms)
		RebuildTransferFunctionScriptingTraits (0ms)
		AnalyzeDomain (189ms)
			TypeCache.Refresh (142ms)
				TypeCache.ScanAssembly (126ms)
			BuildScriptInfoCaches (38ms)
			ResolveRequiredComponents (7ms)
	FinalizeReload (550ms)
		ReleaseScriptCaches (0ms)
		RebuildScriptCaches (0ms)
		SetupLoadedEditorAssemblies (453ms)
			LogAssemblyErrors (0ms)
			InitializePlatformSupportModulesInManaged (1ms)
			SetLoadedEditorAssemblies (2ms)
			BeforeProcessingInitializeOnLoad (91ms)
			ProcessInitializeOnLoadAttributes (282ms)
			ProcessInitializeOnLoadMethodAttributes (73ms)
			AfterProcessingInitializeOnLoad (3ms)
			EditorAssembliesLoaded (0ms)
		ExecutionOrderSort2 (0ms)
		AwakeInstancesAfterBackupRestoration (4ms)
2025-05-17T08:57:15.453Z|0x6864|Launched and connected shader compiler UnityShaderCompiler.exe after 0.02 seconds
2025-05-17T08:57:15.501Z|0x6864|Refreshing native plugins compatible for Editor in 0.83 ms, found 4 plugins.
2025-05-17T08:57:15.501Z|0x6864|Preloading 0 native plugins for Editor in 0.00 ms.
2025-05-17T08:57:15.502Z|0x8c6c|Unloading 217 Unused Serialized files (Serialized files now loaded: 0)
2025-05-17T08:57:15.509Z|0x6864|Unloading 6622 unused Assets / (5.3 MB). Loaded Objects now: 7289.
Memory consumption went from 179.0 MB to 173.7 MB.
2025-05-17T08:57:15.509Z|0x6864|Total: 6.232400 ms (FindLiveObjects: 0.470000 ms CreateObjectMapping: 0.277200 ms MarkObjects: 3.406900 ms  DeleteObjects: 2.076800 ms)

2025-05-17T08:57:15.509Z|0x6864|========================================================================
Received Import Request.
  Time since last request: 42851.245212 seconds.
  path: Assets/Kira/Tilesets/TinyRPG Forest/tileset-sliced_116.asset
  artifactKey: Guid(339cfc5242d1958469bf7d28a9e2b3ed) Importer(815301076,1909f56bfc062723c751e8b465ee728b)
2025-05-17T08:57:15.518Z|0x6864|Start importing Assets/Kira/Tilesets/TinyRPG Forest/tileset-sliced_116.asset using Guid(339cfc5242d1958469bf7d28a9e2b3ed) Importer(815301076,1909f56bfc062723c751e8b465ee728b) (PreviewImporter) -> (artifact id: 'e4a8d70ea1f7cd6f85509d0b26dfdec7') in 0.0726844 seconds
2025-05-17T08:57:15.611Z|0x6864|Number of updated asset objects reloaded before import = 0Number of asset objects unloaded after import = 3

2025-05-17T08:57:15.612Z|0x6864|========================================================================
Received Import Request.
  Time since last request: 0.000020 seconds.
  path: Assets/Kira/Tilesets/TinyRPG Forest/tileset-sliced_128.asset
  artifactKey: Guid(d11a50881c5dec44d8ea39382b6f0eb6) Importer(815301076,1909f56bfc062723c751e8b465ee728b)
2025-05-17T08:57:15.618Z|0x6864|Start importing Assets/Kira/Tilesets/TinyRPG Forest/tileset-sliced_128.asset using Guid(d11a50881c5dec44d8ea39382b6f0eb6) Importer(815301076,1909f56bfc062723c751e8b465ee728b) (PreviewImporter) -> (artifact id: '6be5e3c22cb23f6ab7c64f7cfde0e01e') in 0.0115798 seconds
2025-05-17T08:57:15.645Z|0x6864|Number of updated asset objects reloaded before import = 0Number of asset objects unloaded after import = 3

2025-05-17T08:57:15.645Z|0x6864|========================================================================
Received Import Request.
  Time since last request: 0.000015 seconds.
  path: Assets/Kira/Tilesets/TinyRPG Forest/tileset-sliced_120.asset
  artifactKey: Guid(b14eb29b8a1b3ff4ea49d304645ecb52) Importer(815301076,1909f56bfc062723c751e8b465ee728b)
2025-05-17T08:57:15.651Z|0x6864|Start importing Assets/Kira/Tilesets/TinyRPG Forest/tileset-sliced_120.asset using Guid(b14eb29b8a1b3ff4ea49d304645ecb52) Importer(815301076,1909f56bfc062723c751e8b465ee728b) (PreviewImporter) -> (artifact id: '3713c3cfa920d1eab4735a7dd897c3af') in 0.0094796 seconds
2025-05-17T08:57:15.677Z|0x6864|Number of updated asset objects reloaded before import = 0Number of asset objects unloaded after import = 3

2025-05-17T08:57:15.677Z|0x6864|========================================================================
Received Import Request.
  Time since last request: 0.000016 seconds.
  path: Assets/Kira/Tilesets/TinyRPG Forest/tileset-sliced_137.asset
  artifactKey: Guid(c1b3e2e0ec9213640a14d368bbd9424e) Importer(815301076,1909f56bfc062723c751e8b465ee728b)
2025-05-17T08:57:15.683Z|0x6864|Start importing Assets/Kira/Tilesets/TinyRPG Forest/tileset-sliced_137.asset using Guid(c1b3e2e0ec9213640a14d368bbd9424e) Importer(815301076,1909f56bfc062723c751e8b465ee728b) (PreviewImporter) -> (artifact id: 'dbfba78ed10318f0b1c8f8807b8073bb') in 0.0088004 seconds
2025-05-17T08:57:15.706Z|0x6864|Number of updated asset objects reloaded before import = 0Number of asset objects unloaded after import = 3

2025-05-17T08:57:15.707Z|0x6864|========================================================================
Received Import Request.
  Time since last request: 0.000021 seconds.
  path: Assets/Kira/Tilesets/TinyRPG Forest/tileset-sliced_132.asset
  artifactKey: Guid(154b0263949d4cd4d8e216ece9415682) Importer(815301076,1909f56bfc062723c751e8b465ee728b)
2025-05-17T08:57:15.712Z|0x6864|Start importing Assets/Kira/Tilesets/TinyRPG Forest/tileset-sliced_132.asset using Guid(154b0263949d4cd4d8e216ece9415682) Importer(815301076,1909f56bfc062723c751e8b465ee728b) (PreviewImporter) -> (artifact id: '600bab2588fbb614ede4de1884243682') in 0.0048412 seconds
2025-05-17T08:57:15.733Z|0x6864|Number of updated asset objects reloaded before import = 0Number of asset objects unloaded after import = 3

2025-05-17T08:58:23.972Z|0x7028|Editor requested this worker to shutdown with reason: Scaling down because of idle timeout
2025-05-17T08:58:24.127Z|0x6864|AssetImportWorker is now disconnected from the server
2025-05-17T08:58:24.127Z|0x6864|Process exiting
2025-05-17T08:58:24.127Z|0x6864|Exiting without the bug reporter. Application will terminate with return code 0