2025-05-17T09:01:50.356Z|0x7fdc|Using pre-set license
2025-05-17T09:01:50.356Z|0x7fdc|Built from '6000.1/staging' branch; Version is '6000.1.3f1 (f34db9734971) revision 15945145'; Using compiler version '194234433'; Build Type 'Release'
2025-05-17T09:01:50.356Z|0x7fdc|OS: 'Windows 11  (10.0.26100) 64bit Professional' Language: 'en' Physical Memory: 65276 MB
2025-05-17T09:01:50.356Z|0x7fdc|BatchMode: 1, IsHumanControllingUs: 0, StartBugReporterOnCrash: 0, Is64bit: 1, IsPro: 1
2025-05-17T09:01:50.356Z|0x7fdc|Date: 2025-05-17T09:01:50Z
2025-05-17T09:01:50.358Z|0x7fdc|
COMMAND LINE ARGUMENTS:
2025-05-17T09:01:50.359Z|0x7fdc|C:\Program Files\Unity\Hub\Editor\6000.1.3f1\Editor\Unity.exe
2025-05-17T09:01:50.359Z|0x7fdc|-adb2
2025-05-17T09:01:50.359Z|0x7fdc|-batchMode
2025-05-17T09:01:50.359Z|0x7fdc|-noUpm
2025-05-17T09:01:50.359Z|0x7fdc|-name
2025-05-17T09:01:50.359Z|0x7fdc|AssetImportWorker12
2025-05-17T09:01:50.359Z|0x7fdc|-projectPath
2025-05-17T09:01:50.359Z|0x7fdc|C:/Users/kirae/Documents/projects/unity/jrpg_2d
2025-05-17T09:01:50.359Z|0x7fdc|-logFile
2025-05-17T09:01:50.359Z|0x7fdc|Logs/AssetImportWorker12.log
2025-05-17T09:01:50.359Z|0x7fdc|-srvPort
2025-05-17T09:01:50.359Z|0x7fdc|49497
2025-05-17T09:01:50.359Z|0x7fdc|-job-worker-count
2025-05-17T09:01:50.359Z|0x7fdc|15
2025-05-17T09:01:50.359Z|0x7fdc|-background-job-worker-count
2025-05-17T09:01:50.359Z|0x7fdc|8
2025-05-17T09:01:50.359Z|0x7fdc|-gc-helper-count
2025-05-17T09:01:50.359Z|0x7fdc|1
2025-05-17T09:01:50.359Z|0x7fdc|-name
2025-05-17T09:01:50.359Z|0x7fdc|AssetImport
2025-05-17T09:01:50.359Z|0x7fdc|Successfully changed project path to: C:/Users/kirae/Documents/projects/unity/jrpg_2d
2025-05-17T09:01:50.359Z|0x7fdc|C:/Users/kirae/Documents/projects/unity/jrpg_2d
2025-05-17T09:01:50.359Z|0x7fdc|[UnityMemory] Configuration Parameters - Can be set up in boot.config
2025-05-17T09:01:50.359Z|0x7fdc|    "memorysetup-allocator-temp-initial-block-size-main=262144"
2025-05-17T09:01:50.359Z|0x7fdc|    "memorysetup-allocator-temp-initial-block-size-worker=262144"
2025-05-17T09:01:50.359Z|0x7fdc|    "memorysetup-bucket-allocator-granularity=16"
2025-05-17T09:01:50.359Z|0x7fdc|    "memorysetup-bucket-allocator-bucket-count=8"
2025-05-17T09:01:50.360Z|0x7fdc|    "memorysetup-bucket-allocator-block-size=33554432"
2025-05-17T09:01:50.360Z|0x7fdc|    "memorysetup-bucket-allocator-block-count=8"
2025-05-17T09:01:50.360Z|0x7fdc|    "memorysetup-main-allocator-block-size=16777216"
2025-05-17T09:01:50.360Z|0x7fdc|    "memorysetup-thread-allocator-block-size=16777216"
2025-05-17T09:01:50.360Z|0x7fdc|    "memorysetup-gfx-main-allocator-block-size=16777216"
2025-05-17T09:01:50.360Z|0x7fdc|    "memorysetup-gfx-thread-allocator-block-size=16777216"
2025-05-17T09:01:50.360Z|0x7fdc|    "memorysetup-cache-allocator-block-size=4194304"
2025-05-17T09:01:50.360Z|0x7fdc|    "memorysetup-typetree-allocator-block-size=2097152"
2025-05-17T09:01:50.360Z|0x7fdc|    "memorysetup-profiler-bucket-allocator-granularity=16"
2025-05-17T09:01:50.360Z|0x7fdc|    "memorysetup-profiler-bucket-allocator-bucket-count=8"
2025-05-17T09:01:50.360Z|0x7fdc|    "memorysetup-profiler-bucket-allocator-block-size=33554432"
2025-05-17T09:01:50.360Z|0x7fdc|    "memorysetup-profiler-bucket-allocator-block-count=8"
2025-05-17T09:01:50.360Z|0x7fdc|    "memorysetup-profiler-allocator-block-size=16777216"
2025-05-17T09:01:50.360Z|0x7fdc|    "memorysetup-profiler-editor-allocator-block-size=1048576"
2025-05-17T09:01:50.360Z|0x7fdc|    "memorysetup-temp-allocator-size-main=16777216"
2025-05-17T09:01:50.360Z|0x7fdc|    "memorysetup-job-temp-allocator-block-size=2097152"
2025-05-17T09:01:50.360Z|0x7fdc|    "memorysetup-job-temp-allocator-block-size-background=1048576"
2025-05-17T09:01:50.360Z|0x7fdc|    "memorysetup-job-temp-allocator-reduction-small-platforms=262144"
2025-05-17T09:01:50.360Z|0x7fdc|    "memorysetup-temp-allocator-size-background-worker=32768"
2025-05-17T09:01:50.360Z|0x7fdc|    "memorysetup-temp-allocator-size-job-worker=262144"
2025-05-17T09:01:50.360Z|0x7fdc|    "memorysetup-temp-allocator-size-preload-manager=33554432"
2025-05-17T09:01:50.360Z|0x7fdc|    "memorysetup-temp-allocator-size-nav-mesh-worker=65536"
2025-05-17T09:01:50.360Z|0x7fdc|    "memorysetup-temp-allocator-size-audio-worker=65536"
2025-05-17T09:01:50.360Z|0x7fdc|    "memorysetup-temp-allocator-size-cloud-worker=32768"
2025-05-17T09:01:50.360Z|0x7fdc|    "memorysetup-temp-allocator-size-gi-baking-worker=262144"
2025-05-17T09:01:50.360Z|0x7fdc|    "memorysetup-temp-allocator-size-gi-baking-worker=262144"
2025-05-17T09:01:50.360Z|0x7fdc|    "memorysetup-temp-allocator-size-gi-baking-worker=262144"
2025-05-17T09:01:50.360Z|0x7fdc|    "memorysetup-temp-allocator-size-gi-baking-worker=262144"
2025-05-17T09:01:50.360Z|0x7fdc|    "memorysetup-temp-allocator-size-gi-baking-worker=262144"
2025-05-17T09:01:50.360Z|0x7fdc|    "memorysetup-temp-allocator-size-gfx=262144"
2025-05-17T09:01:50.365Z|0x7fdc|Player connection [32732]  Target information:

2025-05-17T09:01:50.365Z|0x7fdc|Player connection [32732]  * "[IP] 192.168.1.158 [Port] 0 [Flags] 2 [Guid] 1484743337 [EditorId] 1484743337 [Version] 1048832 [Id] WindowsEditor(7,kira-rtx) [Debug] 1 [PackageName] WindowsEditor [ProjectName] Editor" 

2025-05-17T09:01:50.365Z|0x7fdc|Player connection [32732]  * "[IP] 172.22.48.1 [Port] 0 [Flags] 2 [Guid] 1484743337 [EditorId] 1484743337 [Version] 1048832 [Id] WindowsEditor(7,kira-rtx) [Debug] 1 [PackageName] WindowsEditor [ProjectName] Editor" 

2025-05-17T09:01:50.365Z|0x7fdc|Player connection [32732]  * "[IP] 192.168.56.1 [Port] 0 [Flags] 2 [Guid] 1484743337 [EditorId] 1484743337 [Version] 1048832 [Id] WindowsEditor(7,kira-rtx) [Debug] 1 [PackageName] WindowsEditor [ProjectName] Editor" 

2025-05-17T09:01:50.366Z|0x7fdc|Player connection [32732] Host joined multi-casting on [225.0.0.222:54997]...
2025-05-17T09:01:50.366Z|0x7fdc|Player connection [32732] Host joined alternative multi-casting on [225.0.0.222:34997]...
2025-05-17T09:01:50.366Z|0x7fdc|JobSystem: Creating JobQueue using job-worker-count value 15
2025-05-17T09:01:50.370Z|0x7fdc|Input System module state changed to: Initialized.
2025-05-17T09:01:50.371Z|0x7fdc|[Physics::Module] Initialized fallback backend.
2025-05-17T09:01:50.371Z|0x7fdc|[Physics::Module] Id: 0xdecafbad
2025-05-17T09:01:50.404Z|0x7fdc|Library Redirect Path: Library/
2025-05-17T09:01:50.445Z|0x7fdc|[Physics::Module] Selected backend.
2025-05-17T09:01:50.445Z|0x7fdc|[Physics::Module] Name: PhysX
2025-05-17T09:01:50.445Z|0x7fdc|[Physics::Module] Id: 0xf2b8ea05
2025-05-17T09:01:50.445Z|0x7fdc|[Physics::Module] SDK Version: 4.1.2
2025-05-17T09:01:50.446Z|0x7fdc|[Physics::Module] Integration Version: 1.0.0
2025-05-17T09:01:50.446Z|0x7fdc|[Physics::Module] Threading Mode: Multi-Threaded
2025-05-17T09:01:50.453Z|0x7fdc|Refreshing native plugins compatible for Editor in 2.24 ms, found 4 plugins.
2025-05-17T09:01:50.453Z|0x7fdc|Preloading 0 native plugins for Editor in 0.00 ms.
2025-05-17T09:01:50.453Z|0x7fdc|Initialize engine version: 6000.1.3f1 (f34db9734971)
2025-05-17T09:01:50.453Z|0x7fdc|[Subsystems] Discovering subsystems at path C:/Program Files/Unity/Hub/Editor/6000.1.3f1/Editor/Data/Resources/UnitySubsystems
2025-05-17T09:01:50.453Z|0x7fdc|[Subsystems] Discovering subsystems at path C:/Users/kirae/Documents/projects/unity/jrpg_2d/Assets
2025-05-17T09:01:50.453Z|0x7fdc|GfxDevice: creating device client; kGfxThreadingModeNonThreaded
2025-05-17T09:01:50.963Z|0x7fdc|Direct3D:
2025-05-17T09:01:50.963Z|0x7fdc|    Version:         Direct3D 12 [level 12.1]
2025-05-17T09:01:50.963Z|0x7fdc|    Renderer:        NVIDIA GeForce RTX 4080 SUPER (ID=0x2702)
2025-05-17T09:01:50.963Z|0x7fdc|    Vendor:          NVIDIA
2025-05-17T09:01:50.963Z|0x7fdc|    VRAM:            16047 MB
2025-05-17T09:01:50.963Z|0x7fdc|    App VRAM Budget: 15279 MB
2025-05-17T09:01:50.963Z|0x7fdc|    Driver:          32.0.15.7602
2025-05-17T09:01:51.029Z|0x7fdc|Initialize mono
2025-05-17T09:01:51.029Z|0x7fdc|Mono path[0] = 'C:/Program Files/Unity/Hub/Editor/6000.1.3f1/Editor/Data/Managed'
2025-05-17T09:01:51.029Z|0x7fdc|Mono path[1] = 'C:/Program Files/Unity/Hub/Editor/6000.1.3f1/Editor/Data/MonoBleedingEdge/lib/mono/unityjit-win32'
2025-05-17T09:01:51.029Z|0x7fdc|Mono config path = 'C:/Program Files/Unity/Hub/Editor/6000.1.3f1/Editor/Data/MonoBleedingEdge/etc'
2025-05-17T09:01:51.029Z|0x7fdc|Using monoOptions --debugger-agent=transport=dt_socket,embedding=1,server=y,suspend=n,address=127.0.0.1:56488
2025-05-17T09:01:51.063Z|0x7fdc|Begin MonoManager ReloadAssembly
2025-05-17T09:01:51.196Z|0x7fdc|Registering precompiled unity dll's ...
2025-05-17T09:01:51.197Z|0x7fdc|Register platform support module: C:/Program Files/Unity/Hub/Editor/6000.1.3f1/Editor/Data/PlaybackEngines/WindowsStandaloneSupport/UnityEditor.WindowsStandalone.Extensions.dll
2025-05-17T09:01:51.197Z|0x7fdc|Registered in 0.000960 seconds.
2025-05-17T09:01:51.326Z|0x7fdc|- Loaded All Assemblies, in  0.262 seconds
2025-05-17T09:01:51.384Z|0x7fdc|Native extension for WindowsStandalone target not found
2025-05-17T09:01:51.569Z|0x7fdc|Mono: successfully reloaded assembly
2025-05-17T09:01:51.580Z|0x7fdc|- Finished resetting the current domain, in  0.254 seconds
2025-05-17T09:01:51.580Z|0x7fdc|Domain Reload Profiling: 515ms
	BeginReloadAssembly (87ms)
		ExecutionOrderSort (0ms)
		DisableScriptedObjects (0ms)
		BackupInstance (0ms)
		ReleaseScriptingObjects (0ms)
		CreateAndSetChildDomain (0ms)
	RebuildCommonClasses (23ms)
	RebuildNativeTypeToScriptingClass (7ms)
	initialDomainReloadingComplete (40ms)
	LoadAllAssembliesAndSetupDomain (103ms)
		LoadAssemblies (85ms)
		RebuildTransferFunctionScriptingTraits (0ms)
		AnalyzeDomain (101ms)
			TypeCache.Refresh (100ms)
				TypeCache.ScanAssembly (91ms)
			BuildScriptInfoCaches (0ms)
			ResolveRequiredComponents (0ms)
	FinalizeReload (254ms)
		ReleaseScriptCaches (0ms)
		RebuildScriptCaches (0ms)
		SetupLoadedEditorAssemblies (220ms)
			LogAssemblyErrors (0ms)
			InitializePlatformSupportModulesInManaged (35ms)
			SetLoadedEditorAssemblies (3ms)
			BeforeProcessingInitializeOnLoad (43ms)
			ProcessInitializeOnLoadAttributes (92ms)
			ProcessInitializeOnLoadMethodAttributes (47ms)
			AfterProcessingInitializeOnLoad (0ms)
			EditorAssembliesLoaded (0ms)
		ExecutionOrderSort2 (0ms)
		AwakeInstancesAfterBackupRestoration (0ms)
2025-05-17T09:01:51.696Z|0x7fdc|========================================================================
2025-05-17T09:01:51.696Z|0x7fdc|Worker process is ready to serve import requests
2025-05-17T09:01:51.696Z|0x7fdc|Import Worker Mode flag is 0x00
2025-05-17T09:01:51.783Z|0x7fdc|Begin MonoManager ReloadAssembly
2025-05-17T09:01:52.315Z|0x7fdc|- Loaded All Assemblies, in  0.532 seconds
2025-05-17T09:01:52.486Z|0x7fdc|Refreshing native plugins compatible for Editor in 1.63 ms, found 4 plugins.
2025-05-17T09:01:52.588Z|0x7fdc|Native extension for WindowsStandalone target not found
2025-05-17T09:01:52.940Z|0x7fdc|Package Manager log level set to [2]
2025-05-17T09:01:52.940Z|0x7fdc|[Package Manager] Failed to launch server process. Reason: Unity was launched with the -noUpm command-line argument
2025-05-17T09:01:52.940Z|0x7fdc|[Package Manager] Unable to send message (not connected to server process).
2025-05-17T09:01:52.940Z|0x7fdc|[Package Manager] Cannot connect to Unity Package Manager local server
2025-05-17T09:01:53.033Z|0x7fdc|Mono: successfully reloaded assembly
2025-05-17T09:01:53.038Z|0x7fdc|- Finished resetting the current domain, in  0.550 seconds
2025-05-17T09:01:53.038Z|0x7fdc|Domain Reload Profiling: 1080ms
	BeginReloadAssembly (117ms)
		ExecutionOrderSort (0ms)
		DisableScriptedObjects (4ms)
		BackupInstance (0ms)
		ReleaseScriptingObjects (0ms)
		CreateAndSetChildDomain (21ms)
	RebuildCommonClasses (23ms)
	RebuildNativeTypeToScriptingClass (7ms)
	initialDomainReloadingComplete (25ms)
	LoadAllAssembliesAndSetupDomain (357ms)
		LoadAssemblies (240ms)
		RebuildTransferFunctionScriptingTraits (0ms)
		AnalyzeDomain (180ms)
			TypeCache.Refresh (133ms)
				TypeCache.ScanAssembly (120ms)
			BuildScriptInfoCaches (38ms)
			ResolveRequiredComponents (7ms)
	FinalizeReload (550ms)
		ReleaseScriptCaches (0ms)
		RebuildScriptCaches (0ms)
		SetupLoadedEditorAssemblies (442ms)
			LogAssemblyErrors (0ms)
			InitializePlatformSupportModulesInManaged (1ms)
			SetLoadedEditorAssemblies (2ms)
			BeforeProcessingInitializeOnLoad (90ms)
			ProcessInitializeOnLoadAttributes (270ms)
			ProcessInitializeOnLoadMethodAttributes (74ms)
			AfterProcessingInitializeOnLoad (4ms)
			EditorAssembliesLoaded (0ms)
		ExecutionOrderSort2 (0ms)
		AwakeInstancesAfterBackupRestoration (4ms)
2025-05-17T09:01:53.171Z|0x7fdc|Launched and connected shader compiler UnityShaderCompiler.exe after 0.03 seconds
2025-05-17T09:01:53.215Z|0x7fdc|Refreshing native plugins compatible for Editor in 0.87 ms, found 4 plugins.
2025-05-17T09:01:53.215Z|0x7fdc|Preloading 0 native plugins for Editor in 0.00 ms.
2025-05-17T09:01:53.217Z|0x58e0|Unloading 217 Unused Serialized files (Serialized files now loaded: 0)
2025-05-17T09:01:53.223Z|0x7fdc|Unloading 6622 unused Assets / (7.1 MB). Loaded Objects now: 7289.
Memory consumption went from 179.0 MB to 171.9 MB.
2025-05-17T09:01:53.223Z|0x7fdc|Total: 6.891600 ms (FindLiveObjects: 0.512800 ms CreateObjectMapping: 0.418500 ms MarkObjects: 3.389700 ms  DeleteObjects: 2.569600 ms)

2025-05-17T09:03:00.908Z|0x3e38|Editor requested this worker to shutdown with reason: Scaling down because of idle timeout
2025-05-17T09:03:00.927Z|0x7fdc|AssetImportWorker is now disconnected from the server
2025-05-17T09:03:00.927Z|0x7fdc|Process exiting
2025-05-17T09:03:00.927Z|0x7fdc|Exiting without the bug reporter. Application will terminate with return code 0