2025-05-17T08:55:06.298Z|0x2b20|Using pre-set license
2025-05-17T08:55:06.298Z|0x2b20|Built from '6000.1/staging' branch; Version is '6000.1.3f1 (f34db9734971) revision 15945145'; Using compiler version '194234433'; Build Type 'Release'
2025-05-17T08:55:06.298Z|0x2b20|OS: 'Windows 11  (10.0.26100) 64bit Professional' Language: 'en' Physical Memory: 65276 MB
2025-05-17T08:55:06.298Z|0x2b20|BatchMode: 1, IsHumanControllingUs: 0, StartBugReporterOnCrash: 0, Is64bit: 1, IsPro: 1
2025-05-17T08:55:06.298Z|0x2b20|Date: 2025-05-17T08:55:06Z
2025-05-17T08:55:06.300Z|0x2b20|
COMMAND LINE ARGUMENTS:
2025-05-17T08:55:06.300Z|0x2b20|C:\Program Files\Unity\Hub\Editor\6000.1.3f1\Editor\Unity.exe
2025-05-17T08:55:06.300Z|0x2b20|-adb2
2025-05-17T08:55:06.300Z|0x2b20|-batchMode
2025-05-17T08:55:06.300Z|0x2b20|-noUpm
2025-05-17T08:55:06.300Z|0x2b20|-name
2025-05-17T08:55:06.300Z|0x2b20|AssetImportWorker3
2025-05-17T08:55:06.300Z|0x2b20|-projectPath
2025-05-17T08:55:06.300Z|0x2b20|C:/Users/kirae/Documents/projects/unity/jrpg_2d
2025-05-17T08:55:06.300Z|0x2b20|-logFile
2025-05-17T08:55:06.300Z|0x2b20|Logs/AssetImportWorker3.log
2025-05-17T08:55:06.300Z|0x2b20|-srvPort
2025-05-17T08:55:06.300Z|0x2b20|49497
2025-05-17T08:55:06.300Z|0x2b20|-job-worker-count
2025-05-17T08:55:06.300Z|0x2b20|15
2025-05-17T08:55:06.300Z|0x2b20|-background-job-worker-count
2025-05-17T08:55:06.300Z|0x2b20|8
2025-05-17T08:55:06.300Z|0x2b20|-gc-helper-count
2025-05-17T08:55:06.300Z|0x2b20|1
2025-05-17T08:55:06.300Z|0x2b20|-name
2025-05-17T08:55:06.300Z|0x2b20|AssetImport
2025-05-17T08:55:06.300Z|0x2b20|Successfully changed project path to: C:/Users/kirae/Documents/projects/unity/jrpg_2d
2025-05-17T08:55:06.301Z|0x2b20|C:/Users/kirae/Documents/projects/unity/jrpg_2d
2025-05-17T08:55:06.301Z|0x2b20|[UnityMemory] Configuration Parameters - Can be set up in boot.config
2025-05-17T08:55:06.301Z|0x2b20|    "memorysetup-allocator-temp-initial-block-size-main=262144"
2025-05-17T08:55:06.301Z|0x2b20|    "memorysetup-allocator-temp-initial-block-size-worker=262144"
2025-05-17T08:55:06.301Z|0x2b20|    "memorysetup-bucket-allocator-granularity=16"
2025-05-17T08:55:06.301Z|0x2b20|    "memorysetup-bucket-allocator-bucket-count=8"
2025-05-17T08:55:06.301Z|0x2b20|    "memorysetup-bucket-allocator-block-size=33554432"
2025-05-17T08:55:06.301Z|0x2b20|    "memorysetup-bucket-allocator-block-count=8"
2025-05-17T08:55:06.301Z|0x2b20|    "memorysetup-main-allocator-block-size=16777216"
2025-05-17T08:55:06.301Z|0x2b20|    "memorysetup-thread-allocator-block-size=16777216"
2025-05-17T08:55:06.301Z|0x2b20|    "memorysetup-gfx-main-allocator-block-size=16777216"
2025-05-17T08:55:06.301Z|0x2b20|    "memorysetup-gfx-thread-allocator-block-size=16777216"
2025-05-17T08:55:06.301Z|0x2b20|    "memorysetup-cache-allocator-block-size=4194304"
2025-05-17T08:55:06.301Z|0x2b20|    "memorysetup-typetree-allocator-block-size=2097152"
2025-05-17T08:55:06.301Z|0x2b20|    "memorysetup-profiler-bucket-allocator-granularity=16"
2025-05-17T08:55:06.301Z|0x2b20|    "memorysetup-profiler-bucket-allocator-bucket-count=8"
2025-05-17T08:55:06.301Z|0x2b20|    "memorysetup-profiler-bucket-allocator-block-size=33554432"
2025-05-17T08:55:06.301Z|0x2b20|    "memorysetup-profiler-bucket-allocator-block-count=8"
2025-05-17T08:55:06.301Z|0x2b20|    "memorysetup-profiler-allocator-block-size=16777216"
2025-05-17T08:55:06.301Z|0x2b20|    "memorysetup-profiler-editor-allocator-block-size=1048576"
2025-05-17T08:55:06.301Z|0x2b20|    "memorysetup-temp-allocator-size-main=16777216"
2025-05-17T08:55:06.301Z|0x2b20|    "memorysetup-job-temp-allocator-block-size=2097152"
2025-05-17T08:55:06.301Z|0x2b20|    "memorysetup-job-temp-allocator-block-size-background=1048576"
2025-05-17T08:55:06.301Z|0x2b20|    "memorysetup-job-temp-allocator-reduction-small-platforms=262144"
2025-05-17T08:55:06.301Z|0x2b20|    "memorysetup-temp-allocator-size-background-worker=32768"
2025-05-17T08:55:06.301Z|0x2b20|    "memorysetup-temp-allocator-size-job-worker=262144"
2025-05-17T08:55:06.301Z|0x2b20|    "memorysetup-temp-allocator-size-preload-manager=33554432"
2025-05-17T08:55:06.301Z|0x2b20|    "memorysetup-temp-allocator-size-nav-mesh-worker=65536"
2025-05-17T08:55:06.301Z|0x2b20|    "memorysetup-temp-allocator-size-audio-worker=65536"
2025-05-17T08:55:06.301Z|0x2b20|    "memorysetup-temp-allocator-size-cloud-worker=32768"
2025-05-17T08:55:06.301Z|0x2b20|    "memorysetup-temp-allocator-size-gi-baking-worker=262144"
2025-05-17T08:55:06.301Z|0x2b20|    "memorysetup-temp-allocator-size-gi-baking-worker=262144"
2025-05-17T08:55:06.301Z|0x2b20|    "memorysetup-temp-allocator-size-gi-baking-worker=262144"
2025-05-17T08:55:06.301Z|0x2b20|    "memorysetup-temp-allocator-size-gi-baking-worker=262144"
2025-05-17T08:55:06.301Z|0x2b20|    "memorysetup-temp-allocator-size-gi-baking-worker=262144"
2025-05-17T08:55:06.301Z|0x2b20|    "memorysetup-temp-allocator-size-gfx=262144"
2025-05-17T08:55:06.307Z|0x2b20|Player connection [11040]  Target information:

2025-05-17T08:55:06.307Z|0x2b20|Player connection [11040]  * "[IP] 192.168.1.158 [Port] 0 [Flags] 2 [Guid] 179271449 [EditorId] 179271449 [Version] 1048832 [Id] WindowsEditor(7,kira-rtx) [Debug] 1 [PackageName] WindowsEditor [ProjectName] Editor" 

2025-05-17T08:55:06.307Z|0x2b20|Player connection [11040]  * "[IP] 172.22.48.1 [Port] 0 [Flags] 2 [Guid] 179271449 [EditorId] 179271449 [Version] 1048832 [Id] WindowsEditor(7,kira-rtx) [Debug] 1 [PackageName] WindowsEditor [ProjectName] Editor" 

2025-05-17T08:55:06.307Z|0x2b20|Player connection [11040]  * "[IP] 192.168.56.1 [Port] 0 [Flags] 2 [Guid] 179271449 [EditorId] 179271449 [Version] 1048832 [Id] WindowsEditor(7,kira-rtx) [Debug] 1 [PackageName] WindowsEditor [ProjectName] Editor" 

2025-05-17T08:55:06.308Z|0x2b20|Player connection [11040] Host joined multi-casting on [225.0.0.222:54997]...
2025-05-17T08:55:06.309Z|0x2b20|Player connection [11040] Host joined alternative multi-casting on [225.0.0.222:34997]...
2025-05-17T08:55:06.309Z|0x2b20|JobSystem: Creating JobQueue using job-worker-count value 15
2025-05-17T08:55:06.313Z|0x2b20|Input System module state changed to: Initialized.
2025-05-17T08:55:06.314Z|0x2b20|[Physics::Module] Initialized fallback backend.
2025-05-17T08:55:06.314Z|0x2b20|[Physics::Module] Id: 0xdecafbad
2025-05-17T08:55:06.340Z|0x2b20|Library Redirect Path: Library/
2025-05-17T08:55:06.368Z|0x2b20|[Physics::Module] Selected backend.
2025-05-17T08:55:06.368Z|0x2b20|[Physics::Module] Name: PhysX
2025-05-17T08:55:06.368Z|0x2b20|[Physics::Module] Id: 0xf2b8ea05
2025-05-17T08:55:06.368Z|0x2b20|[Physics::Module] SDK Version: 4.1.2
2025-05-17T08:55:06.368Z|0x2b20|[Physics::Module] Integration Version: 1.0.0
2025-05-17T08:55:06.368Z|0x2b20|[Physics::Module] Threading Mode: Multi-Threaded
2025-05-17T08:55:06.375Z|0x2b20|Refreshing native plugins compatible for Editor in 2.22 ms, found 4 plugins.
2025-05-17T08:55:06.375Z|0x2b20|Preloading 0 native plugins for Editor in 0.00 ms.
2025-05-17T08:55:06.375Z|0x2b20|Initialize engine version: 6000.1.3f1 (f34db9734971)
2025-05-17T08:55:06.375Z|0x2b20|[Subsystems] Discovering subsystems at path C:/Program Files/Unity/Hub/Editor/6000.1.3f1/Editor/Data/Resources/UnitySubsystems
2025-05-17T08:55:06.375Z|0x2b20|[Subsystems] Discovering subsystems at path C:/Users/kirae/Documents/projects/unity/jrpg_2d/Assets
2025-05-17T08:55:06.375Z|0x2b20|GfxDevice: creating device client; kGfxThreadingModeNonThreaded
2025-05-17T08:55:06.683Z|0x2b20|Direct3D:
2025-05-17T08:55:06.683Z|0x2b20|    Version:         Direct3D 12 [level 12.1]
2025-05-17T08:55:06.683Z|0x2b20|    Renderer:        NVIDIA GeForce RTX 4080 SUPER (ID=0x2702)
2025-05-17T08:55:06.683Z|0x2b20|    Vendor:          NVIDIA
2025-05-17T08:55:06.683Z|0x2b20|    VRAM:            16047 MB
2025-05-17T08:55:06.683Z|0x2b20|    App VRAM Budget: 15279 MB
2025-05-17T08:55:06.683Z|0x2b20|    Driver:          32.0.15.7602
2025-05-17T08:55:06.738Z|0x2b20|Initialize mono
2025-05-17T08:55:06.738Z|0x2b20|Mono path[0] = 'C:/Program Files/Unity/Hub/Editor/6000.1.3f1/Editor/Data/Managed'
2025-05-17T08:55:06.738Z|0x2b20|Mono path[1] = 'C:/Program Files/Unity/Hub/Editor/6000.1.3f1/Editor/Data/MonoBleedingEdge/lib/mono/unityjit-win32'
2025-05-17T08:55:06.739Z|0x2b20|Mono config path = 'C:/Program Files/Unity/Hub/Editor/6000.1.3f1/Editor/Data/MonoBleedingEdge/etc'
2025-05-17T08:55:06.739Z|0x2b20|Using monoOptions --debugger-agent=transport=dt_socket,embedding=1,server=y,suspend=n,address=127.0.0.1:56296
2025-05-17T08:55:06.767Z|0x2b20|Begin MonoManager ReloadAssembly
2025-05-17T08:55:06.881Z|0x2b20|Registering precompiled unity dll's ...
2025-05-17T08:55:06.881Z|0x2b20|Register platform support module: C:/Program Files/Unity/Hub/Editor/6000.1.3f1/Editor/Data/PlaybackEngines/WindowsStandaloneSupport/UnityEditor.WindowsStandalone.Extensions.dll
2025-05-17T08:55:06.882Z|0x2b20|Registered in 0.000897 seconds.
2025-05-17T08:55:06.990Z|0x2b20|- Loaded All Assemblies, in  0.223 seconds
2025-05-17T08:55:07.039Z|0x2b20|Native extension for WindowsStandalone target not found
2025-05-17T08:55:07.190Z|0x2b20|Mono: successfully reloaded assembly
2025-05-17T08:55:07.199Z|0x2b20|- Finished resetting the current domain, in  0.210 seconds
2025-05-17T08:55:07.200Z|0x2b20|Domain Reload Profiling: 432ms
	BeginReloadAssembly (73ms)
		ExecutionOrderSort (0ms)
		DisableScriptedObjects (0ms)
		BackupInstance (0ms)
		ReleaseScriptingObjects (0ms)
		CreateAndSetChildDomain (0ms)
	RebuildCommonClasses (22ms)
	RebuildNativeTypeToScriptingClass (7ms)
	initialDomainReloadingComplete (28ms)
	LoadAllAssembliesAndSetupDomain (91ms)
		LoadAssemblies (72ms)
		RebuildTransferFunctionScriptingTraits (0ms)
		AnalyzeDomain (90ms)
			TypeCache.Refresh (88ms)
				TypeCache.ScanAssembly (80ms)
			BuildScriptInfoCaches (0ms)
			ResolveRequiredComponents (0ms)
	FinalizeReload (210ms)
		ReleaseScriptCaches (0ms)
		RebuildScriptCaches (0ms)
		SetupLoadedEditorAssemblies (182ms)
			LogAssemblyErrors (0ms)
			InitializePlatformSupportModulesInManaged (32ms)
			SetLoadedEditorAssemblies (2ms)
			BeforeProcessingInitializeOnLoad (37ms)
			ProcessInitializeOnLoadAttributes (78ms)
			ProcessInitializeOnLoadMethodAttributes (34ms)
			AfterProcessingInitializeOnLoad (0ms)
			EditorAssembliesLoaded (0ms)
		ExecutionOrderSort2 (0ms)
		AwakeInstancesAfterBackupRestoration (0ms)
2025-05-17T08:55:07.305Z|0x2b20|========================================================================
2025-05-17T08:55:07.305Z|0x2b20|Worker process is ready to serve import requests
2025-05-17T08:55:07.305Z|0x2b20|Import Worker Mode flag is 0x00
2025-05-17T08:55:07.387Z|0x2b20|Begin MonoManager ReloadAssembly
2025-05-17T08:55:07.858Z|0x2b20|- Loaded All Assemblies, in  0.471 seconds
2025-05-17T08:55:08.006Z|0x2b20|Refreshing native plugins compatible for Editor in 0.71 ms, found 4 plugins.
2025-05-17T08:55:08.078Z|0x2b20|Native extension for WindowsStandalone target not found
2025-05-17T08:55:08.372Z|0x2b20|Package Manager log level set to [2]
2025-05-17T08:55:08.372Z|0x2b20|[Package Manager] Failed to launch server process. Reason: Unity was launched with the -noUpm command-line argument
2025-05-17T08:55:08.372Z|0x2b20|[Package Manager] Unable to send message (not connected to server process).
2025-05-17T08:55:08.372Z|0x2b20|[Package Manager] Cannot connect to Unity Package Manager local server
2025-05-17T08:55:08.456Z|0x2b20|Mono: successfully reloaded assembly
2025-05-17T08:55:08.462Z|0x2b20|- Finished resetting the current domain, in  0.455 seconds
2025-05-17T08:55:08.463Z|0x2b20|Domain Reload Profiling: 924ms
	BeginReloadAssembly (103ms)
		ExecutionOrderSort (0ms)
		DisableScriptedObjects (4ms)
		BackupInstance (0ms)
		ReleaseScriptingObjects (0ms)
		CreateAndSetChildDomain (18ms)
	RebuildCommonClasses (22ms)
	RebuildNativeTypeToScriptingClass (7ms)
	initialDomainReloadingComplete (23ms)
	LoadAllAssembliesAndSetupDomain (314ms)
		LoadAssemblies (209ms)
		RebuildTransferFunctionScriptingTraits (0ms)
		AnalyzeDomain (161ms)
			TypeCache.Refresh (117ms)
				TypeCache.ScanAssembly (106ms)
			BuildScriptInfoCaches (35ms)
			ResolveRequiredComponents (7ms)
	FinalizeReload (455ms)
		ReleaseScriptCaches (0ms)
		RebuildScriptCaches (0ms)
		SetupLoadedEditorAssemblies (375ms)
			LogAssemblyErrors (0ms)
			InitializePlatformSupportModulesInManaged (1ms)
			SetLoadedEditorAssemblies (2ms)
			BeforeProcessingInitializeOnLoad (72ms)
			ProcessInitializeOnLoadAttributes (230ms)
			ProcessInitializeOnLoadMethodAttributes (67ms)
			AfterProcessingInitializeOnLoad (3ms)
			EditorAssembliesLoaded (0ms)
		ExecutionOrderSort2 (0ms)
		AwakeInstancesAfterBackupRestoration (4ms)
2025-05-17T08:55:08.572Z|0x2b20|Launched and connected shader compiler UnityShaderCompiler.exe after 0.01 seconds
2025-05-17T08:55:08.610Z|0x2b20|Refreshing native plugins compatible for Editor in 0.89 ms, found 4 plugins.
2025-05-17T08:55:08.610Z|0x2b20|Preloading 0 native plugins for Editor in 0.00 ms.
2025-05-17T08:55:08.613Z|0x24c0|Unloading 217 Unused Serialized files (Serialized files now loaded: 0)
2025-05-17T08:55:08.619Z|0x2b20|Unloading 6622 unused Assets / (6.3 MB). Loaded Objects now: 7289.
Memory consumption went from 175.1 MB to 168.9 MB.
2025-05-17T08:55:08.619Z|0x2b20|Total: 5.523900 ms (FindLiveObjects: 0.411400 ms CreateObjectMapping: 0.241900 ms MarkObjects: 3.058200 ms  DeleteObjects: 1.811700 ms)

2025-05-17T08:57:12.379Z|0x2b20|========================================================================
Received Import Request.
  Time since last request: 42848.116041 seconds.
  path: Assets/Kira/Tilesets/TinyRPG Forest/tileset-sliced_0.asset
  artifactKey: Guid(13da22a69b8be9a4babe72a6333c121d) Importer(815301076,1909f56bfc062723c751e8b465ee728b)
2025-05-17T08:57:12.390Z|0x2b20|Start importing Assets/Kira/Tilesets/TinyRPG Forest/tileset-sliced_0.asset using Guid(13da22a69b8be9a4babe72a6333c121d) Importer(815301076,1909f56bfc062723c751e8b465ee728b) (PreviewImporter) -> (artifact id: '4cc581da353ab09534a6703112d930f7') in 0.0773257 seconds
2025-05-17T08:57:12.483Z|0x2b20|Number of updated asset objects reloaded before import = 0Number of asset objects unloaded after import = 3

2025-05-17T08:57:12.483Z|0x2b20|========================================================================
Received Import Request.
  Time since last request: 0.000020 seconds.
  path: Assets/Kira/Tilesets/TinyRPG Forest/tileset-sliced_33.asset
  artifactKey: Guid(3f0521f167e21914ca6ed3de964b1764) Importer(815301076,1909f56bfc062723c751e8b465ee728b)
2025-05-17T08:57:12.490Z|0x2b20|Start importing Assets/Kira/Tilesets/TinyRPG Forest/tileset-sliced_33.asset using Guid(3f0521f167e21914ca6ed3de964b1764) Importer(815301076,1909f56bfc062723c751e8b465ee728b) (PreviewImporter) -> (artifact id: 'fa3440fa9e708414a3b8625b766abf86') in 0.0112053 seconds
2025-05-17T08:57:12.515Z|0x2b20|Number of updated asset objects reloaded before import = 0Number of asset objects unloaded after import = 3

2025-05-17T08:57:12.515Z|0x2b20|========================================================================
Received Import Request.
  Time since last request: 0.000040 seconds.
  path: Assets/Kira/Tilesets/TinyRPG Forest/tileset-sliced_21.asset
  artifactKey: Guid(c4f80c004ee869644a340045f921fd72) Importer(815301076,1909f56bfc062723c751e8b465ee728b)
2025-05-17T08:57:12.521Z|0x2b20|Start importing Assets/Kira/Tilesets/TinyRPG Forest/tileset-sliced_21.asset using Guid(c4f80c004ee869644a340045f921fd72) Importer(815301076,1909f56bfc062723c751e8b465ee728b) (PreviewImporter) -> (artifact id: 'ec26c3225643ab6a37337392103a9ce0') in 0.0098774 seconds
2025-05-17T08:57:12.545Z|0x2b20|Number of updated asset objects reloaded before import = 0Number of asset objects unloaded after import = 3

2025-05-17T08:57:12.545Z|0x2b20|========================================================================
Received Import Request.
  Time since last request: 0.000016 seconds.
  path: Assets/Kira/Tilesets/TinyRPG Forest/tileset-sliced_22.asset
  artifactKey: Guid(b6f16bb82ba21504f931b1d1fdf60ddb) Importer(815301076,1909f56bfc062723c751e8b465ee728b)
2025-05-17T08:57:12.551Z|0x2b20|Start importing Assets/Kira/Tilesets/TinyRPG Forest/tileset-sliced_22.asset using Guid(b6f16bb82ba21504f931b1d1fdf60ddb) Importer(815301076,1909f56bfc062723c751e8b465ee728b) (PreviewImporter) -> (artifact id: '0847798b1ff132ba3969409844971890') in 0.0088105 seconds
2025-05-17T08:57:12.573Z|0x2b20|Number of updated asset objects reloaded before import = 0Number of asset objects unloaded after import = 3

2025-05-17T08:57:12.573Z|0x2b20|========================================================================
Received Import Request.
  Time since last request: 0.000026 seconds.
  path: Assets/Kira/Tilesets/TinyRPG Forest/tileset-sliced_31.asset
  artifactKey: Guid(94ab82a1c80ab294d8f89732b73fa1a3) Importer(815301076,1909f56bfc062723c751e8b465ee728b)
2025-05-17T08:57:12.579Z|0x2b20|Start importing Assets/Kira/Tilesets/TinyRPG Forest/tileset-sliced_31.asset using Guid(94ab82a1c80ab294d8f89732b73fa1a3) Importer(815301076,1909f56bfc062723c751e8b465ee728b) (PreviewImporter) -> (artifact id: 'dadcf25f427081be26eda3ec241780b1') in 0.008837 seconds
2025-05-17T08:57:12.602Z|0x2b20|Number of updated asset objects reloaded before import = 0Number of asset objects unloaded after import = 3

2025-05-17T08:57:12.602Z|0x2b20|========================================================================
Received Import Request.
  Time since last request: 0.000015 seconds.
  path: Assets/Kira/Tilesets/TinyRPG Forest/tileset-sliced_18.asset
  artifactKey: Guid(34047730325910240ad41cbe0f3a55b4) Importer(815301076,1909f56bfc062723c751e8b465ee728b)
2025-05-17T08:57:12.608Z|0x2b20|Start importing Assets/Kira/Tilesets/TinyRPG Forest/tileset-sliced_18.asset using Guid(34047730325910240ad41cbe0f3a55b4) Importer(815301076,1909f56bfc062723c751e8b465ee728b) (PreviewImporter) -> (artifact id: 'daf3217e43af866aa816f56d8319f7ee') in 0.0114571 seconds
2025-05-17T08:57:12.635Z|0x2b20|Number of updated asset objects reloaded before import = 0Number of asset objects unloaded after import = 3

2025-05-17T08:57:12.635Z|0x2b20|========================================================================
Received Import Request.
  Time since last request: 0.000024 seconds.
  path: Assets/Kira/Tilesets/TinyRPG Forest/tileset-sliced_28.asset
  artifactKey: Guid(7b1b52125bd53eb48bf36b5480f7d112) Importer(815301076,1909f56bfc062723c751e8b465ee728b)
2025-05-17T08:57:12.642Z|0x2b20|Start importing Assets/Kira/Tilesets/TinyRPG Forest/tileset-sliced_28.asset using Guid(7b1b52125bd53eb48bf36b5480f7d112) Importer(815301076,1909f56bfc062723c751e8b465ee728b) (PreviewImporter) -> (artifact id: 'fb3633f01d2702a8b7951026016f2205') in 0.0095196 seconds
2025-05-17T08:57:12.665Z|0x2b20|Number of updated asset objects reloaded before import = 0Number of asset objects unloaded after import = 3

2025-05-17T08:57:12.665Z|0x2b20|========================================================================
Received Import Request.
  Time since last request: 0.000014 seconds.
  path: Assets/Kira/Tilesets/TinyRPG Forest/tileset-sliced_25.asset
  artifactKey: Guid(6832c00e2b7708848917fb7cd4440c51) Importer(815301076,1909f56bfc062723c751e8b465ee728b)
2025-05-17T08:57:12.671Z|0x2b20|Start importing Assets/Kira/Tilesets/TinyRPG Forest/tileset-sliced_25.asset using Guid(6832c00e2b7708848917fb7cd4440c51) Importer(815301076,1909f56bfc062723c751e8b465ee728b) (PreviewImporter) -> (artifact id: '7c7c637b5911e3665f227e024d636631') in 0.0087815 seconds
2025-05-17T08:57:12.695Z|0x2b20|Number of updated asset objects reloaded before import = 0Number of asset objects unloaded after import = 3

2025-05-17T08:57:12.695Z|0x2b20|========================================================================
Received Import Request.
  Time since last request: 0.000015 seconds.
  path: Assets/Kira/Tilesets/TinyRPG Forest/tileset-sliced_43.asset
  artifactKey: Guid(68c25bc4e78c21d4b9fb1dc5b2af1d32) Importer(815301076,1909f56bfc062723c751e8b465ee728b)
2025-05-17T08:57:12.703Z|0x2b20|Start importing Assets/Kira/Tilesets/TinyRPG Forest/tileset-sliced_43.asset using Guid(68c25bc4e78c21d4b9fb1dc5b2af1d32) Importer(815301076,1909f56bfc062723c751e8b465ee728b) (PreviewImporter) -> (artifact id: 'd925dd7e159192323eed35a2e743defe') in 0.0094199 seconds
2025-05-17T08:57:12.726Z|0x2b20|Number of updated asset objects reloaded before import = 0Number of asset objects unloaded after import = 3

2025-05-17T08:57:12.726Z|0x2b20|========================================================================
Received Import Request.
  Time since last request: 0.000020 seconds.
  path: Assets/Kira/Tilesets/TinyRPG Forest/tileset-sliced_44.asset
  artifactKey: Guid(621320ccaf90d0849838465bb25c2461) Importer(815301076,1909f56bfc062723c751e8b465ee728b)
2025-05-17T08:57:12.733Z|0x2b20|Start importing Assets/Kira/Tilesets/TinyRPG Forest/tileset-sliced_44.asset using Guid(621320ccaf90d0849838465bb25c2461) Importer(815301076,1909f56bfc062723c751e8b465ee728b) (PreviewImporter) -> (artifact id: 'dfb2c1b073b1b90fbf1c2440d8b35299') in 0.0138008 seconds
2025-05-17T08:57:12.759Z|0x2b20|Number of updated asset objects reloaded before import = 0Number of asset objects unloaded after import = 3

2025-05-17T08:57:12.760Z|0x2b20|========================================================================
Received Import Request.
  Time since last request: 0.000026 seconds.
  path: Assets/Kira/Tilesets/TinyRPG Forest/tileset-sliced_6.asset
  artifactKey: Guid(583b70ac0e1245e43981ce6935b26a9c) Importer(815301076,1909f56bfc062723c751e8b465ee728b)
2025-05-17T08:57:12.765Z|0x2b20|Start importing Assets/Kira/Tilesets/TinyRPG Forest/tileset-sliced_6.asset using Guid(583b70ac0e1245e43981ce6935b26a9c) Importer(815301076,1909f56bfc062723c751e8b465ee728b) (PreviewImporter) -> (artifact id: '8b7286c98f45fe3a56a4cce3d754cd30') in 0.0114815 seconds
2025-05-17T08:57:12.790Z|0x2b20|Number of updated asset objects reloaded before import = 0Number of asset objects unloaded after import = 3

2025-05-17T08:57:12.791Z|0x2b20|========================================================================
Received Import Request.
  Time since last request: 0.000013 seconds.
  path: Assets/Kira/Tilesets/TinyRPG Forest/tileset-sliced_13.asset
  artifactKey: Guid(392f8632d32652047a6ad9ae557d4086) Importer(815301076,1909f56bfc062723c751e8b465ee728b)
2025-05-17T08:57:12.797Z|0x2b20|Start importing Assets/Kira/Tilesets/TinyRPG Forest/tileset-sliced_13.asset using Guid(392f8632d32652047a6ad9ae557d4086) Importer(815301076,1909f56bfc062723c751e8b465ee728b) (PreviewImporter) -> (artifact id: 'c172b088f40bcf2d5e6b6dec9fda0762') in 0.0110961 seconds
2025-05-17T08:57:12.820Z|0x2b20|Number of updated asset objects reloaded before import = 0Number of asset objects unloaded after import = 3

2025-05-17T08:57:12.820Z|0x2b20|========================================================================
Received Import Request.
  Time since last request: 0.000014 seconds.
  path: Assets/Kira/Tilesets/TinyRPG Forest/tileset-sliced_32.asset
  artifactKey: Guid(eb317c3dd48cfca43b5ec9bfa994ca33) Importer(815301076,1909f56bfc062723c751e8b465ee728b)
2025-05-17T08:57:12.827Z|0x2b20|Start importing Assets/Kira/Tilesets/TinyRPG Forest/tileset-sliced_32.asset using Guid(eb317c3dd48cfca43b5ec9bfa994ca33) Importer(815301076,1909f56bfc062723c751e8b465ee728b) (PreviewImporter) -> (artifact id: '74230596fff7a35273130fb4901cf098') in 0.0123333 seconds
2025-05-17T08:57:12.852Z|0x2b20|Number of updated asset objects reloaded before import = 0Number of asset objects unloaded after import = 3

2025-05-17T08:57:12.852Z|0x2b20|========================================================================
Received Import Request.
  Time since last request: 0.000014 seconds.
  path: Assets/Kira/Tilesets/TinyRPG Forest/tileset-sliced_15.asset
  artifactKey: Guid(d638ca6ff938a0a4281e20ce377765f9) Importer(815301076,1909f56bfc062723c751e8b465ee728b)
2025-05-17T08:57:12.858Z|0x2b20|Start importing Assets/Kira/Tilesets/TinyRPG Forest/tileset-sliced_15.asset using Guid(d638ca6ff938a0a4281e20ce377765f9) Importer(815301076,1909f56bfc062723c751e8b465ee728b) (PreviewImporter) -> (artifact id: '706860af831a05cf461029e3e7a562b4') in 0.0137928 seconds
2025-05-17T08:57:12.885Z|0x2b20|Number of updated asset objects reloaded before import = 0Number of asset objects unloaded after import = 3

2025-05-17T08:57:12.885Z|0x2b20|========================================================================
Received Import Request.
  Time since last request: 0.000014 seconds.
  path: Assets/Kira/Tilesets/TinyRPG Forest/tileset-sliced_19.asset
  artifactKey: Guid(85a9d988ff05de24cb28a7c62129eb82) Importer(815301076,1909f56bfc062723c751e8b465ee728b)
2025-05-17T08:57:12.891Z|0x2b20|Start importing Assets/Kira/Tilesets/TinyRPG Forest/tileset-sliced_19.asset using Guid(85a9d988ff05de24cb28a7c62129eb82) Importer(815301076,1909f56bfc062723c751e8b465ee728b) (PreviewImporter) -> (artifact id: 'f827c3a694a57357da5a910c06b997e1') in 0.0136093 seconds
2025-05-17T08:57:12.918Z|0x2b20|Number of updated asset objects reloaded before import = 0Number of asset objects unloaded after import = 3

2025-05-17T08:57:12.918Z|0x2b20|========================================================================
Received Import Request.
  Time since last request: 0.000019 seconds.
  path: Assets/Kira/Tilesets/TinyRPG Forest/tileset-sliced_46.asset
  artifactKey: Guid(3c00decd03c9c46468066629c8b3acde) Importer(815301076,1909f56bfc062723c751e8b465ee728b)
2025-05-17T08:57:12.924Z|0x2b20|Start importing Assets/Kira/Tilesets/TinyRPG Forest/tileset-sliced_46.asset using Guid(3c00decd03c9c46468066629c8b3acde) Importer(815301076,1909f56bfc062723c751e8b465ee728b) (PreviewImporter) -> (artifact id: '87c839805351a9c6efc6a878e77966c9') in 0.0119237 seconds
2025-05-17T08:57:12.949Z|0x2b20|Number of updated asset objects reloaded before import = 0Number of asset objects unloaded after import = 3

2025-05-17T08:57:12.949Z|0x2b20|========================================================================
Received Import Request.
  Time since last request: 0.000018 seconds.
  path: Assets/Kira/Tilesets/TinyRPG Forest/tileset-sliced_29.asset
  artifactKey: Guid(baf319100f48160429c0a3cc3711488c) Importer(815301076,1909f56bfc062723c751e8b465ee728b)
2025-05-17T08:57:12.955Z|0x2b20|Start importing Assets/Kira/Tilesets/TinyRPG Forest/tileset-sliced_29.asset using Guid(baf319100f48160429c0a3cc3711488c) Importer(815301076,1909f56bfc062723c751e8b465ee728b) (PreviewImporter) -> (artifact id: '179a7012be0f67df38af7377b05862b8') in 0.014198 seconds
2025-05-17T08:57:12.982Z|0x2b20|Number of updated asset objects reloaded before import = 0Number of asset objects unloaded after import = 3

2025-05-17T08:57:12.983Z|0x2b20|========================================================================
Received Import Request.
  Time since last request: 0.000015 seconds.
  path: Assets/Kira/Tilesets/TinyRPG Forest/tileset-sliced_37.asset
  artifactKey: Guid(9301d8969f2d8db4dab220cad7028826) Importer(815301076,1909f56bfc062723c751e8b465ee728b)
2025-05-17T08:57:12.988Z|0x2b20|Start importing Assets/Kira/Tilesets/TinyRPG Forest/tileset-sliced_37.asset using Guid(9301d8969f2d8db4dab220cad7028826) Importer(815301076,1909f56bfc062723c751e8b465ee728b) (PreviewImporter) -> (artifact id: '182f8a0710b17b9e25cc6cd200c37aca') in 0.0128383 seconds
2025-05-17T08:57:13.014Z|0x2b20|Number of updated asset objects reloaded before import = 0Number of asset objects unloaded after import = 3

2025-05-17T08:57:13.015Z|0x2b20|========================================================================
Received Import Request.
  Time since last request: 0.000024 seconds.
  path: Assets/Kira/Tilesets/TinyRPG Forest/tileset-sliced_23.asset
  artifactKey: Guid(9b0e55f03c5172c4bb7c401a2606d7c7) Importer(815301076,1909f56bfc062723c751e8b465ee728b)
2025-05-17T08:57:13.020Z|0x2b20|Start importing Assets/Kira/Tilesets/TinyRPG Forest/tileset-sliced_23.asset using Guid(9b0e55f03c5172c4bb7c401a2606d7c7) Importer(815301076,1909f56bfc062723c751e8b465ee728b) (PreviewImporter) -> (artifact id: '21804e0326a98cd23a21298ebafed068') in 0.0109107 seconds
2025-05-17T08:57:13.045Z|0x2b20|Number of updated asset objects reloaded before import = 0Number of asset objects unloaded after import = 3

2025-05-17T08:57:13.045Z|0x2b20|========================================================================
Received Import Request.
  Time since last request: 0.000020 seconds.
  path: Assets/Kira/Tilesets/TinyRPG Forest/tileset-sliced_2.asset
  artifactKey: Guid(250b67cdc8a26a94abcd0c61b51c54be) Importer(815301076,1909f56bfc062723c751e8b465ee728b)
2025-05-17T08:57:13.051Z|0x2b20|Start importing Assets/Kira/Tilesets/TinyRPG Forest/tileset-sliced_2.asset using Guid(250b67cdc8a26a94abcd0c61b51c54be) Importer(815301076,1909f56bfc062723c751e8b465ee728b) (PreviewImporter) -> (artifact id: 'd08428e6afa3ed4031747ee918c94a30') in 0.0131133 seconds
2025-05-17T08:57:13.078Z|0x2b20|Number of updated asset objects reloaded before import = 0Number of asset objects unloaded after import = 3

2025-05-17T08:57:13.078Z|0x2b20|========================================================================
Received Import Request.
  Time since last request: 0.000020 seconds.
  path: Assets/Kira/Tilesets/TinyRPG Forest/tileset-sliced_11.asset
  artifactKey: Guid(65cc0b4ae5ebcad4094739381312c22d) Importer(815301076,1909f56bfc062723c751e8b465ee728b)
2025-05-17T08:57:13.083Z|0x2b20|Start importing Assets/Kira/Tilesets/TinyRPG Forest/tileset-sliced_11.asset using Guid(65cc0b4ae5ebcad4094739381312c22d) Importer(815301076,1909f56bfc062723c751e8b465ee728b) (PreviewImporter) -> (artifact id: 'aeb67dce8a43094dbbe79927f0f9352a') in 0.0183229 seconds
2025-05-17T08:57:13.116Z|0x2b20|Number of updated asset objects reloaded before import = 0Number of asset objects unloaded after import = 3

2025-05-17T08:57:13.116Z|0x2b20|========================================================================
Received Import Request.
  Time since last request: 0.000014 seconds.
  path: Assets/Kira/Tilesets/TinyRPG Forest/tileset-sliced_45.asset
  artifactKey: Guid(f7426feb11a013e4590e361a40a6387f) Importer(815301076,1909f56bfc062723c751e8b465ee728b)
2025-05-17T08:57:13.122Z|0x2b20|Start importing Assets/Kira/Tilesets/TinyRPG Forest/tileset-sliced_45.asset using Guid(f7426feb11a013e4590e361a40a6387f) Importer(815301076,1909f56bfc062723c751e8b465ee728b) (PreviewImporter) -> (artifact id: 'bc84fc9ce8a9ee5e58513348d9ae53c0') in 0.0151819 seconds
2025-05-17T08:57:13.151Z|0x2b20|Number of updated asset objects reloaded before import = 0Number of asset objects unloaded after import = 3

2025-05-17T08:57:13.151Z|0x2b20|========================================================================
Received Import Request.
  Time since last request: 0.000014 seconds.
  path: Assets/Kira/Tilesets/TinyRPG Forest/tileset-sliced_1.asset
  artifactKey: Guid(098beb04e4cb89346897b397353875d5) Importer(815301076,1909f56bfc062723c751e8b465ee728b)
2025-05-17T08:57:13.156Z|0x2b20|Start importing Assets/Kira/Tilesets/TinyRPG Forest/tileset-sliced_1.asset using Guid(098beb04e4cb89346897b397353875d5) Importer(815301076,1909f56bfc062723c751e8b465ee728b) (PreviewImporter) -> (artifact id: '337c1aa0c85c0c256ad9bd7ac558ed03') in 0.0168939 seconds
2025-05-17T08:57:13.191Z|0x2b20|Number of updated asset objects reloaded before import = 0Number of asset objects unloaded after import = 3

2025-05-17T08:57:13.192Z|0x2b20|========================================================================
Received Import Request.
  Time since last request: 0.000017 seconds.
  path: Assets/Kira/Tilesets/TinyRPG Forest/tileset-sliced_26.asset
  artifactKey: Guid(0c0d805909797074e8d8628e06a38bfa) Importer(815301076,1909f56bfc062723c751e8b465ee728b)
2025-05-17T08:57:13.200Z|0x2b20|Start importing Assets/Kira/Tilesets/TinyRPG Forest/tileset-sliced_26.asset using Guid(0c0d805909797074e8d8628e06a38bfa) Importer(815301076,1909f56bfc062723c751e8b465ee728b) (PreviewImporter) -> (artifact id: 'a3d85f5168573a6e3b220d69fd6e8313') in 0.0273016 seconds
2025-05-17T08:57:13.247Z|0x2b20|Number of updated asset objects reloaded before import = 0Number of asset objects unloaded after import = 3

2025-05-17T08:57:13.247Z|0x2b20|========================================================================
Received Import Request.
  Time since last request: 0.000026 seconds.
  path: Assets/Kira/Tilesets/TinyRPG Forest/tileset-sliced_30.asset
  artifactKey: Guid(5064f09d0201a4b429ec1692e65bc087) Importer(815301076,1909f56bfc062723c751e8b465ee728b)
2025-05-17T08:57:13.254Z|0x2b20|Start importing Assets/Kira/Tilesets/TinyRPG Forest/tileset-sliced_30.asset using Guid(5064f09d0201a4b429ec1692e65bc087) Importer(815301076,1909f56bfc062723c751e8b465ee728b) (PreviewImporter) -> (artifact id: '98155b762a37c4e9b1c57007cbf23612') in 0.0113179 seconds
2025-05-17T08:57:13.284Z|0x2b20|Number of updated asset objects reloaded before import = 0Number of asset objects unloaded after import = 3

2025-05-17T08:57:13.284Z|0x2b20|========================================================================
Received Import Request.
  Time since last request: 0.000028 seconds.
  path: Assets/Kira/Tilesets/TinyRPG Forest/tileset-sliced_41.asset
  artifactKey: Guid(e0f732b8e769ac140844c0fff105e002) Importer(815301076,1909f56bfc062723c751e8b465ee728b)
2025-05-17T08:57:13.291Z|0x2b20|Start importing Assets/Kira/Tilesets/TinyRPG Forest/tileset-sliced_41.asset using Guid(e0f732b8e769ac140844c0fff105e002) Importer(815301076,1909f56bfc062723c751e8b465ee728b) (PreviewImporter) -> (artifact id: 'b243f5e1304f9b0005a85a8bd4df5485') in 0.011517 seconds
2025-05-17T08:57:13.318Z|0x2b20|Number of updated asset objects reloaded before import = 0Number of asset objects unloaded after import = 3

2025-05-17T08:57:14.312Z|0x2b20|========================================================================
Received Import Request.
  Time since last request: 0.993803 seconds.
  path: Assets/Kira/Tilesets/TinyRPG Forest/tileset-sliced_49.asset
  artifactKey: Guid(3f7c141bf3b252345bc365cf1309a095) Importer(815301076,1909f56bfc062723c751e8b465ee728b)
2025-05-17T08:57:14.319Z|0x2b20|Start importing Assets/Kira/Tilesets/TinyRPG Forest/tileset-sliced_49.asset using Guid(3f7c141bf3b252345bc365cf1309a095) Importer(815301076,1909f56bfc062723c751e8b465ee728b) (PreviewImporter) -> (artifact id: 'b15e877a5cc27233970f6de4a16eb241') in 0.0124166 seconds
2025-05-17T08:57:14.347Z|0x2b20|Number of updated asset objects reloaded before import = 0Number of asset objects unloaded after import = 3

2025-05-17T08:57:14.347Z|0x2b20|========================================================================
Received Import Request.
  Time since last request: 0.000024 seconds.
  path: Assets/Kira/Tilesets/TinyRPG Forest/tileset-sliced_55.asset
  artifactKey: Guid(52bf362000694fd43bf509c9d5036738) Importer(815301076,1909f56bfc062723c751e8b465ee728b)
2025-05-17T08:57:14.354Z|0x2b20|Start importing Assets/Kira/Tilesets/TinyRPG Forest/tileset-sliced_55.asset using Guid(52bf362000694fd43bf509c9d5036738) Importer(815301076,1909f56bfc062723c751e8b465ee728b) (PreviewImporter) -> (artifact id: 'b811859ad325e9c31e16b947383da973') in 0.011562 seconds
2025-05-17T08:57:14.380Z|0x2b20|Number of updated asset objects reloaded before import = 0Number of asset objects unloaded after import = 3

2025-05-17T08:57:14.380Z|0x2b20|========================================================================
Received Import Request.
  Time since last request: 0.000036 seconds.
  path: Assets/Kira/Tilesets/TinyRPG Forest/tileset-sliced_59.asset
  artifactKey: Guid(91ba2aa591677964ea5a3c91db08f0c2) Importer(815301076,1909f56bfc062723c751e8b465ee728b)
2025-05-17T08:57:14.387Z|0x2b20|Start importing Assets/Kira/Tilesets/TinyRPG Forest/tileset-sliced_59.asset using Guid(91ba2aa591677964ea5a3c91db08f0c2) Importer(815301076,1909f56bfc062723c751e8b465ee728b) (PreviewImporter) -> (artifact id: '25574401f5abf67939bf068e635ebb81') in 0.0130173 seconds
2025-05-17T08:57:14.417Z|0x2b20|Number of updated asset objects reloaded before import = 0Number of asset objects unloaded after import = 3

2025-05-17T08:57:14.417Z|0x2b20|========================================================================
Received Import Request.
  Time since last request: 0.000025 seconds.
  path: Assets/Kira/Tilesets/TinyRPG Forest/tileset-sliced_61.asset
  artifactKey: Guid(1f8ea855aa3eb65479976a468b0cb97f) Importer(815301076,1909f56bfc062723c751e8b465ee728b)
2025-05-17T08:57:14.427Z|0x2b20|Start importing Assets/Kira/Tilesets/TinyRPG Forest/tileset-sliced_61.asset using Guid(1f8ea855aa3eb65479976a468b0cb97f) Importer(815301076,1909f56bfc062723c751e8b465ee728b) (PreviewImporter) -> (artifact id: 'ad7414a5a1459a4a01164ba62071c21b') in 0.0111987 seconds
2025-05-17T08:57:14.457Z|0x2b20|Number of updated asset objects reloaded before import = 0Number of asset objects unloaded after import = 3

2025-05-17T08:57:14.458Z|0x2b20|========================================================================
Received Import Request.
  Time since last request: 0.000017 seconds.
  path: Assets/Kira/Tilesets/TinyRPG Forest/tileset-sliced_71.asset
  artifactKey: Guid(03e421d3f27b013408adc886d770ea11) Importer(815301076,1909f56bfc062723c751e8b465ee728b)
2025-05-17T08:57:14.464Z|0x2b20|Start importing Assets/Kira/Tilesets/TinyRPG Forest/tileset-sliced_71.asset using Guid(03e421d3f27b013408adc886d770ea11) Importer(815301076,1909f56bfc062723c751e8b465ee728b) (PreviewImporter) -> (artifact id: 'b5177e28e57e57a828b6c201492774f3') in 0.0110249 seconds
2025-05-17T08:57:14.489Z|0x2b20|Number of updated asset objects reloaded before import = 0Number of asset objects unloaded after import = 3

2025-05-17T08:57:14.489Z|0x2b20|========================================================================
Received Import Request.
  Time since last request: 0.000020 seconds.
  path: Assets/Kira/Tilesets/TinyRPG Forest/tileset-sliced_60.asset
  artifactKey: Guid(2b46810a3949e0546a0f8041903325d6) Importer(815301076,1909f56bfc062723c751e8b465ee728b)
2025-05-17T08:57:14.496Z|0x2b20|Start importing Assets/Kira/Tilesets/TinyRPG Forest/tileset-sliced_60.asset using Guid(2b46810a3949e0546a0f8041903325d6) Importer(815301076,1909f56bfc062723c751e8b465ee728b) (PreviewImporter) -> (artifact id: 'b93d2037c1ac2b7ad7b0e0fbf593c3bd') in 0.0111465 seconds
2025-05-17T08:57:14.524Z|0x2b20|Number of updated asset objects reloaded before import = 0Number of asset objects unloaded after import = 3

2025-05-17T08:57:14.524Z|0x2b20|========================================================================
Received Import Request.
  Time since last request: 0.000029 seconds.
  path: Assets/Kira/Tilesets/TinyRPG Forest/tileset-sliced_51.asset
  artifactKey: Guid(d42d756d988193949b6989a800e2b431) Importer(815301076,1909f56bfc062723c751e8b465ee728b)
2025-05-17T08:57:14.531Z|0x2b20|Start importing Assets/Kira/Tilesets/TinyRPG Forest/tileset-sliced_51.asset using Guid(d42d756d988193949b6989a800e2b431) Importer(815301076,1909f56bfc062723c751e8b465ee728b) (PreviewImporter) -> (artifact id: '3005e9b778cc2e4890f921d2c4733c5e') in 0.0109194 seconds
2025-05-17T08:57:14.560Z|0x2b20|Number of updated asset objects reloaded before import = 0Number of asset objects unloaded after import = 3

2025-05-17T08:57:14.561Z|0x2b20|========================================================================
Received Import Request.
  Time since last request: 0.000036 seconds.
  path: Assets/Kira/Tilesets/TinyRPG Forest/tileset-sliced_63.asset
  artifactKey: Guid(f8d4b86ab608aa94985d55a6084460e9) Importer(815301076,1909f56bfc062723c751e8b465ee728b)
2025-05-17T08:57:14.567Z|0x2b20|Start importing Assets/Kira/Tilesets/TinyRPG Forest/tileset-sliced_63.asset using Guid(f8d4b86ab608aa94985d55a6084460e9) Importer(815301076,1909f56bfc062723c751e8b465ee728b) (PreviewImporter) -> (artifact id: 'eec005bbb316178f2a17e7bf33604956') in 0.0116247 seconds
2025-05-17T08:57:14.598Z|0x2b20|Number of updated asset objects reloaded before import = 0Number of asset objects unloaded after import = 3

2025-05-17T08:57:14.598Z|0x2b20|========================================================================
Received Import Request.
  Time since last request: 0.000018 seconds.
  path: Assets/Kira/Tilesets/TinyRPG Forest/tileset-sliced_53.asset
  artifactKey: Guid(7b1edb1d03afe8549ae011d98fcf170f) Importer(815301076,1909f56bfc062723c751e8b465ee728b)
2025-05-17T08:57:14.604Z|0x2b20|Start importing Assets/Kira/Tilesets/TinyRPG Forest/tileset-sliced_53.asset using Guid(7b1edb1d03afe8549ae011d98fcf170f) Importer(815301076,1909f56bfc062723c751e8b465ee728b) (PreviewImporter) -> (artifact id: 'e451a247e08e0084a57029a3ba410b5c') in 0.0109395 seconds
2025-05-17T08:57:14.632Z|0x2b20|Number of updated asset objects reloaded before import = 0Number of asset objects unloaded after import = 3

2025-05-17T08:57:14.632Z|0x2b20|========================================================================
Received Import Request.
  Time since last request: 0.000018 seconds.
  path: Assets/Kira/Tilesets/TinyRPG Forest/tileset-sliced_57.asset
  artifactKey: Guid(97591fee51ccd244289e500d169d9fc3) Importer(815301076,1909f56bfc062723c751e8b465ee728b)
2025-05-17T08:57:14.638Z|0x2b20|Start importing Assets/Kira/Tilesets/TinyRPG Forest/tileset-sliced_57.asset using Guid(97591fee51ccd244289e500d169d9fc3) Importer(815301076,1909f56bfc062723c751e8b465ee728b) (PreviewImporter) -> (artifact id: 'acde4ba970755fe8321cd98a52327d89') in 0.0114872 seconds
2025-05-17T08:57:14.667Z|0x2b20|Number of updated asset objects reloaded before import = 0Number of asset objects unloaded after import = 3

2025-05-17T08:57:14.667Z|0x2b20|========================================================================
Received Import Request.
  Time since last request: 0.000012 seconds.
  path: Assets/Kira/Tilesets/TinyRPG Forest/tileset-sliced_66.asset
  artifactKey: Guid(f24fddc131962064facc249a67219c41) Importer(815301076,1909f56bfc062723c751e8b465ee728b)
2025-05-17T08:57:14.674Z|0x2b20|Start importing Assets/Kira/Tilesets/TinyRPG Forest/tileset-sliced_66.asset using Guid(f24fddc131962064facc249a67219c41) Importer(815301076,1909f56bfc062723c751e8b465ee728b) (PreviewImporter) -> (artifact id: '147d505616f095fc629bae5aac7286fe') in 0.0135416 seconds
2025-05-17T08:57:14.708Z|0x2b20|Number of updated asset objects reloaded before import = 0Number of asset objects unloaded after import = 3

2025-05-17T08:57:14.708Z|0x2b20|========================================================================
Received Import Request.
  Time since last request: 0.000014 seconds.
  path: Assets/Kira/Tilesets/TinyRPG Forest/tileset-sliced_65.asset
  artifactKey: Guid(4e4866af4d39466479d8ef6ef25aa8b8) Importer(815301076,1909f56bfc062723c751e8b465ee728b)
2025-05-17T08:57:14.715Z|0x2b20|Start importing Assets/Kira/Tilesets/TinyRPG Forest/tileset-sliced_65.asset using Guid(4e4866af4d39466479d8ef6ef25aa8b8) Importer(815301076,1909f56bfc062723c751e8b465ee728b) (PreviewImporter) -> (artifact id: '1c5f1bab3052f5b3a6e428fd46887e9c') in 0.0138414 seconds
2025-05-17T08:57:14.745Z|0x2b20|Number of updated asset objects reloaded before import = 0Number of asset objects unloaded after import = 3

2025-05-17T08:57:14.745Z|0x2b20|========================================================================
Received Import Request.
  Time since last request: 0.000027 seconds.
  path: Assets/Kira/Tilesets/TinyRPG Forest/tileset-sliced_58.asset
  artifactKey: Guid(ac862adb5ad63d54483c6eeaf3a56273) Importer(815301076,1909f56bfc062723c751e8b465ee728b)
2025-05-17T08:57:14.753Z|0x2b20|Start importing Assets/Kira/Tilesets/TinyRPG Forest/tileset-sliced_58.asset using Guid(ac862adb5ad63d54483c6eeaf3a56273) Importer(815301076,1909f56bfc062723c751e8b465ee728b) (PreviewImporter) -> (artifact id: 'fb64a6e8031da22aa6bb92af54060b77') in 0.0117474 seconds
2025-05-17T08:57:14.781Z|0x2b20|Number of updated asset objects reloaded before import = 0Number of asset objects unloaded after import = 3

2025-05-17T08:57:14.781Z|0x2b20|========================================================================
Received Import Request.
  Time since last request: 0.000024 seconds.
  path: Assets/Kira/Tilesets/TinyRPG Forest/tileset-sliced_79.asset
  artifactKey: Guid(20d9974b56bb49e4db0d600100505d1d) Importer(815301076,1909f56bfc062723c751e8b465ee728b)
2025-05-17T08:57:14.788Z|0x2b20|Start importing Assets/Kira/Tilesets/TinyRPG Forest/tileset-sliced_79.asset using Guid(20d9974b56bb49e4db0d600100505d1d) Importer(815301076,1909f56bfc062723c751e8b465ee728b) (PreviewImporter) -> (artifact id: '2e5481c2256c75d24c4529f09c5888dd') in 0.0107419 seconds
2025-05-17T08:57:14.815Z|0x2b20|Number of updated asset objects reloaded before import = 0Number of asset objects unloaded after import = 3

2025-05-17T08:57:14.815Z|0x2b20|========================================================================
Received Import Request.
  Time since last request: 0.000022 seconds.
  path: Assets/Kira/Tilesets/TinyRPG Forest/tileset-sliced_80.asset
  artifactKey: Guid(9a5e5a11b21a26e43b8b881f90fa982d) Importer(815301076,1909f56bfc062723c751e8b465ee728b)
2025-05-17T08:57:14.820Z|0x2b20|Start importing Assets/Kira/Tilesets/TinyRPG Forest/tileset-sliced_80.asset using Guid(9a5e5a11b21a26e43b8b881f90fa982d) Importer(815301076,1909f56bfc062723c751e8b465ee728b) (PreviewImporter) -> (artifact id: '6b2918185ae886315b96c0f01f25a52d') in 0.009604 seconds
2025-05-17T08:57:14.845Z|0x2b20|Number of updated asset objects reloaded before import = 0Number of asset objects unloaded after import = 3

2025-05-17T08:57:14.845Z|0x2b20|========================================================================
Received Import Request.
  Time since last request: 0.000018 seconds.
  path: Assets/Kira/Tilesets/TinyRPG Forest/tileset-sliced_92.asset
  artifactKey: Guid(239063398f78367468dfea752a34e807) Importer(815301076,1909f56bfc062723c751e8b465ee728b)
2025-05-17T08:57:14.852Z|0x2b20|Start importing Assets/Kira/Tilesets/TinyRPG Forest/tileset-sliced_92.asset using Guid(239063398f78367468dfea752a34e807) Importer(815301076,1909f56bfc062723c751e8b465ee728b) (PreviewImporter) -> (artifact id: 'a97833356febf06f49fc3663225a53be') in 0.0106944 seconds
2025-05-17T08:57:14.877Z|0x2b20|Number of updated asset objects reloaded before import = 0Number of asset objects unloaded after import = 3

2025-05-17T08:57:14.877Z|0x2b20|========================================================================
Received Import Request.
  Time since last request: 0.000026 seconds.
  path: Assets/Kira/Tilesets/TinyRPG Forest/tileset-sliced_102.asset
  artifactKey: Guid(6030bf183f4b0a34c84c4a0f701d2c12) Importer(815301076,1909f56bfc062723c751e8b465ee728b)
2025-05-17T08:57:14.884Z|0x2b20|Start importing Assets/Kira/Tilesets/TinyRPG Forest/tileset-sliced_102.asset using Guid(6030bf183f4b0a34c84c4a0f701d2c12) Importer(815301076,1909f56bfc062723c751e8b465ee728b) (PreviewImporter) -> (artifact id: 'e7a7859547a07ebc74215f42520b10fc') in 0.011844 seconds
2025-05-17T08:57:14.910Z|0x2b20|Number of updated asset objects reloaded before import = 0Number of asset objects unloaded after import = 3

2025-05-17T08:57:14.910Z|0x2b20|========================================================================
Received Import Request.
  Time since last request: 0.000024 seconds.
  path: Assets/Kira/Tilesets/TinyRPG Forest/tileset-sliced_99.asset
  artifactKey: Guid(dc57eae1f18f019448d5be8f66cbe2b5) Importer(815301076,1909f56bfc062723c751e8b465ee728b)
2025-05-17T08:57:14.916Z|0x2b20|Start importing Assets/Kira/Tilesets/TinyRPG Forest/tileset-sliced_99.asset using Guid(dc57eae1f18f019448d5be8f66cbe2b5) Importer(815301076,1909f56bfc062723c751e8b465ee728b) (PreviewImporter) -> (artifact id: '47d34a5dae5a1a5eb34ed8e477cd5883') in 0.0113116 seconds
2025-05-17T08:57:14.947Z|0x2b20|Number of updated asset objects reloaded before import = 0Number of asset objects unloaded after import = 3

2025-05-17T08:57:14.947Z|0x2b20|========================================================================
Received Import Request.
  Time since last request: 0.000014 seconds.
  path: Assets/Kira/Tilesets/TinyRPG Forest/tileset-sliced_72.asset
  artifactKey: Guid(2660fda9fb3f45340ab5c5135e46d26a) Importer(815301076,1909f56bfc062723c751e8b465ee728b)
2025-05-17T08:57:14.953Z|0x2b20|Start importing Assets/Kira/Tilesets/TinyRPG Forest/tileset-sliced_72.asset using Guid(2660fda9fb3f45340ab5c5135e46d26a) Importer(815301076,1909f56bfc062723c751e8b465ee728b) (PreviewImporter) -> (artifact id: 'a37cd5fe2c91d5ba97da6f370a64c6ce') in 0.0064144 seconds
2025-05-17T08:57:14.974Z|0x2b20|Number of updated asset objects reloaded before import = 0Number of asset objects unloaded after import = 3

2025-05-17T08:57:14.974Z|0x2b20|========================================================================
Received Import Request.
  Time since last request: 0.000015 seconds.
  path: Assets/Kira/Tilesets/TinyRPG Forest/tileset-sliced_78.asset
  artifactKey: Guid(36cd36ca95a0cb340bf788553afa6544) Importer(815301076,1909f56bfc062723c751e8b465ee728b)
2025-05-17T08:57:14.980Z|0x2b20|Start importing Assets/Kira/Tilesets/TinyRPG Forest/tileset-sliced_78.asset using Guid(36cd36ca95a0cb340bf788553afa6544) Importer(815301076,1909f56bfc062723c751e8b465ee728b) (PreviewImporter) -> (artifact id: 'e181394325532e2865c148daf3f4bdba') in 0.0121492 seconds
2025-05-17T08:57:15.007Z|0x2b20|Number of updated asset objects reloaded before import = 0Number of asset objects unloaded after import = 3

2025-05-17T08:57:15.007Z|0x2b20|========================================================================
Received Import Request.
  Time since last request: 0.000015 seconds.
  path: Assets/Kira/Tilesets/TinyRPG Forest/tileset-sliced_89.asset
  artifactKey: Guid(b3b511d349333b8468e36f3b753010e1) Importer(815301076,1909f56bfc062723c751e8b465ee728b)
2025-05-17T08:57:15.013Z|0x2b20|Start importing Assets/Kira/Tilesets/TinyRPG Forest/tileset-sliced_89.asset using Guid(b3b511d349333b8468e36f3b753010e1) Importer(815301076,1909f56bfc062723c751e8b465ee728b) (PreviewImporter) -> (artifact id: '9ef37de23a79bfe0b5fc6d213ddefde0') in 0.0110239 seconds
2025-05-17T08:57:15.043Z|0x2b20|Number of updated asset objects reloaded before import = 0Number of asset objects unloaded after import = 3

2025-05-17T08:57:15.043Z|0x2b20|========================================================================
Received Import Request.
  Time since last request: 0.000027 seconds.
  path: Assets/Kira/Tilesets/TinyRPG Forest/tileset-sliced_85.asset
  artifactKey: Guid(b7810b3f71ee240478c3c7660fe825c3) Importer(815301076,1909f56bfc062723c751e8b465ee728b)
2025-05-17T08:57:15.049Z|0x2b20|Start importing Assets/Kira/Tilesets/TinyRPG Forest/tileset-sliced_85.asset using Guid(b7810b3f71ee240478c3c7660fe825c3) Importer(815301076,1909f56bfc062723c751e8b465ee728b) (PreviewImporter) -> (artifact id: 'd0830693adaee992872924cdd2eb9465') in 0.0101542 seconds
2025-05-17T08:57:15.073Z|0x2b20|Number of updated asset objects reloaded before import = 0Number of asset objects unloaded after import = 3

2025-05-17T08:57:15.074Z|0x2b20|========================================================================
Received Import Request.
  Time since last request: 0.000059 seconds.
  path: Assets/Kira/Tilesets/TinyRPG Forest/tileset-sliced_100.asset
  artifactKey: Guid(1d063bf9385b3ef42a615bee424830aa) Importer(815301076,1909f56bfc062723c751e8b465ee728b)
2025-05-17T08:57:15.081Z|0x2b20|Start importing Assets/Kira/Tilesets/TinyRPG Forest/tileset-sliced_100.asset using Guid(1d063bf9385b3ef42a615bee424830aa) Importer(815301076,1909f56bfc062723c751e8b465ee728b) (PreviewImporter) -> (artifact id: '9554d3c5d9ad0c1621eba55bd67a5e2b') in 0.0138602 seconds
2025-05-17T08:57:15.117Z|0x2b20|Number of updated asset objects reloaded before import = 0Number of asset objects unloaded after import = 3

2025-05-17T08:57:15.117Z|0x2b20|========================================================================
Received Import Request.
  Time since last request: 0.000026 seconds.
  path: Assets/Kira/Tilesets/TinyRPG Forest/tileset-sliced_105.asset
  artifactKey: Guid(f7d8a4f821a78d24194c0edfc0fe72a7) Importer(815301076,1909f56bfc062723c751e8b465ee728b)
2025-05-17T08:57:15.126Z|0x2b20|Start importing Assets/Kira/Tilesets/TinyRPG Forest/tileset-sliced_105.asset using Guid(f7d8a4f821a78d24194c0edfc0fe72a7) Importer(815301076,1909f56bfc062723c751e8b465ee728b) (PreviewImporter) -> (artifact id: 'a7e5d2d70c459a20f024ec2abe504470') in 0.0136983 seconds
2025-05-17T08:57:15.153Z|0x2b20|Number of updated asset objects reloaded before import = 0Number of asset objects unloaded after import = 3

2025-05-17T08:57:15.153Z|0x2b20|========================================================================
Received Import Request.
  Time since last request: 0.000015 seconds.
  path: Assets/Kira/Tilesets/TinyRPG Forest/tileset-sliced_94.asset
  artifactKey: Guid(7ae7e373d6291f64a984c8c170d23a48) Importer(815301076,1909f56bfc062723c751e8b465ee728b)
2025-05-17T08:57:15.159Z|0x2b20|Start importing Assets/Kira/Tilesets/TinyRPG Forest/tileset-sliced_94.asset using Guid(7ae7e373d6291f64a984c8c170d23a48) Importer(815301076,1909f56bfc062723c751e8b465ee728b) (PreviewImporter) -> (artifact id: '01d78ce151d55fe043411591e0f634b2') in 0.0106406 seconds
2025-05-17T08:57:15.188Z|0x2b20|Number of updated asset objects reloaded before import = 0Number of asset objects unloaded after import = 3

2025-05-17T08:57:15.188Z|0x2b20|========================================================================
Received Import Request.
  Time since last request: 0.000017 seconds.
  path: Assets/Kira/Tilesets/TinyRPG Forest/tileset-sliced_91.asset
  artifactKey: Guid(97885b9b009cb0340a0e866e92a84af2) Importer(815301076,1909f56bfc062723c751e8b465ee728b)
2025-05-17T08:57:15.194Z|0x2b20|Start importing Assets/Kira/Tilesets/TinyRPG Forest/tileset-sliced_91.asset using Guid(97885b9b009cb0340a0e866e92a84af2) Importer(815301076,1909f56bfc062723c751e8b465ee728b) (PreviewImporter) -> (artifact id: '6288ed04b39362fbdbafe74667b6b9c0') in 0.010193 seconds
2025-05-17T08:57:15.217Z|0x2b20|Number of updated asset objects reloaded before import = 0Number of asset objects unloaded after import = 3

2025-05-17T08:57:15.217Z|0x2b20|========================================================================
Received Import Request.
  Time since last request: 0.000015 seconds.
  path: Assets/Kira/Tilesets/TinyRPG Forest/tileset-sliced_95.asset
  artifactKey: Guid(162b4c9c09fcb5f448ea1b437bc4939c) Importer(815301076,1909f56bfc062723c751e8b465ee728b)
2025-05-17T08:57:15.223Z|0x2b20|Start importing Assets/Kira/Tilesets/TinyRPG Forest/tileset-sliced_95.asset using Guid(162b4c9c09fcb5f448ea1b437bc4939c) Importer(815301076,1909f56bfc062723c751e8b465ee728b) (PreviewImporter) -> (artifact id: 'b8ccb6353db47817183db1e4599cbf6b') in 0.011998 seconds
2025-05-17T08:57:15.255Z|0x2b20|Number of updated asset objects reloaded before import = 0Number of asset objects unloaded after import = 3

2025-05-17T08:57:15.255Z|0x2b20|========================================================================
Received Import Request.
  Time since last request: 0.000018 seconds.
  path: Assets/Kira/Tilesets/TinyRPG Forest/tileset-sliced_87.asset
  artifactKey: Guid(17efab0c047762145a5a50c23c525e95) Importer(815301076,1909f56bfc062723c751e8b465ee728b)
2025-05-17T08:57:15.263Z|0x2b20|Start importing Assets/Kira/Tilesets/TinyRPG Forest/tileset-sliced_87.asset using Guid(17efab0c047762145a5a50c23c525e95) Importer(815301076,1909f56bfc062723c751e8b465ee728b) (PreviewImporter) -> (artifact id: '06e7d53b2075680e756a6b0c468d0568') in 0.0142141 seconds
2025-05-17T08:57:15.293Z|0x2b20|Number of updated asset objects reloaded before import = 0Number of asset objects unloaded after import = 3

2025-05-17T08:57:15.293Z|0x2b20|========================================================================
Received Import Request.
  Time since last request: 0.000024 seconds.
  path: Assets/Kira/Tilesets/TinyRPG Forest/tileset-sliced_97.asset
  artifactKey: Guid(a4ca58a068f4bbd49ae7368e974aa055) Importer(815301076,1909f56bfc062723c751e8b465ee728b)
2025-05-17T08:57:15.300Z|0x2b20|Start importing Assets/Kira/Tilesets/TinyRPG Forest/tileset-sliced_97.asset using Guid(a4ca58a068f4bbd49ae7368e974aa055) Importer(815301076,1909f56bfc062723c751e8b465ee728b) (PreviewImporter) -> (artifact id: '4b43e0767eca17166d9525a34882d483') in 0.011409 seconds
2025-05-17T08:57:15.325Z|0x2b20|Number of updated asset objects reloaded before import = 0Number of asset objects unloaded after import = 3

2025-05-17T08:57:15.325Z|0x2b20|========================================================================
Received Import Request.
  Time since last request: 0.000030 seconds.
  path: Assets/Kira/Tilesets/TinyRPG Forest/tileset-sliced_106.asset
  artifactKey: Guid(dd12fdde4688e934b8beccb323c096ef) Importer(815301076,1909f56bfc062723c751e8b465ee728b)
2025-05-17T08:57:15.332Z|0x2b20|Start importing Assets/Kira/Tilesets/TinyRPG Forest/tileset-sliced_106.asset using Guid(dd12fdde4688e934b8beccb323c096ef) Importer(815301076,1909f56bfc062723c751e8b465ee728b) (PreviewImporter) -> (artifact id: 'ac87b3f0e44237b4332f963fd9f3cd59') in 0.0111007 seconds
2025-05-17T08:57:15.357Z|0x2b20|Number of updated asset objects reloaded before import = 0Number of asset objects unloaded after import = 3

2025-05-17T08:57:15.357Z|0x2b20|========================================================================
Received Import Request.
  Time since last request: 0.000019 seconds.
  path: Assets/Kira/Tilesets/TinyRPG Forest/tileset-sliced_96.asset
  artifactKey: Guid(c33b1e228c85bce42bcbfddd5b8523f9) Importer(815301076,1909f56bfc062723c751e8b465ee728b)
2025-05-17T08:57:15.363Z|0x2b20|Start importing Assets/Kira/Tilesets/TinyRPG Forest/tileset-sliced_96.asset using Guid(c33b1e228c85bce42bcbfddd5b8523f9) Importer(815301076,1909f56bfc062723c751e8b465ee728b) (PreviewImporter) -> (artifact id: 'c8a801251a0a457e902c9065cb8b51fe') in 0.0118385 seconds
2025-05-17T08:57:15.390Z|0x2b20|Number of updated asset objects reloaded before import = 0Number of asset objects unloaded after import = 3

2025-05-17T08:57:15.390Z|0x2b20|========================================================================
Received Import Request.
  Time since last request: 0.000027 seconds.
  path: Assets/Kira/Tilesets/TinyRPG Forest/tileset-sliced_77.asset
  artifactKey: Guid(deeabbc1e9672c543bde03b5fe9a5baa) Importer(815301076,1909f56bfc062723c751e8b465ee728b)
2025-05-17T08:57:15.396Z|0x2b20|Start importing Assets/Kira/Tilesets/TinyRPG Forest/tileset-sliced_77.asset using Guid(deeabbc1e9672c543bde03b5fe9a5baa) Importer(815301076,1909f56bfc062723c751e8b465ee728b) (PreviewImporter) -> (artifact id: '9ba70dbac07595b3ea40eaa07c552209') in 0.0109503 seconds
2025-05-17T08:57:15.420Z|0x2b20|Number of updated asset objects reloaded before import = 0Number of asset objects unloaded after import = 3

2025-05-17T08:57:15.420Z|0x2b20|========================================================================
Received Import Request.
  Time since last request: 0.000016 seconds.
  path: Assets/Kira/Tilesets/TinyRPG Forest/tileset-sliced_70.asset
  artifactKey: Guid(205d633d7ec51f143a7633b1a9a2a3b4) Importer(815301076,1909f56bfc062723c751e8b465ee728b)
2025-05-17T08:57:15.426Z|0x2b20|Start importing Assets/Kira/Tilesets/TinyRPG Forest/tileset-sliced_70.asset using Guid(205d633d7ec51f143a7633b1a9a2a3b4) Importer(815301076,1909f56bfc062723c751e8b465ee728b) (PreviewImporter) -> (artifact id: 'f1b89b1401c6f78b26d9a65a8e4b14a0') in 0.0054461 seconds
2025-05-17T08:57:15.447Z|0x2b20|Number of updated asset objects reloaded before import = 0Number of asset objects unloaded after import = 3

2025-05-17T08:57:15.447Z|0x2b20|========================================================================
Received Import Request.
  Time since last request: 0.000024 seconds.
  path: Assets/Kira/Tilesets/TinyRPG Forest/tileset-sliced_73.asset
  artifactKey: Guid(e8083b9655298c64685feec148b95434) Importer(815301076,1909f56bfc062723c751e8b465ee728b)
2025-05-17T08:57:15.453Z|0x2b20|Start importing Assets/Kira/Tilesets/TinyRPG Forest/tileset-sliced_73.asset using Guid(e8083b9655298c64685feec148b95434) Importer(815301076,1909f56bfc062723c751e8b465ee728b) (PreviewImporter) -> (artifact id: '38333662e2c7dbdefa93c0debec97905') in 0.0109912 seconds
2025-05-17T08:57:15.479Z|0x2b20|Number of updated asset objects reloaded before import = 0Number of asset objects unloaded after import = 3

2025-05-17T08:57:15.480Z|0x2b20|========================================================================
Received Import Request.
  Time since last request: 0.000021 seconds.
  path: Assets/Kira/Tilesets/TinyRPG Forest/tileset-sliced_90.asset
  artifactKey: Guid(e722dcf429f3a1f4bb5ca7f2b82801be) Importer(815301076,1909f56bfc062723c751e8b465ee728b)
2025-05-17T08:57:15.488Z|0x2b20|Start importing Assets/Kira/Tilesets/TinyRPG Forest/tileset-sliced_90.asset using Guid(e722dcf429f3a1f4bb5ca7f2b82801be) Importer(815301076,1909f56bfc062723c751e8b465ee728b) (PreviewImporter) -> (artifact id: '91d7521c13707ff2636cf3004c69bcde') in 0.0101232 seconds
2025-05-17T08:57:15.513Z|0x2b20|Number of updated asset objects reloaded before import = 0Number of asset objects unloaded after import = 3

2025-05-17T08:57:15.513Z|0x2b20|========================================================================
Received Import Request.
  Time since last request: 0.000017 seconds.
  path: Assets/Kira/Tilesets/TinyRPG Forest/tileset-sliced_109.asset
  artifactKey: Guid(edd84d2298fa51a4ab4994e51d943555) Importer(815301076,1909f56bfc062723c751e8b465ee728b)
2025-05-17T08:57:15.519Z|0x2b20|Start importing Assets/Kira/Tilesets/TinyRPG Forest/tileset-sliced_109.asset using Guid(edd84d2298fa51a4ab4994e51d943555) Importer(815301076,1909f56bfc062723c751e8b465ee728b) (PreviewImporter) -> (artifact id: '1df5d7e0f25442f34b6d24c8d1e3c708') in 0.0100338 seconds
2025-05-17T08:57:15.549Z|0x2b20|Number of updated asset objects reloaded before import = 0Number of asset objects unloaded after import = 3

2025-05-17T08:57:15.549Z|0x2b20|========================================================================
Received Import Request.
  Time since last request: 0.000028 seconds.
  path: Assets/Kira/Tilesets/TinyRPG Forest/tileset-sliced_117.asset
  artifactKey: Guid(407fc6659ea95774fa17f028bfb94073) Importer(815301076,1909f56bfc062723c751e8b465ee728b)
2025-05-17T08:57:15.555Z|0x2b20|Start importing Assets/Kira/Tilesets/TinyRPG Forest/tileset-sliced_117.asset using Guid(407fc6659ea95774fa17f028bfb94073) Importer(815301076,1909f56bfc062723c751e8b465ee728b) (PreviewImporter) -> (artifact id: '3413dac77e534b30e9dd96bcd1f42c40') in 0.0105435 seconds
2025-05-17T08:57:15.579Z|0x2b20|Number of updated asset objects reloaded before import = 0Number of asset objects unloaded after import = 3

2025-05-17T08:57:15.579Z|0x2b20|========================================================================
Received Import Request.
  Time since last request: 0.000046 seconds.
  path: Assets/Kira/Tilesets/TinyRPG Forest/tileset-sliced_111.asset
  artifactKey: Guid(abd48b55ef84e244a8c59d2d33c90493) Importer(815301076,1909f56bfc062723c751e8b465ee728b)
2025-05-17T08:57:15.586Z|0x2b20|Start importing Assets/Kira/Tilesets/TinyRPG Forest/tileset-sliced_111.asset using Guid(abd48b55ef84e244a8c59d2d33c90493) Importer(815301076,1909f56bfc062723c751e8b465ee728b) (PreviewImporter) -> (artifact id: '5655641005c471998f23ac05373847f3') in 0.012648 seconds
2025-05-17T08:57:15.614Z|0x2b20|Number of updated asset objects reloaded before import = 0Number of asset objects unloaded after import = 3

2025-05-17T08:57:15.614Z|0x2b20|========================================================================
Received Import Request.
  Time since last request: 0.000013 seconds.
  path: Assets/Kira/Tilesets/TinyRPG Forest/tileset-sliced_122.asset
  artifactKey: Guid(eb23c60f9319aa84f9900d309b978e2e) Importer(815301076,1909f56bfc062723c751e8b465ee728b)
2025-05-17T08:57:15.621Z|0x2b20|Start importing Assets/Kira/Tilesets/TinyRPG Forest/tileset-sliced_122.asset using Guid(eb23c60f9319aa84f9900d309b978e2e) Importer(815301076,1909f56bfc062723c751e8b465ee728b) (PreviewImporter) -> (artifact id: 'a73f668168f04fdbc3a8d1cd7e3edb11') in 0.0091649 seconds
2025-05-17T08:57:15.644Z|0x2b20|Number of updated asset objects reloaded before import = 0Number of asset objects unloaded after import = 3

2025-05-17T08:57:15.644Z|0x2b20|========================================================================
Received Import Request.
  Time since last request: 0.000015 seconds.
  path: Assets/Kira/Tilesets/TinyRPG Forest/tileset-sliced_110.asset
  artifactKey: Guid(bc03790f7b6b8584bb6a6b72fadd320c) Importer(815301076,1909f56bfc062723c751e8b465ee728b)
2025-05-17T08:57:15.650Z|0x2b20|Start importing Assets/Kira/Tilesets/TinyRPG Forest/tileset-sliced_110.asset using Guid(bc03790f7b6b8584bb6a6b72fadd320c) Importer(815301076,1909f56bfc062723c751e8b465ee728b) (PreviewImporter) -> (artifact id: '92d71da403df0c9ed7d62bbf3d5b785c') in 0.0050629 seconds
2025-05-17T08:57:15.669Z|0x2b20|Number of updated asset objects reloaded before import = 0Number of asset objects unloaded after import = 3

2025-05-17T08:57:15.669Z|0x2b20|========================================================================
Received Import Request.
  Time since last request: 0.000018 seconds.
  path: Assets/Kira/Tilesets/TinyRPG Forest/tileset-sliced_133.asset
  artifactKey: Guid(5d0ce859036179f419fb5e9cdb9ea8f6) Importer(815301076,1909f56bfc062723c751e8b465ee728b)
2025-05-17T08:57:15.676Z|0x2b20|Start importing Assets/Kira/Tilesets/TinyRPG Forest/tileset-sliced_133.asset using Guid(5d0ce859036179f419fb5e9cdb9ea8f6) Importer(815301076,1909f56bfc062723c751e8b465ee728b) (PreviewImporter) -> (artifact id: 'cdd91ebf3835d8c4ecb28a75d221bae8') in 0.0050565 seconds
2025-05-17T08:57:15.696Z|0x2b20|Number of updated asset objects reloaded before import = 0Number of asset objects unloaded after import = 3

2025-05-17T08:57:15.696Z|0x2b20|========================================================================
Received Import Request.
  Time since last request: 0.000017 seconds.
  path: Assets/Kira/Tilesets/TinyRPG Forest/tileset-sliced_139.asset
  artifactKey: Guid(2c43246a864fbbc40885cd9111856294) Importer(815301076,1909f56bfc062723c751e8b465ee728b)
2025-05-17T08:57:15.702Z|0x2b20|Start importing Assets/Kira/Tilesets/TinyRPG Forest/tileset-sliced_139.asset using Guid(2c43246a864fbbc40885cd9111856294) Importer(815301076,1909f56bfc062723c751e8b465ee728b) (PreviewImporter) -> (artifact id: 'd2e6de9933231ab0ec0dbfb4d088c022') in 0.0099368 seconds
2025-05-17T08:57:15.726Z|0x2b20|Number of updated asset objects reloaded before import = 0Number of asset objects unloaded after import = 3

2025-05-17T08:57:15.726Z|0x2b20|========================================================================
Received Import Request.
  Time since last request: 0.000166 seconds.
  path: Assets/Kira/Tilesets/TinyRPG Forest/tileset-sliced_140.asset
  artifactKey: Guid(8a11d8d01a0e4c14e9667b67a1cf28d0) Importer(815301076,1909f56bfc062723c751e8b465ee728b)
2025-05-17T08:57:15.732Z|0x2b20|Start importing Assets/Kira/Tilesets/TinyRPG Forest/tileset-sliced_140.asset using Guid(8a11d8d01a0e4c14e9667b67a1cf28d0) Importer(815301076,1909f56bfc062723c751e8b465ee728b) (PreviewImporter) -> (artifact id: 'de0590aedc21ebb30dc4d36935f77336') in 0.0102758 seconds
2025-05-17T08:57:15.756Z|0x2b20|Number of updated asset objects reloaded before import = 0Number of asset objects unloaded after import = 3

2025-05-17T08:58:38.982Z|0x1b88|Editor requested this worker to shutdown with reason: Scaling down because of idle timeout
2025-05-17T08:58:39.012Z|0x2b20|AssetImportWorker is now disconnected from the server
2025-05-17T08:58:39.012Z|0x2b20|Process exiting
2025-05-17T08:58:39.012Z|0x2b20|Exiting without the bug reporter. Application will terminate with return code 0