2025-05-17T09:01:50.387Z|0x1bd0|Using pre-set license
2025-05-17T09:01:50.387Z|0x1bd0|Built from '6000.1/staging' branch; Version is '6000.1.3f1 (f34db9734971) revision 15945145'; Using compiler version '194234433'; Build Type 'Release'
2025-05-17T09:01:50.387Z|0x1bd0|OS: 'Windows 11  (10.0.26100) 64bit Professional' Language: 'en' Physical Memory: 65276 MB
2025-05-17T09:01:50.387Z|0x1bd0|BatchMode: 1, IsHumanControllingUs: 0, StartBugReporterOnCrash: 0, Is64bit: 1, IsPro: 1
2025-05-17T09:01:50.387Z|0x1bd0|Date: 2025-05-17T09:01:50Z
2025-05-17T09:01:50.390Z|0x1bd0|
COMMAND LINE ARGUMENTS:
2025-05-17T09:01:50.390Z|0x1bd0|C:\Program Files\Unity\Hub\Editor\6000.1.3f1\Editor\Unity.exe
2025-05-17T09:01:50.390Z|0x1bd0|-adb2
2025-05-17T09:01:50.390Z|0x1bd0|-batchMode
2025-05-17T09:01:50.390Z|0x1bd0|-noUpm
2025-05-17T09:01:50.390Z|0x1bd0|-name
2025-05-17T09:01:50.390Z|0x1bd0|AssetImportWorker11
2025-05-17T09:01:50.390Z|0x1bd0|-projectPath
2025-05-17T09:01:50.390Z|0x1bd0|C:/Users/kirae/Documents/projects/unity/jrpg_2d
2025-05-17T09:01:50.390Z|0x1bd0|-logFile
2025-05-17T09:01:50.390Z|0x1bd0|Logs/AssetImportWorker11.log
2025-05-17T09:01:50.390Z|0x1bd0|-srvPort
2025-05-17T09:01:50.390Z|0x1bd0|49497
2025-05-17T09:01:50.390Z|0x1bd0|-job-worker-count
2025-05-17T09:01:50.390Z|0x1bd0|15
2025-05-17T09:01:50.390Z|0x1bd0|-background-job-worker-count
2025-05-17T09:01:50.390Z|0x1bd0|8
2025-05-17T09:01:50.390Z|0x1bd0|-gc-helper-count
2025-05-17T09:01:50.390Z|0x1bd0|1
2025-05-17T09:01:50.390Z|0x1bd0|-name
2025-05-17T09:01:50.390Z|0x1bd0|AssetImport
2025-05-17T09:01:50.390Z|0x1bd0|Successfully changed project path to: C:/Users/kirae/Documents/projects/unity/jrpg_2d
2025-05-17T09:01:50.391Z|0x1bd0|C:/Users/kirae/Documents/projects/unity/jrpg_2d
2025-05-17T09:01:50.391Z|0x1bd0|[UnityMemory] Configuration Parameters - Can be set up in boot.config
2025-05-17T09:01:50.391Z|0x1bd0|    "memorysetup-allocator-temp-initial-block-size-main=262144"
2025-05-17T09:01:50.391Z|0x1bd0|    "memorysetup-allocator-temp-initial-block-size-worker=262144"
2025-05-17T09:01:50.391Z|0x1bd0|    "memorysetup-bucket-allocator-granularity=16"
2025-05-17T09:01:50.391Z|0x1bd0|    "memorysetup-bucket-allocator-bucket-count=8"
2025-05-17T09:01:50.391Z|0x1bd0|    "memorysetup-bucket-allocator-block-size=33554432"
2025-05-17T09:01:50.391Z|0x1bd0|    "memorysetup-bucket-allocator-block-count=8"
2025-05-17T09:01:50.391Z|0x1bd0|    "memorysetup-main-allocator-block-size=16777216"
2025-05-17T09:01:50.391Z|0x1bd0|    "memorysetup-thread-allocator-block-size=16777216"
2025-05-17T09:01:50.391Z|0x1bd0|    "memorysetup-gfx-main-allocator-block-size=16777216"
2025-05-17T09:01:50.391Z|0x1bd0|    "memorysetup-gfx-thread-allocator-block-size=16777216"
2025-05-17T09:01:50.391Z|0x1bd0|    "memorysetup-cache-allocator-block-size=4194304"
2025-05-17T09:01:50.391Z|0x1bd0|    "memorysetup-typetree-allocator-block-size=2097152"
2025-05-17T09:01:50.391Z|0x1bd0|    "memorysetup-profiler-bucket-allocator-granularity=16"
2025-05-17T09:01:50.391Z|0x1bd0|    "memorysetup-profiler-bucket-allocator-bucket-count=8"
2025-05-17T09:01:50.391Z|0x1bd0|    "memorysetup-profiler-bucket-allocator-block-size=33554432"
2025-05-17T09:01:50.391Z|0x1bd0|    "memorysetup-profiler-bucket-allocator-block-count=8"
2025-05-17T09:01:50.391Z|0x1bd0|    "memorysetup-profiler-allocator-block-size=16777216"
2025-05-17T09:01:50.391Z|0x1bd0|    "memorysetup-profiler-editor-allocator-block-size=1048576"
2025-05-17T09:01:50.392Z|0x1bd0|    "memorysetup-temp-allocator-size-main=16777216"
2025-05-17T09:01:50.392Z|0x1bd0|    "memorysetup-job-temp-allocator-block-size=2097152"
2025-05-17T09:01:50.392Z|0x1bd0|    "memorysetup-job-temp-allocator-block-size-background=1048576"
2025-05-17T09:01:50.392Z|0x1bd0|    "memorysetup-job-temp-allocator-reduction-small-platforms=262144"
2025-05-17T09:01:50.392Z|0x1bd0|    "memorysetup-temp-allocator-size-background-worker=32768"
2025-05-17T09:01:50.392Z|0x1bd0|    "memorysetup-temp-allocator-size-job-worker=262144"
2025-05-17T09:01:50.392Z|0x1bd0|    "memorysetup-temp-allocator-size-preload-manager=33554432"
2025-05-17T09:01:50.392Z|0x1bd0|    "memorysetup-temp-allocator-size-nav-mesh-worker=65536"
2025-05-17T09:01:50.392Z|0x1bd0|    "memorysetup-temp-allocator-size-audio-worker=65536"
2025-05-17T09:01:50.392Z|0x1bd0|    "memorysetup-temp-allocator-size-cloud-worker=32768"
2025-05-17T09:01:50.392Z|0x1bd0|    "memorysetup-temp-allocator-size-gi-baking-worker=262144"
2025-05-17T09:01:50.392Z|0x1bd0|    "memorysetup-temp-allocator-size-gi-baking-worker=262144"
2025-05-17T09:01:50.392Z|0x1bd0|    "memorysetup-temp-allocator-size-gi-baking-worker=262144"
2025-05-17T09:01:50.392Z|0x1bd0|    "memorysetup-temp-allocator-size-gi-baking-worker=262144"
2025-05-17T09:01:50.392Z|0x1bd0|    "memorysetup-temp-allocator-size-gi-baking-worker=262144"
2025-05-17T09:01:50.392Z|0x1bd0|    "memorysetup-temp-allocator-size-gfx=262144"
2025-05-17T09:01:50.398Z|0x1bd0|Player connection [7120]  Target information:

2025-05-17T09:01:50.398Z|0x1bd0|Player connection [7120]  * "[IP] 192.168.1.158 [Port] 0 [Flags] 2 [Guid] 700584839 [EditorId] 700584839 [Version] 1048832 [Id] WindowsEditor(7,kira-rtx) [Debug] 1 [PackageName] WindowsEditor [ProjectName] Editor" 

2025-05-17T09:01:50.398Z|0x1bd0|Player connection [7120]  * "[IP] 172.22.48.1 [Port] 0 [Flags] 2 [Guid] 700584839 [EditorId] 700584839 [Version] 1048832 [Id] WindowsEditor(7,kira-rtx) [Debug] 1 [PackageName] WindowsEditor [ProjectName] Editor" 

2025-05-17T09:01:50.398Z|0x1bd0|Player connection [7120]  * "[IP] 192.168.56.1 [Port] 0 [Flags] 2 [Guid] 700584839 [EditorId] 700584839 [Version] 1048832 [Id] WindowsEditor(7,kira-rtx) [Debug] 1 [PackageName] WindowsEditor [ProjectName] Editor" 

2025-05-17T09:01:50.399Z|0x1bd0|Player connection [7120] Host joined multi-casting on [225.0.0.222:54997]...
2025-05-17T09:01:50.399Z|0x1bd0|Player connection [7120] Host joined alternative multi-casting on [225.0.0.222:34997]...
2025-05-17T09:01:50.399Z|0x1bd0|JobSystem: Creating JobQueue using job-worker-count value 15
2025-05-17T09:01:50.403Z|0x1bd0|Input System module state changed to: Initialized.
2025-05-17T09:01:50.404Z|0x1bd0|[Physics::Module] Initialized fallback backend.
2025-05-17T09:01:50.404Z|0x1bd0|[Physics::Module] Id: 0xdecafbad
2025-05-17T09:01:50.439Z|0x1bd0|Library Redirect Path: Library/
2025-05-17T09:01:50.479Z|0x1bd0|[Physics::Module] Selected backend.
2025-05-17T09:01:50.479Z|0x1bd0|[Physics::Module] Name: PhysX
2025-05-17T09:01:50.479Z|0x1bd0|[Physics::Module] Id: 0xf2b8ea05
2025-05-17T09:01:50.479Z|0x1bd0|[Physics::Module] SDK Version: 4.1.2
2025-05-17T09:01:50.479Z|0x1bd0|[Physics::Module] Integration Version: 1.0.0
2025-05-17T09:01:50.479Z|0x1bd0|[Physics::Module] Threading Mode: Multi-Threaded
2025-05-17T09:01:50.486Z|0x1bd0|Refreshing native plugins compatible for Editor in 1.68 ms, found 4 plugins.
2025-05-17T09:01:50.486Z|0x1bd0|Preloading 0 native plugins for Editor in 0.00 ms.
2025-05-17T09:01:50.486Z|0x1bd0|Initialize engine version: 6000.1.3f1 (f34db9734971)
2025-05-17T09:01:50.486Z|0x1bd0|[Subsystems] Discovering subsystems at path C:/Program Files/Unity/Hub/Editor/6000.1.3f1/Editor/Data/Resources/UnitySubsystems
2025-05-17T09:01:50.486Z|0x1bd0|[Subsystems] Discovering subsystems at path C:/Users/kirae/Documents/projects/unity/jrpg_2d/Assets
2025-05-17T09:01:50.486Z|0x1bd0|GfxDevice: creating device client; kGfxThreadingModeNonThreaded
2025-05-17T09:01:51.019Z|0x1bd0|Direct3D:
2025-05-17T09:01:51.019Z|0x1bd0|    Version:         Direct3D 12 [level 12.1]
2025-05-17T09:01:51.019Z|0x1bd0|    Renderer:        NVIDIA GeForce RTX 4080 SUPER (ID=0x2702)
2025-05-17T09:01:51.019Z|0x1bd0|    Vendor:          NVIDIA
2025-05-17T09:01:51.019Z|0x1bd0|    VRAM:            16047 MB
2025-05-17T09:01:51.019Z|0x1bd0|    App VRAM Budget: 15279 MB
2025-05-17T09:01:51.019Z|0x1bd0|    Driver:          32.0.15.7602
2025-05-17T09:01:51.084Z|0x1bd0|Initialize mono
2025-05-17T09:01:51.084Z|0x1bd0|Mono path[0] = 'C:/Program Files/Unity/Hub/Editor/6000.1.3f1/Editor/Data/Managed'
2025-05-17T09:01:51.084Z|0x1bd0|Mono path[1] = 'C:/Program Files/Unity/Hub/Editor/6000.1.3f1/Editor/Data/MonoBleedingEdge/lib/mono/unityjit-win32'
2025-05-17T09:01:51.084Z|0x1bd0|Mono config path = 'C:/Program Files/Unity/Hub/Editor/6000.1.3f1/Editor/Data/MonoBleedingEdge/etc'
2025-05-17T09:01:51.084Z|0x1bd0|Using monoOptions --debugger-agent=transport=dt_socket,embedding=1,server=y,suspend=n,address=127.0.0.1:56964
2025-05-17T09:01:51.116Z|0x1bd0|Begin MonoManager ReloadAssembly
2025-05-17T09:01:51.241Z|0x1bd0|Registering precompiled unity dll's ...
2025-05-17T09:01:51.241Z|0x1bd0|Register platform support module: C:/Program Files/Unity/Hub/Editor/6000.1.3f1/Editor/Data/PlaybackEngines/WindowsStandaloneSupport/UnityEditor.WindowsStandalone.Extensions.dll
2025-05-17T09:01:51.242Z|0x1bd0|Registered in 0.001754 seconds.
2025-05-17T09:01:51.384Z|0x1bd0|- Loaded All Assemblies, in  0.268 seconds
2025-05-17T09:01:51.436Z|0x1bd0|Native extension for WindowsStandalone target not found
2025-05-17T09:01:51.616Z|0x1bd0|Mono: successfully reloaded assembly
2025-05-17T09:01:51.626Z|0x1bd0|- Finished resetting the current domain, in  0.241 seconds
2025-05-17T09:01:51.626Z|0x1bd0|Domain Reload Profiling: 508ms
	BeginReloadAssembly (80ms)
		ExecutionOrderSort (0ms)
		DisableScriptedObjects (0ms)
		BackupInstance (0ms)
		ReleaseScriptingObjects (0ms)
		CreateAndSetChildDomain (1ms)
	RebuildCommonClasses (25ms)
	RebuildNativeTypeToScriptingClass (7ms)
	initialDomainReloadingComplete (38ms)
	LoadAllAssembliesAndSetupDomain (116ms)
		LoadAssemblies (78ms)
		RebuildTransferFunctionScriptingTraits (0ms)
		AnalyzeDomain (113ms)
			TypeCache.Refresh (112ms)
				TypeCache.ScanAssembly (102ms)
			BuildScriptInfoCaches (0ms)
			ResolveRequiredComponents (0ms)
	FinalizeReload (241ms)
		ReleaseScriptCaches (0ms)
		RebuildScriptCaches (0ms)
		SetupLoadedEditorAssemblies (212ms)
			LogAssemblyErrors (0ms)
			InitializePlatformSupportModulesInManaged (33ms)
			SetLoadedEditorAssemblies (3ms)
			BeforeProcessingInitializeOnLoad (43ms)
			ProcessInitializeOnLoadAttributes (87ms)
			ProcessInitializeOnLoadMethodAttributes (45ms)
			AfterProcessingInitializeOnLoad (0ms)
			EditorAssembliesLoaded (0ms)
		ExecutionOrderSort2 (0ms)
		AwakeInstancesAfterBackupRestoration (0ms)
2025-05-17T09:01:51.751Z|0x1bd0|========================================================================
2025-05-17T09:01:51.751Z|0x1bd0|Worker process is ready to serve import requests
2025-05-17T09:01:51.751Z|0x1bd0|Import Worker Mode flag is 0x00
2025-05-17T09:01:51.835Z|0x1bd0|Begin MonoManager ReloadAssembly
2025-05-17T09:01:52.362Z|0x1bd0|- Loaded All Assemblies, in  0.528 seconds
2025-05-17T09:01:52.527Z|0x1bd0|Refreshing native plugins compatible for Editor in 0.78 ms, found 4 plugins.
2025-05-17T09:01:52.609Z|0x1bd0|Native extension for WindowsStandalone target not found
2025-05-17T09:01:52.951Z|0x1bd0|Package Manager log level set to [2]
2025-05-17T09:01:52.951Z|0x1bd0|[Package Manager] Failed to launch server process. Reason: Unity was launched with the -noUpm command-line argument
2025-05-17T09:01:52.951Z|0x1bd0|[Package Manager] Unable to send message (not connected to server process).
2025-05-17T09:01:52.951Z|0x1bd0|[Package Manager] Cannot connect to Unity Package Manager local server
2025-05-17T09:01:53.042Z|0x1bd0|Mono: successfully reloaded assembly
2025-05-17T09:01:53.048Z|0x1bd0|- Finished resetting the current domain, in  0.519 seconds
2025-05-17T09:01:53.049Z|0x1bd0|Domain Reload Profiling: 1045ms
	BeginReloadAssembly (122ms)
		ExecutionOrderSort (0ms)
		DisableScriptedObjects (4ms)
		BackupInstance (0ms)
		ReleaseScriptingObjects (0ms)
		CreateAndSetChildDomain (23ms)
	RebuildCommonClasses (23ms)
	RebuildNativeTypeToScriptingClass (7ms)
	initialDomainReloadingComplete (26ms)
	LoadAllAssembliesAndSetupDomain (347ms)
		LoadAssemblies (242ms)
		RebuildTransferFunctionScriptingTraits (0ms)
		AnalyzeDomain (172ms)
			TypeCache.Refresh (128ms)
				TypeCache.ScanAssembly (116ms)
			BuildScriptInfoCaches (36ms)
			ResolveRequiredComponents (7ms)
	FinalizeReload (520ms)
		ReleaseScriptCaches (0ms)
		RebuildScriptCaches (0ms)
		SetupLoadedEditorAssemblies (429ms)
			LogAssemblyErrors (0ms)
			InitializePlatformSupportModulesInManaged (1ms)
			SetLoadedEditorAssemblies (2ms)
			BeforeProcessingInitializeOnLoad (86ms)
			ProcessInitializeOnLoadAttributes (265ms)
			ProcessInitializeOnLoadMethodAttributes (72ms)
			AfterProcessingInitializeOnLoad (3ms)
			EditorAssembliesLoaded (0ms)
		ExecutionOrderSort2 (0ms)
		AwakeInstancesAfterBackupRestoration (4ms)
2025-05-17T09:01:53.179Z|0x1bd0|Launched and connected shader compiler UnityShaderCompiler.exe after 0.01 seconds
2025-05-17T09:01:53.219Z|0x1bd0|Refreshing native plugins compatible for Editor in 0.84 ms, found 4 plugins.
2025-05-17T09:01:53.219Z|0x1bd0|Preloading 0 native plugins for Editor in 0.00 ms.
2025-05-17T09:01:53.221Z|0x8d78|Unloading 217 Unused Serialized files (Serialized files now loaded: 0)
2025-05-17T09:01:53.228Z|0x1bd0|Unloading 6622 unused Assets / (5.7 MB). Loaded Objects now: 7289.
Memory consumption went from 182.8 MB to 177.2 MB.
2025-05-17T09:01:53.228Z|0x1bd0|Total: 6.229600 ms (FindLiveObjects: 0.428700 ms CreateObjectMapping: 0.236300 ms MarkObjects: 3.248100 ms  DeleteObjects: 2.315200 ms)

2025-05-17T09:06:34.502Z|0x1bd0|========================================================================
Received Import Request.
  Time since last request: 43410.237865 seconds.
  path: Assets/Kira/Tilesets/TinyRPG Forest/tileset-sliced_48.asset
  artifactKey: Guid(49195c89d2b9ca14794f7eec47c9f053) Importer(815301076,1909f56bfc062723c751e8b465ee728b)
2025-05-17T09:06:34.511Z|0x1bd0|Start importing Assets/Kira/Tilesets/TinyRPG Forest/tileset-sliced_48.asset using Guid(49195c89d2b9ca14794f7eec47c9f053) Importer(815301076,1909f56bfc062723c751e8b465ee728b) (PreviewImporter) -> (artifact id: 'f97815fe97263aa31be8692466342b33') in 0.0753351 seconds
2025-05-17T09:06:34.602Z|0x1bd0|Number of updated asset objects reloaded before import = 0Number of asset objects unloaded after import = 3

2025-05-17T09:06:34.604Z|0x1bd0|========================================================================
Received Import Request.
  Time since last request: 0.000024 seconds.
  path: Assets/Kira/Tilesets/TinyRPG Forest/tileset-sliced_61.asset
  artifactKey: Guid(1f8ea855aa3eb65479976a468b0cb97f) Importer(815301076,1909f56bfc062723c751e8b465ee728b)
2025-05-17T09:06:34.610Z|0x1bd0|Start importing Assets/Kira/Tilesets/TinyRPG Forest/tileset-sliced_61.asset using Guid(1f8ea855aa3eb65479976a468b0cb97f) Importer(815301076,1909f56bfc062723c751e8b465ee728b) (PreviewImporter) -> (artifact id: 'dfc23a1740208f9bbcd2433e93f0fdca') in 0.0068425 seconds
2025-05-17T09:06:34.631Z|0x1bd0|Number of updated asset objects reloaded before import = 0Number of asset objects unloaded after import = 3

2025-05-17T09:06:34.631Z|0x1bd0|========================================================================
Received Import Request.
  Time since last request: 0.000016 seconds.
  path: Assets/Kira/Tilesets/TinyRPG Forest/tileset-sliced_55.asset
  artifactKey: Guid(52bf362000694fd43bf509c9d5036738) Importer(815301076,1909f56bfc062723c751e8b465ee728b)
2025-05-17T09:06:34.637Z|0x1bd0|Start importing Assets/Kira/Tilesets/TinyRPG Forest/tileset-sliced_55.asset using Guid(52bf362000694fd43bf509c9d5036738) Importer(815301076,1909f56bfc062723c751e8b465ee728b) (PreviewImporter) -> (artifact id: 'b070d78931bec16c9cf9370791c81c5b') in 0.0110555 seconds
2025-05-17T09:06:34.663Z|0x1bd0|Number of updated asset objects reloaded before import = 0Number of asset objects unloaded after import = 3

2025-05-17T09:06:34.663Z|0x1bd0|========================================================================
Received Import Request.
  Time since last request: 0.000031 seconds.
  path: Assets/Kira/Tilesets/TinyRPG Forest/tileset-sliced_83.asset
  artifactKey: Guid(451b08eebf8fd264f85d0aa241cf0328) Importer(815301076,1909f56bfc062723c751e8b465ee728b)
2025-05-17T09:06:34.669Z|0x1bd0|Start importing Assets/Kira/Tilesets/TinyRPG Forest/tileset-sliced_83.asset using Guid(451b08eebf8fd264f85d0aa241cf0328) Importer(815301076,1909f56bfc062723c751e8b465ee728b) (PreviewImporter) -> (artifact id: 'bd9090a4bb0c71a53110f8f94f9d8d23') in 0.0098292 seconds
2025-05-17T09:06:34.693Z|0x1bd0|Number of updated asset objects reloaded before import = 0Number of asset objects unloaded after import = 3

2025-05-17T09:06:34.693Z|0x1bd0|========================================================================
Received Import Request.
  Time since last request: 0.000016 seconds.
  path: Assets/Kira/Tilesets/TinyRPG Forest/tileset-sliced_84.asset
  artifactKey: Guid(9bc82341d2c45dc4da4b0aa54403911e) Importer(815301076,1909f56bfc062723c751e8b465ee728b)
2025-05-17T09:06:34.699Z|0x1bd0|Start importing Assets/Kira/Tilesets/TinyRPG Forest/tileset-sliced_84.asset using Guid(9bc82341d2c45dc4da4b0aa54403911e) Importer(815301076,1909f56bfc062723c751e8b465ee728b) (PreviewImporter) -> (artifact id: '4a7ddd49552b0e09710f9c144f87ac3a') in 0.0091986 seconds
2025-05-17T09:06:34.723Z|0x1bd0|Number of updated asset objects reloaded before import = 0Number of asset objects unloaded after import = 3

2025-05-17T09:06:34.723Z|0x1bd0|========================================================================
Received Import Request.
  Time since last request: 0.000024 seconds.
  path: Assets/Kira/Tilesets/TinyRPG Forest/tileset-sliced_81.asset
  artifactKey: Guid(ed13a4a1b45ed1d458c6676ef9c29457) Importer(815301076,1909f56bfc062723c751e8b465ee728b)
2025-05-17T09:06:34.729Z|0x1bd0|Start importing Assets/Kira/Tilesets/TinyRPG Forest/tileset-sliced_81.asset using Guid(ed13a4a1b45ed1d458c6676ef9c29457) Importer(815301076,1909f56bfc062723c751e8b465ee728b) (PreviewImporter) -> (artifact id: '193704884a2193a1215e86466d3e8089') in 0.0045702 seconds
2025-05-17T09:06:34.747Z|0x1bd0|Number of updated asset objects reloaded before import = 0Number of asset objects unloaded after import = 3

2025-05-17T09:06:34.747Z|0x1bd0|========================================================================
Received Import Request.
  Time since last request: 0.000017 seconds.
  path: Assets/Kira/Tilesets/TinyRPG Forest/tileset-sliced_71.asset
  artifactKey: Guid(03e421d3f27b013408adc886d770ea11) Importer(815301076,1909f56bfc062723c751e8b465ee728b)
2025-05-17T09:06:34.754Z|0x1bd0|Start importing Assets/Kira/Tilesets/TinyRPG Forest/tileset-sliced_71.asset using Guid(03e421d3f27b013408adc886d770ea11) Importer(815301076,1909f56bfc062723c751e8b465ee728b) (PreviewImporter) -> (artifact id: '6fc28d4289dde1c881cad4437730afb1') in 0.0046099 seconds
2025-05-17T09:06:34.772Z|0x1bd0|Number of updated asset objects reloaded before import = 0Number of asset objects unloaded after import = 3

2025-05-17T09:06:34.772Z|0x1bd0|========================================================================
Received Import Request.
  Time since last request: 0.000017 seconds.
  path: Assets/Kira/Tilesets/TinyRPG Forest/tileset-sliced_72.asset
  artifactKey: Guid(2660fda9fb3f45340ab5c5135e46d26a) Importer(815301076,1909f56bfc062723c751e8b465ee728b)
2025-05-17T09:06:34.778Z|0x1bd0|Start importing Assets/Kira/Tilesets/TinyRPG Forest/tileset-sliced_72.asset using Guid(2660fda9fb3f45340ab5c5135e46d26a) Importer(815301076,1909f56bfc062723c751e8b465ee728b) (PreviewImporter) -> (artifact id: 'b6e291eca03b44db6fbff10050a28a7c') in 0.0043382 seconds
2025-05-17T09:06:34.796Z|0x1bd0|Number of updated asset objects reloaded before import = 0Number of asset objects unloaded after import = 3

2025-05-17T09:06:34.796Z|0x1bd0|========================================================================
Received Import Request.
  Time since last request: 0.000014 seconds.
  path: Assets/Kira/Tilesets/TinyRPG Forest/tileset-sliced_86.asset
  artifactKey: Guid(3b2328c836cd3c148ac68fb0077e43a1) Importer(815301076,1909f56bfc062723c751e8b465ee728b)
2025-05-17T09:06:34.803Z|0x1bd0|Start importing Assets/Kira/Tilesets/TinyRPG Forest/tileset-sliced_86.asset using Guid(3b2328c836cd3c148ac68fb0077e43a1) Importer(815301076,1909f56bfc062723c751e8b465ee728b) (PreviewImporter) -> (artifact id: 'dae4d3020a74f2389d04a930ef3d119e') in 0.0091022 seconds
2025-05-17T09:06:34.825Z|0x1bd0|Number of updated asset objects reloaded before import = 0Number of asset objects unloaded after import = 3

2025-05-17T09:06:34.825Z|0x1bd0|========================================================================
Received Import Request.
  Time since last request: 0.000015 seconds.
  path: Assets/Kira/Tilesets/TinyRPG Forest/tileset-sliced_89.asset
  artifactKey: Guid(b3b511d349333b8468e36f3b753010e1) Importer(815301076,1909f56bfc062723c751e8b465ee728b)
2025-05-17T09:06:34.831Z|0x1bd0|Start importing Assets/Kira/Tilesets/TinyRPG Forest/tileset-sliced_89.asset using Guid(b3b511d349333b8468e36f3b753010e1) Importer(815301076,1909f56bfc062723c751e8b465ee728b) (PreviewImporter) -> (artifact id: '39a201f8a145ac0a5d707a27414c4131') in 0.0060382 seconds
2025-05-17T09:06:34.851Z|0x1bd0|Number of updated asset objects reloaded before import = 0Number of asset objects unloaded after import = 3

2025-05-17T09:06:34.851Z|0x1bd0|========================================================================
Received Import Request.
  Time since last request: 0.000015 seconds.
  path: Assets/Kira/Tilesets/TinyRPG Forest/tileset-sliced_64.asset
  artifactKey: Guid(0972ff7228d5d2740bbe461a334d4a84) Importer(815301076,1909f56bfc062723c751e8b465ee728b)
2025-05-17T09:06:34.857Z|0x1bd0|Start importing Assets/Kira/Tilesets/TinyRPG Forest/tileset-sliced_64.asset using Guid(0972ff7228d5d2740bbe461a334d4a84) Importer(815301076,1909f56bfc062723c751e8b465ee728b) (PreviewImporter) -> (artifact id: '0fec7dfce23b5a6c228cf305e8673f92') in 0.0065639 seconds
2025-05-17T09:06:34.877Z|0x1bd0|Number of updated asset objects reloaded before import = 0Number of asset objects unloaded after import = 3

2025-05-17T09:06:34.877Z|0x1bd0|========================================================================
Received Import Request.
  Time since last request: 0.000018 seconds.
  path: Assets/Kira/Tilesets/TinyRPG Forest/tileset-sliced_74.asset
  artifactKey: Guid(44ec9796d0848b64ab0dcc4b60ecfb9f) Importer(815301076,1909f56bfc062723c751e8b465ee728b)
2025-05-17T09:06:34.883Z|0x1bd0|Start importing Assets/Kira/Tilesets/TinyRPG Forest/tileset-sliced_74.asset using Guid(44ec9796d0848b64ab0dcc4b60ecfb9f) Importer(815301076,1909f56bfc062723c751e8b465ee728b) (PreviewImporter) -> (artifact id: 'bd1893094c84caa0c2491881bbb1d4f7') in 0.0063348 seconds
2025-05-17T09:06:34.903Z|0x1bd0|Number of updated asset objects reloaded before import = 0Number of asset objects unloaded after import = 3

2025-05-17T09:06:34.903Z|0x1bd0|========================================================================
Received Import Request.
  Time since last request: 0.000015 seconds.
  path: Assets/Kira/Tilesets/TinyRPG Forest/tileset-sliced_51.asset
  artifactKey: Guid(d42d756d988193949b6989a800e2b431) Importer(815301076,1909f56bfc062723c751e8b465ee728b)
2025-05-17T09:06:34.909Z|0x1bd0|Start importing Assets/Kira/Tilesets/TinyRPG Forest/tileset-sliced_51.asset using Guid(d42d756d988193949b6989a800e2b431) Importer(815301076,1909f56bfc062723c751e8b465ee728b) (PreviewImporter) -> (artifact id: '05dfc9d95a5703e4fddbe3237eeccb4e') in 0.012762 seconds
2025-05-17T09:06:34.935Z|0x1bd0|Number of updated asset objects reloaded before import = 0Number of asset objects unloaded after import = 3

2025-05-17T09:06:34.935Z|0x1bd0|========================================================================
Received Import Request.
  Time since last request: 0.000018 seconds.
  path: Assets/Kira/Tilesets/TinyRPG Forest/tileset-sliced_85.asset
  artifactKey: Guid(b7810b3f71ee240478c3c7660fe825c3) Importer(815301076,1909f56bfc062723c751e8b465ee728b)
2025-05-17T09:06:34.941Z|0x1bd0|Start importing Assets/Kira/Tilesets/TinyRPG Forest/tileset-sliced_85.asset using Guid(b7810b3f71ee240478c3c7660fe825c3) Importer(815301076,1909f56bfc062723c751e8b465ee728b) (PreviewImporter) -> (artifact id: '765db94072b72637cbd62e533f75ba79') in 0.0116784 seconds
2025-05-17T09:06:34.966Z|0x1bd0|Number of updated asset objects reloaded before import = 0Number of asset objects unloaded after import = 3

2025-05-17T09:06:34.966Z|0x1bd0|========================================================================
Received Import Request.
  Time since last request: 0.000039 seconds.
  path: Assets/Kira/Tilesets/TinyRPG Forest/tileset-sliced_75.asset
  artifactKey: Guid(acceae44c3d7cb24f9ea6708c31d260e) Importer(815301076,1909f56bfc062723c751e8b465ee728b)
2025-05-17T09:06:34.973Z|0x1bd0|Start importing Assets/Kira/Tilesets/TinyRPG Forest/tileset-sliced_75.asset using Guid(acceae44c3d7cb24f9ea6708c31d260e) Importer(815301076,1909f56bfc062723c751e8b465ee728b) (PreviewImporter) -> (artifact id: '1737294d0e9047cd761c9099f15cf93d') in 0.0080543 seconds
2025-05-17T09:06:34.995Z|0x1bd0|Number of updated asset objects reloaded before import = 0Number of asset objects unloaded after import = 3

2025-05-17T09:06:34.995Z|0x1bd0|========================================================================
Received Import Request.
  Time since last request: 0.000014 seconds.
  path: Assets/Kira/Tilesets/TinyRPG Forest/tileset-sliced_94.asset
  artifactKey: Guid(7ae7e373d6291f64a984c8c170d23a48) Importer(815301076,1909f56bfc062723c751e8b465ee728b)
2025-05-17T09:06:35.001Z|0x1bd0|Start importing Assets/Kira/Tilesets/TinyRPG Forest/tileset-sliced_94.asset using Guid(7ae7e373d6291f64a984c8c170d23a48) Importer(815301076,1909f56bfc062723c751e8b465ee728b) (PreviewImporter) -> (artifact id: 'ddf810dba1dca0d9c48fb66f09acc8bd') in 0.0081672 seconds
2025-05-17T09:06:35.024Z|0x1bd0|Number of updated asset objects reloaded before import = 0Number of asset objects unloaded after import = 3

2025-05-17T09:06:35.024Z|0x1bd0|========================================================================
Received Import Request.
  Time since last request: 0.000017 seconds.
  path: Assets/Kira/Tilesets/TinyRPG Forest/tileset-sliced_95.asset
  artifactKey: Guid(162b4c9c09fcb5f448ea1b437bc4939c) Importer(815301076,1909f56bfc062723c751e8b465ee728b)
2025-05-17T09:06:35.030Z|0x1bd0|Start importing Assets/Kira/Tilesets/TinyRPG Forest/tileset-sliced_95.asset using Guid(162b4c9c09fcb5f448ea1b437bc4939c) Importer(815301076,1909f56bfc062723c751e8b465ee728b) (PreviewImporter) -> (artifact id: '3464b52e9bfa0287b9eeded93a7c7480') in 0.011838 seconds
2025-05-17T09:06:35.054Z|0x1bd0|Number of updated asset objects reloaded before import = 0Number of asset objects unloaded after import = 3

2025-05-17T09:06:35.054Z|0x1bd0|========================================================================
Received Import Request.
  Time since last request: 0.000016 seconds.
  path: Assets/Kira/Tilesets/TinyRPG Forest/tileset-sliced_87.asset
  artifactKey: Guid(17efab0c047762145a5a50c23c525e95) Importer(815301076,1909f56bfc062723c751e8b465ee728b)
2025-05-17T09:06:35.061Z|0x1bd0|Start importing Assets/Kira/Tilesets/TinyRPG Forest/tileset-sliced_87.asset using Guid(17efab0c047762145a5a50c23c525e95) Importer(815301076,1909f56bfc062723c751e8b465ee728b) (PreviewImporter) -> (artifact id: '2fa44fa80b7a689c3b5194692deddc50') in 0.0137288 seconds
2025-05-17T09:06:35.089Z|0x1bd0|Number of updated asset objects reloaded before import = 0Number of asset objects unloaded after import = 3

2025-05-17T09:06:35.089Z|0x1bd0|========================================================================
Received Import Request.
  Time since last request: 0.000016 seconds.
  path: Assets/Kira/Tilesets/TinyRPG Forest/tileset-sliced_93.asset
  artifactKey: Guid(45e00f092e764454c926964e64bdd3c0) Importer(815301076,1909f56bfc062723c751e8b465ee728b)
2025-05-17T09:06:35.095Z|0x1bd0|Start importing Assets/Kira/Tilesets/TinyRPG Forest/tileset-sliced_93.asset using Guid(45e00f092e764454c926964e64bdd3c0) Importer(815301076,1909f56bfc062723c751e8b465ee728b) (PreviewImporter) -> (artifact id: '6ff7f53ffa10d40d0e635fe06cd4f70e') in 0.0086844 seconds
2025-05-17T09:06:35.117Z|0x1bd0|Number of updated asset objects reloaded before import = 0Number of asset objects unloaded after import = 3

2025-05-17T09:06:35.117Z|0x1bd0|========================================================================
Received Import Request.
  Time since last request: 0.000019 seconds.
  path: Assets/Kira/Tilesets/TinyRPG Forest/tileset-sliced_56.asset
  artifactKey: Guid(2fb933668687a4e4984c4d210154f5ec) Importer(815301076,1909f56bfc062723c751e8b465ee728b)
2025-05-17T09:06:35.123Z|0x1bd0|Start importing Assets/Kira/Tilesets/TinyRPG Forest/tileset-sliced_56.asset using Guid(2fb933668687a4e4984c4d210154f5ec) Importer(815301076,1909f56bfc062723c751e8b465ee728b) (PreviewImporter) -> (artifact id: '1ce0234892e517b4d3b6e6045c69988b') in 0.0067799 seconds
2025-05-17T09:06:35.143Z|0x1bd0|Number of updated asset objects reloaded before import = 0Number of asset objects unloaded after import = 3

2025-05-17T09:06:35.143Z|0x1bd0|========================================================================
Received Import Request.
  Time since last request: 0.000017 seconds.
  path: Assets/Kira/Tilesets/TinyRPG Forest/tileset-sliced_88.asset
  artifactKey: Guid(a1c168a6db9633e409664ed130665635) Importer(815301076,1909f56bfc062723c751e8b465ee728b)
2025-05-17T09:06:35.149Z|0x1bd0|Start importing Assets/Kira/Tilesets/TinyRPG Forest/tileset-sliced_88.asset using Guid(a1c168a6db9633e409664ed130665635) Importer(815301076,1909f56bfc062723c751e8b465ee728b) (PreviewImporter) -> (artifact id: 'b178851207753d040a8d401d362cb1ca') in 0.012872 seconds
2025-05-17T09:06:35.174Z|0x1bd0|Number of updated asset objects reloaded before import = 0Number of asset objects unloaded after import = 3

2025-05-17T09:06:35.174Z|0x1bd0|========================================================================
Received Import Request.
  Time since last request: 0.000020 seconds.
  path: Assets/Kira/Tilesets/TinyRPG Forest/tileset-sliced_77.asset
  artifactKey: Guid(deeabbc1e9672c543bde03b5fe9a5baa) Importer(815301076,1909f56bfc062723c751e8b465ee728b)
2025-05-17T09:06:35.181Z|0x1bd0|Start importing Assets/Kira/Tilesets/TinyRPG Forest/tileset-sliced_77.asset using Guid(deeabbc1e9672c543bde03b5fe9a5baa) Importer(815301076,1909f56bfc062723c751e8b465ee728b) (PreviewImporter) -> (artifact id: '30e6bdaf4b69f85f1f7120d68ef2bf80') in 0.0085021 seconds
2025-05-17T09:06:35.220Z|0x1bd0|Number of updated asset objects reloaded before import = 0Number of asset objects unloaded after import = 3

2025-05-17T09:06:35.220Z|0x1bd0|========================================================================
Received Import Request.
  Time since last request: 0.000024 seconds.
  path: Assets/Kira/Tilesets/TinyRPG Forest/tileset-sliced_70.asset
  artifactKey: Guid(205d633d7ec51f143a7633b1a9a2a3b4) Importer(815301076,1909f56bfc062723c751e8b465ee728b)
2025-05-17T09:06:35.226Z|0x1bd0|Start importing Assets/Kira/Tilesets/TinyRPG Forest/tileset-sliced_70.asset using Guid(205d633d7ec51f143a7633b1a9a2a3b4) Importer(815301076,1909f56bfc062723c751e8b465ee728b) (PreviewImporter) -> (artifact id: '5c37f8be16e465b6a23f5e29fdaafcd8') in 0.0077226 seconds
2025-05-17T09:06:35.249Z|0x1bd0|Number of updated asset objects reloaded before import = 0Number of asset objects unloaded after import = 3

2025-05-17T09:06:35.249Z|0x1bd0|========================================================================
Received Import Request.
  Time since last request: 0.000028 seconds.
  path: Assets/Kira/Tilesets/TinyRPG Forest/tileset-sliced_90.asset
  artifactKey: Guid(e722dcf429f3a1f4bb5ca7f2b82801be) Importer(815301076,1909f56bfc062723c751e8b465ee728b)
2025-05-17T09:06:35.255Z|0x1bd0|Start importing Assets/Kira/Tilesets/TinyRPG Forest/tileset-sliced_90.asset using Guid(e722dcf429f3a1f4bb5ca7f2b82801be) Importer(815301076,1909f56bfc062723c751e8b465ee728b) (PreviewImporter) -> (artifact id: 'f288f1e1ee7c9d3f4478661f0c52ab20') in 0.0159917 seconds
2025-05-17T09:06:35.285Z|0x1bd0|Number of updated asset objects reloaded before import = 0Number of asset objects unloaded after import = 3

2025-05-17T09:06:39.232Z|0x1bd0|========================================================================
2025-05-17T09:06:39.232Z|0x1bd0|Received Prepare
2025-05-17T09:06:39.334Z|0x1bd0|Begin MonoManager ReloadAssembly
2025-05-17T09:06:39.857Z|0x1bd0|- Loaded All Assemblies, in  0.524 seconds
2025-05-17T09:06:40.053Z|0x1bd0|Refreshing native plugins compatible for Editor in 0.87 ms, found 4 plugins.
2025-05-17T09:06:40.149Z|0x1bd0|Native extension for WindowsStandalone target not found
2025-05-17T09:06:40.497Z|0x1bd0|[Package Manager] Failed to launch server process. Reason: Unity was launched with the -noUpm command-line argument
2025-05-17T09:06:40.498Z|0x1bd0|[Package Manager] Unable to send message (not connected to server process).
2025-05-17T09:06:40.498Z|0x1bd0|[Package Manager] Cannot connect to Unity Package Manager local server
2025-05-17T09:06:40.553Z|0x1bd0|Mono: successfully reloaded assembly
2025-05-17T09:06:40.567Z|0x1bd0|- Finished resetting the current domain, in  0.513 seconds
2025-05-17T09:06:40.567Z|0x1bd0|Domain Reload Profiling: 1038ms
	BeginReloadAssembly (157ms)
		ExecutionOrderSort (0ms)
		DisableScriptedObjects (11ms)
		BackupInstance (0ms)
		ReleaseScriptingObjects (0ms)
		CreateAndSetChildDomain (41ms)
	RebuildCommonClasses (23ms)
	RebuildNativeTypeToScriptingClass (8ms)
	initialDomainReloadingComplete (17ms)
	LoadAllAssembliesAndSetupDomain (319ms)
		LoadAssemblies (250ms)
		RebuildTransferFunctionScriptingTraits (0ms)
		AnalyzeDomain (131ms)
			TypeCache.Refresh (7ms)
				TypeCache.ScanAssembly (0ms)
			BuildScriptInfoCaches (114ms)
			ResolveRequiredComponents (7ms)
	FinalizeReload (513ms)
		ReleaseScriptCaches (0ms)
		RebuildScriptCaches (0ms)
		SetupLoadedEditorAssemblies (396ms)
			LogAssemblyErrors (0ms)
			InitializePlatformSupportModulesInManaged (1ms)
			SetLoadedEditorAssemblies (2ms)
			BeforeProcessingInitializeOnLoad (92ms)
			ProcessInitializeOnLoadAttributes (256ms)
			ProcessInitializeOnLoadMethodAttributes (41ms)
			AfterProcessingInitializeOnLoad (3ms)
			EditorAssembliesLoaded (0ms)
		ExecutionOrderSort2 (0ms)
		AwakeInstancesAfterBackupRestoration (10ms)
2025-05-17T09:06:40.657Z|0x1bd0|Refreshing native plugins compatible for Editor in 0.95 ms, found 4 plugins.
2025-05-17T09:06:40.657Z|0x1bd0|Preloading 0 native plugins for Editor in 0.00 ms.
2025-05-17T09:06:40.657Z|0x81fc|Unloading 36 Unused Serialized files (Serialized files now loaded: 0)
2025-05-17T09:06:40.665Z|0x1bd0|Unloading 6620 unused Assets / (6.3 MB). Loaded Objects now: 7300.
Memory consumption went from 163.2 MB to 156.9 MB.
2025-05-17T09:06:40.665Z|0x1bd0|Total: 7.606200 ms (FindLiveObjects: 0.445500 ms CreateObjectMapping: 0.301200 ms MarkObjects: 4.494000 ms  DeleteObjects: 2.364100 ms)

2025-05-17T09:06:40.665Z|0x1bd0|Prepare: number of updated asset objects reloaded= 0
2025-05-17T09:07:40.275Z|0x8d10|Editor requested this worker to shutdown with reason: Scaling down because of idle timeout
2025-05-17T09:07:40.475Z|0x1bd0|AssetImportWorker is now disconnected from the server
2025-05-17T09:07:40.475Z|0x1bd0|Process exiting
2025-05-17T09:07:40.475Z|0x1bd0|Exiting without the bug reporter. Application will terminate with return code 0