2025-05-17T08:57:12.512Z|0x7b44|Using pre-set license
2025-05-17T08:57:12.512Z|0x7b44|Built from '6000.1/staging' branch; Version is '6000.1.3f1 (f34db9734971) revision 15945145'; Using compiler version '194234433'; Build Type 'Release'
2025-05-17T08:57:12.512Z|0x7b44|OS: 'Windows 11  (10.0.26100) 64bit Professional' Language: 'en' Physical Memory: 65276 MB
2025-05-17T08:57:12.512Z|0x7b44|BatchMode: 1, IsHumanControllingUs: 0, StartBugReporterOnCrash: 0, Is64bit: 1, IsPro: 1
2025-05-17T08:57:12.512Z|0x7b44|Date: 2025-05-17T08:57:12Z
2025-05-17T08:57:12.514Z|0x7b44|
COMMAND LINE ARGUMENTS:
2025-05-17T08:57:12.515Z|0x7b44|C:\Program Files\Unity\Hub\Editor\6000.1.3f1\Editor\Unity.exe
2025-05-17T08:57:12.515Z|0x7b44|-adb2
2025-05-17T08:57:12.515Z|0x7b44|-batchMode
2025-05-17T08:57:12.515Z|0x7b44|-noUpm
2025-05-17T08:57:12.515Z|0x7b44|-name
2025-05-17T08:57:12.515Z|0x7b44|AssetImportWorker6
2025-05-17T08:57:12.515Z|0x7b44|-projectPath
2025-05-17T08:57:12.515Z|0x7b44|C:/Users/kirae/Documents/projects/unity/jrpg_2d
2025-05-17T08:57:12.515Z|0x7b44|-logFile
2025-05-17T08:57:12.515Z|0x7b44|Logs/AssetImportWorker6.log
2025-05-17T08:57:12.515Z|0x7b44|-srvPort
2025-05-17T08:57:12.515Z|0x7b44|49497
2025-05-17T08:57:12.515Z|0x7b44|-job-worker-count
2025-05-17T08:57:12.515Z|0x7b44|15
2025-05-17T08:57:12.515Z|0x7b44|-background-job-worker-count
2025-05-17T08:57:12.515Z|0x7b44|8
2025-05-17T08:57:12.515Z|0x7b44|-gc-helper-count
2025-05-17T08:57:12.515Z|0x7b44|1
2025-05-17T08:57:12.515Z|0x7b44|-name
2025-05-17T08:57:12.515Z|0x7b44|AssetImport
2025-05-17T08:57:12.515Z|0x7b44|Successfully changed project path to: C:/Users/kirae/Documents/projects/unity/jrpg_2d
2025-05-17T08:57:12.515Z|0x7b44|C:/Users/kirae/Documents/projects/unity/jrpg_2d
2025-05-17T08:57:12.516Z|0x7b44|[UnityMemory] Configuration Parameters - Can be set up in boot.config
2025-05-17T08:57:12.516Z|0x7b44|    "memorysetup-allocator-temp-initial-block-size-main=262144"
2025-05-17T08:57:12.516Z|0x7b44|    "memorysetup-allocator-temp-initial-block-size-worker=262144"
2025-05-17T08:57:12.516Z|0x7b44|    "memorysetup-bucket-allocator-granularity=16"
2025-05-17T08:57:12.516Z|0x7b44|    "memorysetup-bucket-allocator-bucket-count=8"
2025-05-17T08:57:12.516Z|0x7b44|    "memorysetup-bucket-allocator-block-size=33554432"
2025-05-17T08:57:12.516Z|0x7b44|    "memorysetup-bucket-allocator-block-count=8"
2025-05-17T08:57:12.516Z|0x7b44|    "memorysetup-main-allocator-block-size=16777216"
2025-05-17T08:57:12.516Z|0x7b44|    "memorysetup-thread-allocator-block-size=16777216"
2025-05-17T08:57:12.516Z|0x7b44|    "memorysetup-gfx-main-allocator-block-size=16777216"
2025-05-17T08:57:12.516Z|0x7b44|    "memorysetup-gfx-thread-allocator-block-size=16777216"
2025-05-17T08:57:12.516Z|0x7b44|    "memorysetup-cache-allocator-block-size=4194304"
2025-05-17T08:57:12.516Z|0x7b44|    "memorysetup-typetree-allocator-block-size=2097152"
2025-05-17T08:57:12.516Z|0x7b44|    "memorysetup-profiler-bucket-allocator-granularity=16"
2025-05-17T08:57:12.516Z|0x7b44|    "memorysetup-profiler-bucket-allocator-bucket-count=8"
2025-05-17T08:57:12.516Z|0x7b44|    "memorysetup-profiler-bucket-allocator-block-size=33554432"
2025-05-17T08:57:12.516Z|0x7b44|    "memorysetup-profiler-bucket-allocator-block-count=8"
2025-05-17T08:57:12.516Z|0x7b44|    "memorysetup-profiler-allocator-block-size=16777216"
2025-05-17T08:57:12.516Z|0x7b44|    "memorysetup-profiler-editor-allocator-block-size=1048576"
2025-05-17T08:57:12.516Z|0x7b44|    "memorysetup-temp-allocator-size-main=16777216"
2025-05-17T08:57:12.516Z|0x7b44|    "memorysetup-job-temp-allocator-block-size=2097152"
2025-05-17T08:57:12.516Z|0x7b44|    "memorysetup-job-temp-allocator-block-size-background=1048576"
2025-05-17T08:57:12.516Z|0x7b44|    "memorysetup-job-temp-allocator-reduction-small-platforms=262144"
2025-05-17T08:57:12.516Z|0x7b44|    "memorysetup-temp-allocator-size-background-worker=32768"
2025-05-17T08:57:12.516Z|0x7b44|    "memorysetup-temp-allocator-size-job-worker=262144"
2025-05-17T08:57:12.516Z|0x7b44|    "memorysetup-temp-allocator-size-preload-manager=33554432"
2025-05-17T08:57:12.517Z|0x7b44|    "memorysetup-temp-allocator-size-nav-mesh-worker=65536"
2025-05-17T08:57:12.517Z|0x7b44|    "memorysetup-temp-allocator-size-audio-worker=65536"
2025-05-17T08:57:12.517Z|0x7b44|    "memorysetup-temp-allocator-size-cloud-worker=32768"
2025-05-17T08:57:12.517Z|0x7b44|    "memorysetup-temp-allocator-size-gi-baking-worker=262144"
2025-05-17T08:57:12.517Z|0x7b44|    "memorysetup-temp-allocator-size-gi-baking-worker=262144"
2025-05-17T08:57:12.517Z|0x7b44|    "memorysetup-temp-allocator-size-gi-baking-worker=262144"
2025-05-17T08:57:12.517Z|0x7b44|    "memorysetup-temp-allocator-size-gi-baking-worker=262144"
2025-05-17T08:57:12.517Z|0x7b44|    "memorysetup-temp-allocator-size-gi-baking-worker=262144"
2025-05-17T08:57:12.517Z|0x7b44|    "memorysetup-temp-allocator-size-gfx=262144"
2025-05-17T08:57:12.524Z|0x7b44|Player connection [31556]  Target information:

2025-05-17T08:57:12.524Z|0x7b44|Player connection [31556]  * "[IP] 192.168.1.158 [Port] 0 [Flags] 2 [Guid] 2775891297 [EditorId] 2775891297 [Version] 1048832 [Id] WindowsEditor(7,kira-rtx) [Debug] 1 [PackageName] WindowsEditor [ProjectName] Editor" 

2025-05-17T08:57:12.524Z|0x7b44|Player connection [31556]  * "[IP] 172.22.48.1 [Port] 0 [Flags] 2 [Guid] 2775891297 [EditorId] 2775891297 [Version] 1048832 [Id] WindowsEditor(7,kira-rtx) [Debug] 1 [PackageName] WindowsEditor [ProjectName] Editor" 

2025-05-17T08:57:12.524Z|0x7b44|Player connection [31556]  * "[IP] 192.168.56.1 [Port] 0 [Flags] 2 [Guid] 2775891297 [EditorId] 2775891297 [Version] 1048832 [Id] WindowsEditor(7,kira-rtx) [Debug] 1 [PackageName] WindowsEditor [ProjectName] Editor" 

2025-05-17T08:57:12.525Z|0x7b44|Player connection [31556] Host joined multi-casting on [225.0.0.222:54997]...
2025-05-17T08:57:12.525Z|0x7b44|Player connection [31556] Host joined alternative multi-casting on [225.0.0.222:34997]...
2025-05-17T08:57:12.525Z|0x7b44|JobSystem: Creating JobQueue using job-worker-count value 15
2025-05-17T08:57:12.529Z|0x7b44|Input System module state changed to: Initialized.
2025-05-17T08:57:12.530Z|0x7b44|[Physics::Module] Initialized fallback backend.
2025-05-17T08:57:12.530Z|0x7b44|[Physics::Module] Id: 0xdecafbad
2025-05-17T08:57:12.568Z|0x7b44|Library Redirect Path: Library/
2025-05-17T08:57:12.610Z|0x7b44|[Physics::Module] Selected backend.
2025-05-17T08:57:12.610Z|0x7b44|[Physics::Module] Name: PhysX
2025-05-17T08:57:12.610Z|0x7b44|[Physics::Module] Id: 0xf2b8ea05
2025-05-17T08:57:12.610Z|0x7b44|[Physics::Module] SDK Version: 4.1.2
2025-05-17T08:57:12.610Z|0x7b44|[Physics::Module] Integration Version: 1.0.0
2025-05-17T08:57:12.610Z|0x7b44|[Physics::Module] Threading Mode: Multi-Threaded
2025-05-17T08:57:12.620Z|0x7b44|Refreshing native plugins compatible for Editor in 3.18 ms, found 4 plugins.
2025-05-17T08:57:12.620Z|0x7b44|Preloading 0 native plugins for Editor in 0.00 ms.
2025-05-17T08:57:12.620Z|0x7b44|Initialize engine version: 6000.1.3f1 (f34db9734971)
2025-05-17T08:57:12.620Z|0x7b44|[Subsystems] Discovering subsystems at path C:/Program Files/Unity/Hub/Editor/6000.1.3f1/Editor/Data/Resources/UnitySubsystems
2025-05-17T08:57:12.621Z|0x7b44|[Subsystems] Discovering subsystems at path C:/Users/kirae/Documents/projects/unity/jrpg_2d/Assets
2025-05-17T08:57:12.621Z|0x7b44|GfxDevice: creating device client; kGfxThreadingModeNonThreaded
2025-05-17T08:57:13.187Z|0x7b44|Direct3D:
2025-05-17T08:57:13.187Z|0x7b44|    Version:         Direct3D 12 [level 12.1]
2025-05-17T08:57:13.187Z|0x7b44|    Renderer:        NVIDIA GeForce RTX 4080 SUPER (ID=0x2702)
2025-05-17T08:57:13.187Z|0x7b44|    Vendor:          NVIDIA
2025-05-17T08:57:13.187Z|0x7b44|    VRAM:            16047 MB
2025-05-17T08:57:13.187Z|0x7b44|    App VRAM Budget: 15279 MB
2025-05-17T08:57:13.187Z|0x7b44|    Driver:          32.0.15.7602
2025-05-17T08:57:13.269Z|0x7b44|Initialize mono
2025-05-17T08:57:13.269Z|0x7b44|Mono path[0] = 'C:/Program Files/Unity/Hub/Editor/6000.1.3f1/Editor/Data/Managed'
2025-05-17T08:57:13.269Z|0x7b44|Mono path[1] = 'C:/Program Files/Unity/Hub/Editor/6000.1.3f1/Editor/Data/MonoBleedingEdge/lib/mono/unityjit-win32'
2025-05-17T08:57:13.269Z|0x7b44|Mono config path = 'C:/Program Files/Unity/Hub/Editor/6000.1.3f1/Editor/Data/MonoBleedingEdge/etc'
2025-05-17T08:57:13.269Z|0x7b44|Using monoOptions --debugger-agent=transport=dt_socket,embedding=1,server=y,suspend=n,address=127.0.0.1:56456
2025-05-17T08:57:13.302Z|0x7b44|Begin MonoManager ReloadAssembly
2025-05-17T08:57:13.442Z|0x7b44|Registering precompiled unity dll's ...
2025-05-17T08:57:13.442Z|0x7b44|Register platform support module: C:/Program Files/Unity/Hub/Editor/6000.1.3f1/Editor/Data/PlaybackEngines/WindowsStandaloneSupport/UnityEditor.WindowsStandalone.Extensions.dll
2025-05-17T08:57:13.444Z|0x7b44|Registered in 0.001871 seconds.
2025-05-17T08:57:13.566Z|0x7b44|- Loaded All Assemblies, in  0.264 seconds
2025-05-17T08:57:13.618Z|0x7b44|Native extension for WindowsStandalone target not found
2025-05-17T08:57:13.798Z|0x7b44|Mono: successfully reloaded assembly
2025-05-17T08:57:13.808Z|0x7b44|- Finished resetting the current domain, in  0.242 seconds
2025-05-17T08:57:13.808Z|0x7b44|Domain Reload Profiling: 505ms
	BeginReloadAssembly (96ms)
		ExecutionOrderSort (0ms)
		DisableScriptedObjects (0ms)
		BackupInstance (0ms)
		ReleaseScriptingObjects (0ms)
		CreateAndSetChildDomain (1ms)
	RebuildCommonClasses (25ms)
	RebuildNativeTypeToScriptingClass (8ms)
	initialDomainReloadingComplete (33ms)
	LoadAllAssembliesAndSetupDomain (102ms)
		LoadAssemblies (93ms)
		RebuildTransferFunctionScriptingTraits (0ms)
		AnalyzeDomain (100ms)
			TypeCache.Refresh (99ms)
				TypeCache.ScanAssembly (90ms)
			BuildScriptInfoCaches (0ms)
			ResolveRequiredComponents (0ms)
	FinalizeReload (242ms)
		ReleaseScriptCaches (0ms)
		RebuildScriptCaches (0ms)
		SetupLoadedEditorAssemblies (213ms)
			LogAssemblyErrors (0ms)
			InitializePlatformSupportModulesInManaged (34ms)
			SetLoadedEditorAssemblies (2ms)
			BeforeProcessingInitializeOnLoad (45ms)
			ProcessInitializeOnLoadAttributes (92ms)
			ProcessInitializeOnLoadMethodAttributes (40ms)
			AfterProcessingInitializeOnLoad (0ms)
			EditorAssembliesLoaded (0ms)
		ExecutionOrderSort2 (0ms)
		AwakeInstancesAfterBackupRestoration (0ms)
2025-05-17T08:57:13.932Z|0x7b44|========================================================================
2025-05-17T08:57:13.932Z|0x7b44|Worker process is ready to serve import requests
2025-05-17T08:57:13.932Z|0x7b44|Import Worker Mode flag is 0x00
2025-05-17T08:57:14.021Z|0x7b44|Begin MonoManager ReloadAssembly
2025-05-17T08:57:14.597Z|0x7b44|- Loaded All Assemblies, in  0.576 seconds
2025-05-17T08:57:14.774Z|0x7b44|Refreshing native plugins compatible for Editor in 0.80 ms, found 4 plugins.
2025-05-17T08:57:14.855Z|0x7b44|Native extension for WindowsStandalone target not found
2025-05-17T08:57:15.219Z|0x7b44|Package Manager log level set to [2]
2025-05-17T08:57:15.219Z|0x7b44|[Package Manager] Failed to launch server process. Reason: Unity was launched with the -noUpm command-line argument
2025-05-17T08:57:15.219Z|0x7b44|[Package Manager] Unable to send message (not connected to server process).
2025-05-17T08:57:15.219Z|0x7b44|[Package Manager] Cannot connect to Unity Package Manager local server
2025-05-17T08:57:15.314Z|0x7b44|Mono: successfully reloaded assembly
2025-05-17T08:57:15.322Z|0x7b44|- Finished resetting the current domain, in  0.547 seconds
2025-05-17T08:57:15.322Z|0x7b44|Domain Reload Profiling: 1120ms
	BeginReloadAssembly (114ms)
		ExecutionOrderSort (0ms)
		DisableScriptedObjects (4ms)
		BackupInstance (0ms)
		ReleaseScriptingObjects (0ms)
		CreateAndSetChildDomain (21ms)
	RebuildCommonClasses (24ms)
	RebuildNativeTypeToScriptingClass (8ms)
	initialDomainReloadingComplete (26ms)
	LoadAllAssembliesAndSetupDomain (401ms)
		LoadAssemblies (267ms)
		RebuildTransferFunctionScriptingTraits (0ms)
		AnalyzeDomain (197ms)
			TypeCache.Refresh (150ms)
				TypeCache.ScanAssembly (134ms)
			BuildScriptInfoCaches (38ms)
			ResolveRequiredComponents (7ms)
	FinalizeReload (547ms)
		ReleaseScriptCaches (0ms)
		RebuildScriptCaches (0ms)
		SetupLoadedEditorAssemblies (457ms)
			LogAssemblyErrors (0ms)
			InitializePlatformSupportModulesInManaged (1ms)
			SetLoadedEditorAssemblies (3ms)
			BeforeProcessingInitializeOnLoad (95ms)
			ProcessInitializeOnLoadAttributes (278ms)
			ProcessInitializeOnLoadMethodAttributes (77ms)
			AfterProcessingInitializeOnLoad (3ms)
			EditorAssembliesLoaded (0ms)
		ExecutionOrderSort2 (0ms)
		AwakeInstancesAfterBackupRestoration (4ms)
2025-05-17T08:57:15.441Z|0x7b44|Launched and connected shader compiler UnityShaderCompiler.exe after 0.01 seconds
2025-05-17T08:57:15.498Z|0x7b44|Refreshing native plugins compatible for Editor in 0.99 ms, found 4 plugins.
2025-05-17T08:57:15.499Z|0x7b44|Preloading 0 native plugins for Editor in 0.00 ms.
2025-05-17T08:57:15.500Z|0x8c64|Unloading 217 Unused Serialized files (Serialized files now loaded: 0)
2025-05-17T08:57:15.508Z|0x7b44|Unloading 6622 unused Assets / (5.8 MB). Loaded Objects now: 7289.
Memory consumption went from 177.0 MB to 171.2 MB.
2025-05-17T08:57:15.508Z|0x7b44|Total: 7.707700 ms (FindLiveObjects: 0.813000 ms CreateObjectMapping: 0.218600 ms MarkObjects: 4.548400 ms  DeleteObjects: 2.126300 ms)

2025-05-17T08:57:15.508Z|0x7b44|========================================================================
Received Import Request.
  Time since last request: 42851.244545 seconds.
  path: Assets/Kira/Tilesets/TinyRPG Forest/tileset-sliced_113.asset
  artifactKey: Guid(aff3363866976464d966b6f16630727b) Importer(815301076,1909f56bfc062723c751e8b465ee728b)
2025-05-17T08:57:15.515Z|0x7b44|Start importing Assets/Kira/Tilesets/TinyRPG Forest/tileset-sliced_113.asset using Guid(aff3363866976464d966b6f16630727b) Importer(815301076,1909f56bfc062723c751e8b465ee728b) (PreviewImporter) -> (artifact id: '167e32e719317ca26d1a6c0f8a12d7bf') in 0.0687458 seconds
2025-05-17T08:57:15.599Z|0x7b44|Number of updated asset objects reloaded before import = 0Number of asset objects unloaded after import = 3

2025-05-17T08:57:15.600Z|0x7b44|========================================================================
Received Import Request.
  Time since last request: 0.000015 seconds.
  path: Assets/Kira/Tilesets/TinyRPG Forest/tileset-sliced_131.asset
  artifactKey: Guid(14a0335728d69c94fa54f477dcb49b4a) Importer(815301076,1909f56bfc062723c751e8b465ee728b)
2025-05-17T08:57:15.606Z|0x7b44|Start importing Assets/Kira/Tilesets/TinyRPG Forest/tileset-sliced_131.asset using Guid(14a0335728d69c94fa54f477dcb49b4a) Importer(815301076,1909f56bfc062723c751e8b465ee728b) (PreviewImporter) -> (artifact id: 'd50abf4b6a79149bb39fd165557280c1') in 0.013432 seconds
2025-05-17T08:57:15.634Z|0x7b44|Number of updated asset objects reloaded before import = 0Number of asset objects unloaded after import = 3

2025-05-17T08:57:15.635Z|0x7b44|========================================================================
Received Import Request.
  Time since last request: 0.000014 seconds.
  path: Assets/Kira/Tilesets/TinyRPG Forest/tileset-sliced_124.asset
  artifactKey: Guid(b21f6974ca4881945888fa975f34020b) Importer(815301076,1909f56bfc062723c751e8b465ee728b)
2025-05-17T08:57:15.640Z|0x7b44|Start importing Assets/Kira/Tilesets/TinyRPG Forest/tileset-sliced_124.asset using Guid(b21f6974ca4881945888fa975f34020b) Importer(815301076,1909f56bfc062723c751e8b465ee728b) (PreviewImporter) -> (artifact id: '8532693d2fe4ef09db541d767d377673') in 0.0115791 seconds
2025-05-17T08:57:15.666Z|0x7b44|Number of updated asset objects reloaded before import = 0Number of asset objects unloaded after import = 3

2025-05-17T08:57:15.666Z|0x7b44|========================================================================
Received Import Request.
  Time since last request: 0.000015 seconds.
  path: Assets/Kira/Tilesets/TinyRPG Forest/tileset-sliced_142.asset
  artifactKey: Guid(acf5aa257c3d9d540adc94cc660c72be) Importer(815301076,1909f56bfc062723c751e8b465ee728b)
2025-05-17T08:57:15.672Z|0x7b44|Start importing Assets/Kira/Tilesets/TinyRPG Forest/tileset-sliced_142.asset using Guid(acf5aa257c3d9d540adc94cc660c72be) Importer(815301076,1909f56bfc062723c751e8b465ee728b) (PreviewImporter) -> (artifact id: '09b21299ca052d0f732f2a296da14a31') in 0.0090244 seconds
2025-05-17T08:57:15.698Z|0x7b44|Number of updated asset objects reloaded before import = 0Number of asset objects unloaded after import = 3

2025-05-17T08:57:15.698Z|0x7b44|========================================================================
Received Import Request.
  Time since last request: 0.000021 seconds.
  path: Assets/Kira/Tilesets/TinyRPG Forest/tileset-sliced_138.asset
  artifactKey: Guid(d743afd7d4ed9454ca9f92e3784ec691) Importer(815301076,1909f56bfc062723c751e8b465ee728b)
2025-05-17T08:57:15.704Z|0x7b44|Start importing Assets/Kira/Tilesets/TinyRPG Forest/tileset-sliced_138.asset using Guid(d743afd7d4ed9454ca9f92e3784ec691) Importer(815301076,1909f56bfc062723c751e8b465ee728b) (PreviewImporter) -> (artifact id: 'a6f37e23437ab747fa977cf984c327a5') in 0.0094286 seconds
2025-05-17T08:57:15.727Z|0x7b44|Number of updated asset objects reloaded before import = 0Number of asset objects unloaded after import = 3

2025-05-17T08:57:15.727Z|0x7b44|========================================================================
Received Import Request.
  Time since last request: 0.000023 seconds.
  path: Assets/Kira/Tilesets/TinyRPG Forest/tileset-sliced_121.asset
  artifactKey: Guid(665b8d143833ce142b200da7bc3cf25f) Importer(815301076,1909f56bfc062723c751e8b465ee728b)
2025-05-17T08:57:15.733Z|0x7b44|Start importing Assets/Kira/Tilesets/TinyRPG Forest/tileset-sliced_121.asset using Guid(665b8d143833ce142b200da7bc3cf25f) Importer(815301076,1909f56bfc062723c751e8b465ee728b) (PreviewImporter) -> (artifact id: '3ab929b566c6ba6fd5c129253d8f8653') in 0.0096632 seconds
2025-05-17T08:57:15.756Z|0x7b44|Number of updated asset objects reloaded before import = 0Number of asset objects unloaded after import = 3

2025-05-17T08:58:36.388Z|0x7b44|========================================================================
Received Import Request.
  Time since last request: 80.631988 seconds.
  path: Assets/Kira/Tilesets/TinyRPG Forest/New Tile Palette.prefab
  artifactKey: Guid(3a1cde3daaf9f9e4fb79cffd03e7e8e3) Importer(815301076,1909f56bfc062723c751e8b465ee728b)
2025-05-17T08:58:36.395Z|0x7b44|Start importing Assets/Kira/Tilesets/TinyRPG Forest/New Tile Palette.prefab using Guid(3a1cde3daaf9f9e4fb79cffd03e7e8e3) Importer(815301076,1909f56bfc062723c751e8b465ee728b) (PreviewImporter) -> (artifact id: '5cdf5507773b3453f590a618eff08c82') in 0.3552899 seconds
2025-05-17T08:58:36.766Z|0x7b44|Number of updated asset objects reloaded before import = 0Number of asset objects unloaded after import = 812

2025-05-17T08:58:39.984Z|0x7b44|========================================================================
Received Import Request.
  Time since last request: 3.216773 seconds.
  path: Assets/Kira/Tilesets/TinyRPG Forest/New Tile Palette.prefab
  artifactKey: Guid(3a1cde3daaf9f9e4fb79cffd03e7e8e3) Importer(815301076,1909f56bfc062723c751e8b465ee728b)
2025-05-17T08:58:39.990Z|0x7b44|Start importing Assets/Kira/Tilesets/TinyRPG Forest/New Tile Palette.prefab using Guid(3a1cde3daaf9f9e4fb79cffd03e7e8e3) Importer(815301076,1909f56bfc062723c751e8b465ee728b) (PreviewImporter) -> (artifact id: '247437d252080f446e03416e1020ddd1') in 0.0645208 seconds
2025-05-17T08:58:40.070Z|0x7b44|Number of updated asset objects reloaded before import = 0Number of asset objects unloaded after import = 811

2025-05-17T08:58:46.000Z|0x7b44|========================================================================
Received Import Request.
  Time since last request: 5.929783 seconds.
  path: Assets/Kira/Tilesets/TinyRPG Forest/New Tile Palette.prefab
  artifactKey: Guid(3a1cde3daaf9f9e4fb79cffd03e7e8e3) Importer(815301076,1909f56bfc062723c751e8b465ee728b)
2025-05-17T08:58:46.007Z|0x7b44|Start importing Assets/Kira/Tilesets/TinyRPG Forest/New Tile Palette.prefab using Guid(3a1cde3daaf9f9e4fb79cffd03e7e8e3) Importer(815301076,1909f56bfc062723c751e8b465ee728b) (PreviewImporter) -> (artifact id: '506339df7862884eef431d9b9fa92b55') in 0.0626299 seconds
2025-05-17T08:58:46.083Z|0x7b44|Number of updated asset objects reloaded before import = 0Number of asset objects unloaded after import = 811

2025-05-17T08:58:50.289Z|0x7b44|========================================================================
Received Import Request.
  Time since last request: 4.204411 seconds.
  path: Assets/Kira/Tilesets/TinyRPG Forest/New Tile Palette.prefab
  artifactKey: Guid(3a1cde3daaf9f9e4fb79cffd03e7e8e3) Importer(815301076,1909f56bfc062723c751e8b465ee728b)
2025-05-17T08:58:50.295Z|0x7b44|Start importing Assets/Kira/Tilesets/TinyRPG Forest/New Tile Palette.prefab using Guid(3a1cde3daaf9f9e4fb79cffd03e7e8e3) Importer(815301076,1909f56bfc062723c751e8b465ee728b) (PreviewImporter) -> (artifact id: '6d78716752a70d325701264bbed9eeb8') in 0.0614862 seconds
2025-05-17T08:58:50.371Z|0x7b44|Number of updated asset objects reloaded before import = 0Number of asset objects unloaded after import = 811

2025-05-17T08:58:51.713Z|0x7b44|========================================================================
Received Import Request.
  Time since last request: 1.341652 seconds.
  path: Assets/Kira/Tilesets/TinyRPG Forest/New Tile Palette.prefab
  artifactKey: Guid(3a1cde3daaf9f9e4fb79cffd03e7e8e3) Importer(815301076,1909f56bfc062723c751e8b465ee728b)
2025-05-17T08:58:51.720Z|0x7b44|Start importing Assets/Kira/Tilesets/TinyRPG Forest/New Tile Palette.prefab using Guid(3a1cde3daaf9f9e4fb79cffd03e7e8e3) Importer(815301076,1909f56bfc062723c751e8b465ee728b) (PreviewImporter) -> (artifact id: '9d860f7d89670dcbc90f41188dc9a2f2') in 0.064015 seconds
2025-05-17T08:58:51.799Z|0x7b44|Number of updated asset objects reloaded before import = 0Number of asset objects unloaded after import = 811

2025-05-17T08:58:55.793Z|0x7b44|========================================================================
Received Import Request.
  Time since last request: 3.992914 seconds.
  path: Assets/Kira/Tilesets/TinyRPG Forest/New Tile Palette.prefab
  artifactKey: Guid(3a1cde3daaf9f9e4fb79cffd03e7e8e3) Importer(815301076,1909f56bfc062723c751e8b465ee728b)
2025-05-17T08:58:55.799Z|0x7b44|Start importing Assets/Kira/Tilesets/TinyRPG Forest/New Tile Palette.prefab using Guid(3a1cde3daaf9f9e4fb79cffd03e7e8e3) Importer(815301076,1909f56bfc062723c751e8b465ee728b) (PreviewImporter) -> (artifact id: '862bc9472dcc14e7791544ef874b74cf') in 0.0611089 seconds
2025-05-17T08:58:55.875Z|0x7b44|Number of updated asset objects reloaded before import = 0Number of asset objects unloaded after import = 811

2025-05-17T08:59:11.687Z|0x7b44|========================================================================
Received Import Request.
  Time since last request: 15.810410 seconds.
  path: Assets/Kira/Tilesets/TinyRPG Forest/New Tile Palette.prefab
  artifactKey: Guid(3a1cde3daaf9f9e4fb79cffd03e7e8e3) Importer(815301076,1909f56bfc062723c751e8b465ee728b)
2025-05-17T08:59:11.693Z|0x7b44|Start importing Assets/Kira/Tilesets/TinyRPG Forest/New Tile Palette.prefab using Guid(3a1cde3daaf9f9e4fb79cffd03e7e8e3) Importer(815301076,1909f56bfc062723c751e8b465ee728b) (PreviewImporter) -> (artifact id: 'bdb3a96ee3ea1be8fcc8f15dfcc1a7f6') in 0.0630238 seconds
2025-05-17T08:59:11.771Z|0x7b44|Number of updated asset objects reloaded before import = 0Number of asset objects unloaded after import = 811

2025-05-17T08:59:17.943Z|0x7b44|========================================================================
Received Import Request.
  Time since last request: 6.171141 seconds.
  path: Assets/Kira/Tilesets/TinyRPG Forest
  artifactKey: Guid(0b2fa9130f0bac1469e625bc73ede0d5) Importer(815301076,1909f56bfc062723c751e8b465ee728b)
2025-05-17T08:59:17.949Z|0x7b44|Start importing Assets/Kira/Tilesets/TinyRPG Forest using Guid(0b2fa9130f0bac1469e625bc73ede0d5) Importer(815301076,1909f56bfc062723c751e8b465ee728b) (PreviewImporter) -> (artifact id: '4268f2084b1a8452618cb16e444cd538') in 0.000375 seconds
2025-05-17T08:59:17.963Z|0x7b44|Number of updated asset objects reloaded before import = 0Number of asset objects unloaded after import = 0

2025-05-17T09:00:25.298Z|0x7b44|========================================================================
Received Import Request.
  Time since last request: 67.335799 seconds.
  path: Assets/Kira/Tilesets/TinyRPG Forest/New Tile Palette.prefab
  artifactKey: Guid(3a1cde3daaf9f9e4fb79cffd03e7e8e3) Importer(815301076,1909f56bfc062723c751e8b465ee728b)
2025-05-17T09:00:25.305Z|0x7b44|Start importing Assets/Kira/Tilesets/TinyRPG Forest/New Tile Palette.prefab using Guid(3a1cde3daaf9f9e4fb79cffd03e7e8e3) Importer(815301076,1909f56bfc062723c751e8b465ee728b) (PreviewImporter) -> (artifact id: '4913680446f4c334a22e375776e50027') in 0.0101915 seconds
2025-05-17T09:00:25.330Z|0x7b44|Number of updated asset objects reloaded before import = 0Number of asset objects unloaded after import = 10

2025-05-17T09:00:25.401Z|0x7b44|========================================================================
Received Import Request.
  Time since last request: 0.071515 seconds.
  path: Assets/Kira/Tilesets/TinyRPG Forest/New Tile Palette.prefab
  artifactKey: Guid(3a1cde3daaf9f9e4fb79cffd03e7e8e3) Importer(815301076,1909f56bfc062723c751e8b465ee728b)
2025-05-17T09:00:25.407Z|0x7b44|Start importing Assets/Kira/Tilesets/TinyRPG Forest/New Tile Palette.prefab using Guid(3a1cde3daaf9f9e4fb79cffd03e7e8e3) Importer(815301076,1909f56bfc062723c751e8b465ee728b) (PreviewImporter) -> (artifact id: 'cbebaee3b86b508dcb92c39a59970873') in 0.012375 seconds
2025-05-17T09:00:25.434Z|0x7b44|Number of updated asset objects reloaded before import = 0Number of asset objects unloaded after import = 13

2025-05-17T09:01:32.572Z|0x7b44|========================================================================
Received Import Request.
  Time since last request: 67.138103 seconds.
  path: Assets/Tiny RPG Forest/Artwork/Environment/tileset-sliced.png
  artifactKey: Guid(95d22684aba5646d79a26b3287a692b6) Importer(815301076,1909f56bfc062723c751e8b465ee728b)
2025-05-17T09:01:32.578Z|0x7b44|Start importing Assets/Tiny RPG Forest/Artwork/Environment/tileset-sliced.png using Guid(95d22684aba5646d79a26b3287a692b6) Importer(815301076,1909f56bfc062723c751e8b465ee728b) (PreviewImporter) -> (artifact id: 'a9a161769bf3e69efa191a9c1e717d4d') in 0.5197316 seconds
2025-05-17T09:01:33.113Z|0x7b44|Number of updated asset objects reloaded before import = 0Number of asset objects unloaded after import = 402

2025-05-17T09:01:49.066Z|0x7b44|========================================================================
Received Import Request.
  Time since last request: 15.952952 seconds.
  path: Assets/Kira/Tilesets/TinyRPG Forest/New Tile Palette.prefab
  artifactKey: Guid(3a1cde3daaf9f9e4fb79cffd03e7e8e3) Importer(815301076,1909f56bfc062723c751e8b465ee728b)
2025-05-17T09:01:49.072Z|0x7b44|Start importing Assets/Kira/Tilesets/TinyRPG Forest/New Tile Palette.prefab using Guid(3a1cde3daaf9f9e4fb79cffd03e7e8e3) Importer(815301076,1909f56bfc062723c751e8b465ee728b) (PreviewImporter) -> (artifact id: '031745a2c8a5ec7f6cd601f8e9791211') in 0.0112248 seconds
2025-05-17T09:01:49.097Z|0x7b44|Number of updated asset objects reloaded before import = 0Number of asset objects unloaded after import = 10

2025-05-17T09:01:50.199Z|0x7b44|========================================================================
Received Import Request.
  Time since last request: 1.102043 seconds.
  path: Assets/Kira/Tilesets/TinyRPG Forest/New Tile Palette.prefab
  artifactKey: Guid(3a1cde3daaf9f9e4fb79cffd03e7e8e3) Importer(815301076,1909f56bfc062723c751e8b465ee728b)
2025-05-17T09:01:50.205Z|0x7b44|Start importing Assets/Kira/Tilesets/TinyRPG Forest/New Tile Palette.prefab using Guid(3a1cde3daaf9f9e4fb79cffd03e7e8e3) Importer(815301076,1909f56bfc062723c751e8b465ee728b) (PreviewImporter) -> (artifact id: '4cb8422b457577739421a374e4329831') in 0.071151 seconds
2025-05-17T09:01:50.291Z|0x7b44|Number of updated asset objects reloaded before import = 0Number of asset objects unloaded after import = 811

2025-05-17T09:01:50.293Z|0x7b44|========================================================================
Received Import Request.
  Time since last request: 0.000023 seconds.
  path: Assets/Kira/Tilesets/TinyRPG Forest/tileset-sliced_21.asset
  artifactKey: Guid(c4f80c004ee869644a340045f921fd72) Importer(815301076,1909f56bfc062723c751e8b465ee728b)
2025-05-17T09:01:50.299Z|0x7b44|Start importing Assets/Kira/Tilesets/TinyRPG Forest/tileset-sliced_21.asset using Guid(c4f80c004ee869644a340045f921fd72) Importer(815301076,1909f56bfc062723c751e8b465ee728b) (PreviewImporter) -> (artifact id: '7293f123a67ff5a57d0983355d1e5071') in 0.0041517 seconds
2025-05-17T09:01:50.317Z|0x7b44|Number of updated asset objects reloaded before import = 0Number of asset objects unloaded after import = 3

2025-05-17T09:01:50.317Z|0x7b44|========================================================================
Received Import Request.
  Time since last request: 0.000021 seconds.
  path: Assets/Kira/Tilesets/TinyRPG Forest/tileset-sliced_31.asset
  artifactKey: Guid(94ab82a1c80ab294d8f89732b73fa1a3) Importer(815301076,1909f56bfc062723c751e8b465ee728b)
2025-05-17T09:01:50.323Z|0x7b44|Start importing Assets/Kira/Tilesets/TinyRPG Forest/tileset-sliced_31.asset using Guid(94ab82a1c80ab294d8f89732b73fa1a3) Importer(815301076,1909f56bfc062723c751e8b465ee728b) (PreviewImporter) -> (artifact id: '2d84275a33d685e4750165b51d8c0eec') in 0.0062107 seconds
2025-05-17T09:01:50.345Z|0x7b44|Number of updated asset objects reloaded before import = 0Number of asset objects unloaded after import = 3

2025-05-17T09:01:50.346Z|0x7b44|========================================================================
Received Import Request.
  Time since last request: 0.000021 seconds.
  path: Assets/Kira/Tilesets/TinyRPG Forest/tileset-sliced_18.asset
  artifactKey: Guid(34047730325910240ad41cbe0f3a55b4) Importer(815301076,1909f56bfc062723c751e8b465ee728b)
2025-05-17T09:01:50.351Z|0x7b44|Start importing Assets/Kira/Tilesets/TinyRPG Forest/tileset-sliced_18.asset using Guid(34047730325910240ad41cbe0f3a55b4) Importer(815301076,1909f56bfc062723c751e8b465ee728b) (PreviewImporter) -> (artifact id: 'b2140dbb6ab3cf959af5e54729e0c14d') in 0.0042269 seconds
2025-05-17T09:01:50.371Z|0x7b44|Number of updated asset objects reloaded before import = 0Number of asset objects unloaded after import = 3

2025-05-17T09:01:50.371Z|0x7b44|========================================================================
Received Import Request.
  Time since last request: 0.000032 seconds.
  path: Assets/Kira/Tilesets/TinyRPG Forest/tileset-sliced_5.asset
  artifactKey: Guid(d3c901337fc7dc1468d94dc1387ef3b6) Importer(815301076,1909f56bfc062723c751e8b465ee728b)
2025-05-17T09:01:50.377Z|0x7b44|Start importing Assets/Kira/Tilesets/TinyRPG Forest/tileset-sliced_5.asset using Guid(d3c901337fc7dc1468d94dc1387ef3b6) Importer(815301076,1909f56bfc062723c751e8b465ee728b) (PreviewImporter) -> (artifact id: '4bc3329588238892f69c5d796f27e420') in 0.0102833 seconds
2025-05-17T09:01:50.402Z|0x7b44|Number of updated asset objects reloaded before import = 0Number of asset objects unloaded after import = 3

2025-05-17T09:01:50.402Z|0x7b44|========================================================================
Received Import Request.
  Time since last request: 0.000023 seconds.
  path: Assets/Kira/Tilesets/TinyRPG Forest/tileset-sliced_25.asset
  artifactKey: Guid(6832c00e2b7708848917fb7cd4440c51) Importer(815301076,1909f56bfc062723c751e8b465ee728b)
2025-05-17T09:01:50.408Z|0x7b44|Start importing Assets/Kira/Tilesets/TinyRPG Forest/tileset-sliced_25.asset using Guid(6832c00e2b7708848917fb7cd4440c51) Importer(815301076,1909f56bfc062723c751e8b465ee728b) (PreviewImporter) -> (artifact id: '182f2037f3c319d44998d7cd4cd24203') in 0.0056048 seconds
2025-05-17T09:01:50.429Z|0x7b44|Number of updated asset objects reloaded before import = 0Number of asset objects unloaded after import = 3

2025-05-17T09:01:50.429Z|0x7b44|========================================================================
Received Import Request.
  Time since last request: 0.000022 seconds.
  path: Assets/Kira/Tilesets/TinyRPG Forest/tileset-sliced_17.asset
  artifactKey: Guid(42f55a6dfe1ff1844855fd00ab7d0853) Importer(815301076,1909f56bfc062723c751e8b465ee728b)
2025-05-17T09:01:50.435Z|0x7b44|Start importing Assets/Kira/Tilesets/TinyRPG Forest/tileset-sliced_17.asset using Guid(42f55a6dfe1ff1844855fd00ab7d0853) Importer(815301076,1909f56bfc062723c751e8b465ee728b) (PreviewImporter) -> (artifact id: '98243eac3b893486fd7467aed738fb56') in 0.004952 seconds
2025-05-17T09:01:50.454Z|0x7b44|Number of updated asset objects reloaded before import = 0Number of asset objects unloaded after import = 3

2025-05-17T09:01:50.454Z|0x7b44|========================================================================
Received Import Request.
  Time since last request: 0.000023 seconds.
  path: Assets/Kira/Tilesets/TinyRPG Forest/tileset-sliced_44.asset
  artifactKey: Guid(621320ccaf90d0849838465bb25c2461) Importer(815301076,1909f56bfc062723c751e8b465ee728b)
2025-05-17T09:01:50.460Z|0x7b44|Start importing Assets/Kira/Tilesets/TinyRPG Forest/tileset-sliced_44.asset using Guid(621320ccaf90d0849838465bb25c2461) Importer(815301076,1909f56bfc062723c751e8b465ee728b) (PreviewImporter) -> (artifact id: 'f3b4699dbb4d53419117672ac8856754') in 0.0051578 seconds
2025-05-17T09:01:50.479Z|0x7b44|Number of updated asset objects reloaded before import = 0Number of asset objects unloaded after import = 3

2025-05-17T09:01:50.479Z|0x7b44|========================================================================
Received Import Request.
  Time since last request: 0.000027 seconds.
  path: Assets/Kira/Tilesets/TinyRPG Forest/tileset-sliced_6.asset
  artifactKey: Guid(583b70ac0e1245e43981ce6935b26a9c) Importer(815301076,1909f56bfc062723c751e8b465ee728b)
2025-05-17T09:01:50.486Z|0x7b44|Start importing Assets/Kira/Tilesets/TinyRPG Forest/tileset-sliced_6.asset using Guid(583b70ac0e1245e43981ce6935b26a9c) Importer(815301076,1909f56bfc062723c751e8b465ee728b) (PreviewImporter) -> (artifact id: '0a8a5766ea059b045d9fab72a0cf7d24') in 0.0048625 seconds
2025-05-17T09:01:50.504Z|0x7b44|Number of updated asset objects reloaded before import = 0Number of asset objects unloaded after import = 3

2025-05-17T09:01:50.504Z|0x7b44|========================================================================
Received Import Request.
  Time since last request: 0.000023 seconds.
  path: Assets/Kira/Tilesets/TinyRPG Forest/tileset-sliced_13.asset
  artifactKey: Guid(392f8632d32652047a6ad9ae557d4086) Importer(815301076,1909f56bfc062723c751e8b465ee728b)
2025-05-17T09:01:50.511Z|0x7b44|Start importing Assets/Kira/Tilesets/TinyRPG Forest/tileset-sliced_13.asset using Guid(392f8632d32652047a6ad9ae557d4086) Importer(815301076,1909f56bfc062723c751e8b465ee728b) (PreviewImporter) -> (artifact id: 'aa218537bb691c828a6b13d438c57bce') in 0.0045039 seconds
2025-05-17T09:01:50.529Z|0x7b44|Number of updated asset objects reloaded before import = 0Number of asset objects unloaded after import = 3

2025-05-17T09:01:50.529Z|0x7b44|========================================================================
Received Import Request.
  Time since last request: 0.000020 seconds.
  path: Assets/Kira/Tilesets/TinyRPG Forest/tileset-sliced_32.asset
  artifactKey: Guid(eb317c3dd48cfca43b5ec9bfa994ca33) Importer(815301076,1909f56bfc062723c751e8b465ee728b)
2025-05-17T09:01:50.535Z|0x7b44|Start importing Assets/Kira/Tilesets/TinyRPG Forest/tileset-sliced_32.asset using Guid(eb317c3dd48cfca43b5ec9bfa994ca33) Importer(815301076,1909f56bfc062723c751e8b465ee728b) (PreviewImporter) -> (artifact id: '429b5eead4660c452b114ee9c69b5dc2') in 0.0045004 seconds
2025-05-17T09:01:50.553Z|0x7b44|Number of updated asset objects reloaded before import = 0Number of asset objects unloaded after import = 3

2025-05-17T09:01:50.553Z|0x7b44|========================================================================
Received Import Request.
  Time since last request: 0.000021 seconds.
  path: Assets/Kira/Tilesets/TinyRPG Forest/tileset-sliced_15.asset
  artifactKey: Guid(d638ca6ff938a0a4281e20ce377765f9) Importer(815301076,1909f56bfc062723c751e8b465ee728b)
2025-05-17T09:01:50.560Z|0x7b44|Start importing Assets/Kira/Tilesets/TinyRPG Forest/tileset-sliced_15.asset using Guid(d638ca6ff938a0a4281e20ce377765f9) Importer(815301076,1909f56bfc062723c751e8b465ee728b) (PreviewImporter) -> (artifact id: 'ca9140f953330b3ae6a5ef94eb55853f') in 0.0051933 seconds
2025-05-17T09:01:50.579Z|0x7b44|Number of updated asset objects reloaded before import = 0Number of asset objects unloaded after import = 3

2025-05-17T09:01:50.579Z|0x7b44|========================================================================
Received Import Request.
  Time since last request: 0.000026 seconds.
  path: Assets/Kira/Tilesets/TinyRPG Forest/tileset-sliced_19.asset
  artifactKey: Guid(85a9d988ff05de24cb28a7c62129eb82) Importer(815301076,1909f56bfc062723c751e8b465ee728b)
2025-05-17T09:01:50.585Z|0x7b44|Start importing Assets/Kira/Tilesets/TinyRPG Forest/tileset-sliced_19.asset using Guid(85a9d988ff05de24cb28a7c62129eb82) Importer(815301076,1909f56bfc062723c751e8b465ee728b) (PreviewImporter) -> (artifact id: 'a0d7fd004bf760f4c2832ed17cd352a4') in 0.0091044 seconds
2025-05-17T09:01:50.607Z|0x7b44|Number of updated asset objects reloaded before import = 0Number of asset objects unloaded after import = 3

2025-05-17T09:01:50.607Z|0x7b44|========================================================================
Received Import Request.
  Time since last request: 0.000029 seconds.
  path: Assets/Kira/Tilesets/TinyRPG Forest/tileset-sliced_46.asset
  artifactKey: Guid(3c00decd03c9c46468066629c8b3acde) Importer(815301076,1909f56bfc062723c751e8b465ee728b)
2025-05-17T09:01:50.614Z|0x7b44|Start importing Assets/Kira/Tilesets/TinyRPG Forest/tileset-sliced_46.asset using Guid(3c00decd03c9c46468066629c8b3acde) Importer(815301076,1909f56bfc062723c751e8b465ee728b) (PreviewImporter) -> (artifact id: '04a593336f7206a981b026f06afc59e3') in 0.0083551 seconds
2025-05-17T09:01:50.635Z|0x7b44|Number of updated asset objects reloaded before import = 0Number of asset objects unloaded after import = 3

2025-05-17T09:01:50.635Z|0x7b44|========================================================================
Received Import Request.
  Time since last request: 0.000021 seconds.
  path: Assets/Kira/Tilesets/TinyRPG Forest/tileset-sliced_29.asset
  artifactKey: Guid(baf319100f48160429c0a3cc3711488c) Importer(815301076,1909f56bfc062723c751e8b465ee728b)
2025-05-17T09:01:50.642Z|0x7b44|Start importing Assets/Kira/Tilesets/TinyRPG Forest/tileset-sliced_29.asset using Guid(baf319100f48160429c0a3cc3711488c) Importer(815301076,1909f56bfc062723c751e8b465ee728b) (PreviewImporter) -> (artifact id: 'cea998636c004c119f2e1e53de6d8a7d') in 0.0065694 seconds
2025-05-17T09:01:50.663Z|0x7b44|Number of updated asset objects reloaded before import = 0Number of asset objects unloaded after import = 3

2025-05-17T09:01:50.663Z|0x7b44|========================================================================
Received Import Request.
  Time since last request: 0.000030 seconds.
  path: Assets/Kira/Tilesets/TinyRPG Forest/tileset-sliced_37.asset
  artifactKey: Guid(9301d8969f2d8db4dab220cad7028826) Importer(815301076,1909f56bfc062723c751e8b465ee728b)
2025-05-17T09:01:50.669Z|0x7b44|Start importing Assets/Kira/Tilesets/TinyRPG Forest/tileset-sliced_37.asset using Guid(9301d8969f2d8db4dab220cad7028826) Importer(815301076,1909f56bfc062723c751e8b465ee728b) (PreviewImporter) -> (artifact id: '7a31061ee67db2d9dc9d6f4e755ec115') in 0.0066601 seconds
2025-05-17T09:01:50.690Z|0x7b44|Number of updated asset objects reloaded before import = 0Number of asset objects unloaded after import = 3

2025-05-17T09:01:50.691Z|0x7b44|========================================================================
Received Import Request.
  Time since last request: 0.000026 seconds.
  path: Assets/Kira/Tilesets/TinyRPG Forest/tileset-sliced_23.asset
  artifactKey: Guid(9b0e55f03c5172c4bb7c401a2606d7c7) Importer(815301076,1909f56bfc062723c751e8b465ee728b)
2025-05-17T09:01:50.697Z|0x7b44|Start importing Assets/Kira/Tilesets/TinyRPG Forest/tileset-sliced_23.asset using Guid(9b0e55f03c5172c4bb7c401a2606d7c7) Importer(815301076,1909f56bfc062723c751e8b465ee728b) (PreviewImporter) -> (artifact id: 'f4f709db51142c12aa100a8fd1418a30') in 0.009387 seconds
2025-05-17T09:01:50.720Z|0x7b44|Number of updated asset objects reloaded before import = 0Number of asset objects unloaded after import = 3

2025-05-17T09:01:50.720Z|0x7b44|========================================================================
Received Import Request.
  Time since last request: 0.000020 seconds.
  path: Assets/Kira/Tilesets/TinyRPG Forest/tileset-sliced_2.asset
  artifactKey: Guid(250b67cdc8a26a94abcd0c61b51c54be) Importer(815301076,1909f56bfc062723c751e8b465ee728b)
2025-05-17T09:01:50.726Z|0x7b44|Start importing Assets/Kira/Tilesets/TinyRPG Forest/tileset-sliced_2.asset using Guid(250b67cdc8a26a94abcd0c61b51c54be) Importer(815301076,1909f56bfc062723c751e8b465ee728b) (PreviewImporter) -> (artifact id: '62828eaf16d03562296d4055ca23c65a') in 0.0057727 seconds
2025-05-17T09:01:50.746Z|0x7b44|Number of updated asset objects reloaded before import = 0Number of asset objects unloaded after import = 3

2025-05-17T09:01:50.746Z|0x7b44|========================================================================
Received Import Request.
  Time since last request: 0.000021 seconds.
  path: Assets/Kira/Tilesets/TinyRPG Forest/tileset-sliced_11.asset
  artifactKey: Guid(65cc0b4ae5ebcad4094739381312c22d) Importer(815301076,1909f56bfc062723c751e8b465ee728b)
2025-05-17T09:01:50.752Z|0x7b44|Start importing Assets/Kira/Tilesets/TinyRPG Forest/tileset-sliced_11.asset using Guid(65cc0b4ae5ebcad4094739381312c22d) Importer(815301076,1909f56bfc062723c751e8b465ee728b) (PreviewImporter) -> (artifact id: '53850d0ea4eaa5abafe1536a5eaee198') in 0.0160787 seconds
2025-05-17T09:01:50.782Z|0x7b44|Number of updated asset objects reloaded before import = 0Number of asset objects unloaded after import = 3

2025-05-17T09:01:50.782Z|0x7b44|========================================================================
Received Import Request.
  Time since last request: 0.000023 seconds.
  path: Assets/Kira/Tilesets/TinyRPG Forest/tileset-sliced_45.asset
  artifactKey: Guid(f7426feb11a013e4590e361a40a6387f) Importer(815301076,1909f56bfc062723c751e8b465ee728b)
2025-05-17T09:01:50.788Z|0x7b44|Start importing Assets/Kira/Tilesets/TinyRPG Forest/tileset-sliced_45.asset using Guid(f7426feb11a013e4590e361a40a6387f) Importer(815301076,1909f56bfc062723c751e8b465ee728b) (PreviewImporter) -> (artifact id: '1afdbf41d3cef04863bd5a7a614c8cdc') in 0.0128185 seconds
2025-05-17T09:01:50.814Z|0x7b44|Number of updated asset objects reloaded before import = 0Number of asset objects unloaded after import = 3

2025-05-17T09:01:50.814Z|0x7b44|========================================================================
Received Import Request.
  Time since last request: 0.000022 seconds.
  path: Assets/Kira/Tilesets/TinyRPG Forest/tileset-sliced_1.asset
  artifactKey: Guid(098beb04e4cb89346897b397353875d5) Importer(815301076,1909f56bfc062723c751e8b465ee728b)
2025-05-17T09:01:50.820Z|0x7b44|Start importing Assets/Kira/Tilesets/TinyRPG Forest/tileset-sliced_1.asset using Guid(098beb04e4cb89346897b397353875d5) Importer(815301076,1909f56bfc062723c751e8b465ee728b) (PreviewImporter) -> (artifact id: '94bd63ec0856c38557aa69134a6470eb') in 0.0086695 seconds
2025-05-17T09:01:50.843Z|0x7b44|Number of updated asset objects reloaded before import = 0Number of asset objects unloaded after import = 3

2025-05-17T09:01:50.844Z|0x7b44|========================================================================
Received Import Request.
  Time since last request: 0.000031 seconds.
  path: Assets/Kira/Tilesets/TinyRPG Forest/tileset-sliced_9.asset
  artifactKey: Guid(3e6bb2c19760a4344989827ce7dc8523) Importer(815301076,1909f56bfc062723c751e8b465ee728b)
2025-05-17T09:01:50.850Z|0x7b44|Start importing Assets/Kira/Tilesets/TinyRPG Forest/tileset-sliced_9.asset using Guid(3e6bb2c19760a4344989827ce7dc8523) Importer(815301076,1909f56bfc062723c751e8b465ee728b) (PreviewImporter) -> (artifact id: '8314545517f16195275f3e409b632c7b') in 0.0062624 seconds
2025-05-17T09:01:50.869Z|0x7b44|Number of updated asset objects reloaded before import = 0Number of asset objects unloaded after import = 3

2025-05-17T09:01:50.870Z|0x7b44|========================================================================
Received Import Request.
  Time since last request: 0.000022 seconds.
  path: Assets/Kira/Tilesets/TinyRPG Forest/tileset-sliced_38.asset
  artifactKey: Guid(028921a1ace2f594bb4fa6117f36fcd0) Importer(815301076,1909f56bfc062723c751e8b465ee728b)
2025-05-17T09:01:50.875Z|0x7b44|Start importing Assets/Kira/Tilesets/TinyRPG Forest/tileset-sliced_38.asset using Guid(028921a1ace2f594bb4fa6117f36fcd0) Importer(815301076,1909f56bfc062723c751e8b465ee728b) (PreviewImporter) -> (artifact id: 'af430cc1f9ff005561658ed31d3ef92f') in 0.0077048 seconds
2025-05-17T09:01:50.896Z|0x7b44|Number of updated asset objects reloaded before import = 0Number of asset objects unloaded after import = 3

2025-05-17T09:01:50.897Z|0x7b44|========================================================================
Received Import Request.
  Time since last request: 0.000023 seconds.
  path: Assets/Kira/Tilesets/TinyRPG Forest/tileset-sliced_39.asset
  artifactKey: Guid(d4e9d16188aa81c4d82617bc03ad2e94) Importer(815301076,1909f56bfc062723c751e8b465ee728b)
2025-05-17T09:01:50.903Z|0x7b44|Start importing Assets/Kira/Tilesets/TinyRPG Forest/tileset-sliced_39.asset using Guid(d4e9d16188aa81c4d82617bc03ad2e94) Importer(815301076,1909f56bfc062723c751e8b465ee728b) (PreviewImporter) -> (artifact id: '9fa99493a03863159d6ce13b658fd7b8') in 0.0080965 seconds
2025-05-17T09:01:50.924Z|0x7b44|Number of updated asset objects reloaded before import = 0Number of asset objects unloaded after import = 3

2025-05-17T09:02:55.907Z|0xe2c|Editor requested this worker to shutdown with reason: Scaling down because of idle timeout
2025-05-17T09:02:55.967Z|0x7b44|AssetImportWorker is now disconnected from the server
2025-05-17T09:02:55.967Z|0x7b44|Process exiting
2025-05-17T09:02:55.967Z|0x7b44|Exiting without the bug reporter. Application will terminate with return code 0