2025-05-17T08:53:36.403Z|0x68c0|Using pre-set license
2025-05-17T08:53:36.403Z|0x68c0|Built from '6000.1/staging' branch; Version is '6000.1.3f1 (f34db9734971) revision 15945145'; Using compiler version '194234433'; Build Type 'Release'
2025-05-17T08:53:36.403Z|0x68c0|OS: 'Windows 11  (10.0.26100) 64bit Professional' Language: 'en' Physical Memory: 65276 MB
2025-05-17T08:53:36.403Z|0x68c0|BatchMode: 1, IsHumanControllingUs: 0, StartBugReporterOnCrash: 0, Is64bit: 1, IsPro: 1
2025-05-17T08:53:36.403Z|0x68c0|Date: 2025-05-17T08:53:36Z
2025-05-17T08:53:36.405Z|0x68c0|
COMMAND LINE ARGUMENTS:
2025-05-17T08:53:36.405Z|0x68c0|C:\Program Files\Unity\Hub\Editor\6000.1.3f1\Editor\Unity.exe
2025-05-17T08:53:36.405Z|0x68c0|-adb2
2025-05-17T08:53:36.405Z|0x68c0|-batchMode
2025-05-17T08:53:36.405Z|0x68c0|-noUpm
2025-05-17T08:53:36.405Z|0x68c0|-name
2025-05-17T08:53:36.405Z|0x68c0|AssetImportWorker2
2025-05-17T08:53:36.405Z|0x68c0|-projectPath
2025-05-17T08:53:36.405Z|0x68c0|C:/Users/kirae/Documents/projects/unity/jrpg_2d
2025-05-17T08:53:36.405Z|0x68c0|-logFile
2025-05-17T08:53:36.405Z|0x68c0|Logs/AssetImportWorker2.log
2025-05-17T08:53:36.405Z|0x68c0|-srvPort
2025-05-17T08:53:36.405Z|0x68c0|49497
2025-05-17T08:53:36.405Z|0x68c0|-job-worker-count
2025-05-17T08:53:36.405Z|0x68c0|15
2025-05-17T08:53:36.405Z|0x68c0|-background-job-worker-count
2025-05-17T08:53:36.405Z|0x68c0|8
2025-05-17T08:53:36.405Z|0x68c0|-gc-helper-count
2025-05-17T08:53:36.405Z|0x68c0|1
2025-05-17T08:53:36.405Z|0x68c0|-name
2025-05-17T08:53:36.405Z|0x68c0|AssetImport
2025-05-17T08:53:36.405Z|0x68c0|Successfully changed project path to: C:/Users/kirae/Documents/projects/unity/jrpg_2d
2025-05-17T08:53:36.406Z|0x68c0|C:/Users/kirae/Documents/projects/unity/jrpg_2d
2025-05-17T08:53:36.406Z|0x68c0|[UnityMemory] Configuration Parameters - Can be set up in boot.config
2025-05-17T08:53:36.406Z|0x68c0|    "memorysetup-allocator-temp-initial-block-size-main=262144"
2025-05-17T08:53:36.406Z|0x68c0|    "memorysetup-allocator-temp-initial-block-size-worker=262144"
2025-05-17T08:53:36.406Z|0x68c0|    "memorysetup-bucket-allocator-granularity=16"
2025-05-17T08:53:36.406Z|0x68c0|    "memorysetup-bucket-allocator-bucket-count=8"
2025-05-17T08:53:36.406Z|0x68c0|    "memorysetup-bucket-allocator-block-size=33554432"
2025-05-17T08:53:36.406Z|0x68c0|    "memorysetup-bucket-allocator-block-count=8"
2025-05-17T08:53:36.406Z|0x68c0|    "memorysetup-main-allocator-block-size=16777216"
2025-05-17T08:53:36.406Z|0x68c0|    "memorysetup-thread-allocator-block-size=16777216"
2025-05-17T08:53:36.406Z|0x68c0|    "memorysetup-gfx-main-allocator-block-size=16777216"
2025-05-17T08:53:36.406Z|0x68c0|    "memorysetup-gfx-thread-allocator-block-size=16777216"
2025-05-17T08:53:36.406Z|0x68c0|    "memorysetup-cache-allocator-block-size=4194304"
2025-05-17T08:53:36.406Z|0x68c0|    "memorysetup-typetree-allocator-block-size=2097152"
2025-05-17T08:53:36.406Z|0x68c0|    "memorysetup-profiler-bucket-allocator-granularity=16"
2025-05-17T08:53:36.406Z|0x68c0|    "memorysetup-profiler-bucket-allocator-bucket-count=8"
2025-05-17T08:53:36.406Z|0x68c0|    "memorysetup-profiler-bucket-allocator-block-size=33554432"
2025-05-17T08:53:36.406Z|0x68c0|    "memorysetup-profiler-bucket-allocator-block-count=8"
2025-05-17T08:53:36.406Z|0x68c0|    "memorysetup-profiler-allocator-block-size=16777216"
2025-05-17T08:53:36.406Z|0x68c0|    "memorysetup-profiler-editor-allocator-block-size=1048576"
2025-05-17T08:53:36.406Z|0x68c0|    "memorysetup-temp-allocator-size-main=16777216"
2025-05-17T08:53:36.406Z|0x68c0|    "memorysetup-job-temp-allocator-block-size=2097152"
2025-05-17T08:53:36.406Z|0x68c0|    "memorysetup-job-temp-allocator-block-size-background=1048576"
2025-05-17T08:53:36.406Z|0x68c0|    "memorysetup-job-temp-allocator-reduction-small-platforms=262144"
2025-05-17T08:53:36.406Z|0x68c0|    "memorysetup-temp-allocator-size-background-worker=32768"
2025-05-17T08:53:36.406Z|0x68c0|    "memorysetup-temp-allocator-size-job-worker=262144"
2025-05-17T08:53:36.406Z|0x68c0|    "memorysetup-temp-allocator-size-preload-manager=33554432"
2025-05-17T08:53:36.406Z|0x68c0|    "memorysetup-temp-allocator-size-nav-mesh-worker=65536"
2025-05-17T08:53:36.406Z|0x68c0|    "memorysetup-temp-allocator-size-audio-worker=65536"
2025-05-17T08:53:36.406Z|0x68c0|    "memorysetup-temp-allocator-size-cloud-worker=32768"
2025-05-17T08:53:36.406Z|0x68c0|    "memorysetup-temp-allocator-size-gi-baking-worker=262144"
2025-05-17T08:53:36.406Z|0x68c0|    "memorysetup-temp-allocator-size-gi-baking-worker=262144"
2025-05-17T08:53:36.406Z|0x68c0|    "memorysetup-temp-allocator-size-gi-baking-worker=262144"
2025-05-17T08:53:36.406Z|0x68c0|    "memorysetup-temp-allocator-size-gi-baking-worker=262144"
2025-05-17T08:53:36.406Z|0x68c0|    "memorysetup-temp-allocator-size-gi-baking-worker=262144"
2025-05-17T08:53:36.406Z|0x68c0|    "memorysetup-temp-allocator-size-gfx=262144"
2025-05-17T08:53:36.411Z|0x68c0|Player connection [26816]  Target information:

2025-05-17T08:53:36.411Z|0x68c0|Player connection [26816]  * "[IP] 192.168.1.158 [Port] 0 [Flags] 2 [Guid] 106235557 [EditorId] 106235557 [Version] 1048832 [Id] WindowsEditor(7,kira-rtx) [Debug] 1 [PackageName] WindowsEditor [ProjectName] Editor" 

2025-05-17T08:53:36.411Z|0x68c0|Player connection [26816]  * "[IP] 172.22.48.1 [Port] 0 [Flags] 2 [Guid] 106235557 [EditorId] 106235557 [Version] 1048832 [Id] WindowsEditor(7,kira-rtx) [Debug] 1 [PackageName] WindowsEditor [ProjectName] Editor" 

2025-05-17T08:53:36.411Z|0x68c0|Player connection [26816]  * "[IP] 192.168.56.1 [Port] 0 [Flags] 2 [Guid] 106235557 [EditorId] 106235557 [Version] 1048832 [Id] WindowsEditor(7,kira-rtx) [Debug] 1 [PackageName] WindowsEditor [ProjectName] Editor" 

2025-05-17T08:53:36.412Z|0x68c0|Player connection [26816] Host joined multi-casting on [225.0.0.222:54997]...
2025-05-17T08:53:36.412Z|0x68c0|Player connection [26816] Host joined alternative multi-casting on [225.0.0.222:34997]...
2025-05-17T08:53:36.412Z|0x68c0|JobSystem: Creating JobQueue using job-worker-count value 15
2025-05-17T08:53:36.416Z|0x68c0|Input System module state changed to: Initialized.
2025-05-17T08:53:36.417Z|0x68c0|[Physics::Module] Initialized fallback backend.
2025-05-17T08:53:36.417Z|0x68c0|[Physics::Module] Id: 0xdecafbad
2025-05-17T08:53:36.443Z|0x68c0|Library Redirect Path: Library/
2025-05-17T08:53:36.471Z|0x68c0|[Physics::Module] Selected backend.
2025-05-17T08:53:36.471Z|0x68c0|[Physics::Module] Name: PhysX
2025-05-17T08:53:36.471Z|0x68c0|[Physics::Module] Id: 0xf2b8ea05
2025-05-17T08:53:36.471Z|0x68c0|[Physics::Module] SDK Version: 4.1.2
2025-05-17T08:53:36.471Z|0x68c0|[Physics::Module] Integration Version: 1.0.0
2025-05-17T08:53:36.471Z|0x68c0|[Physics::Module] Threading Mode: Multi-Threaded
2025-05-17T08:53:36.478Z|0x68c0|Refreshing native plugins compatible for Editor in 2.25 ms, found 4 plugins.
2025-05-17T08:53:36.478Z|0x68c0|Preloading 0 native plugins for Editor in 0.00 ms.
2025-05-17T08:53:36.478Z|0x68c0|Initialize engine version: 6000.1.3f1 (f34db9734971)
2025-05-17T08:53:36.478Z|0x68c0|[Subsystems] Discovering subsystems at path C:/Program Files/Unity/Hub/Editor/6000.1.3f1/Editor/Data/Resources/UnitySubsystems
2025-05-17T08:53:36.478Z|0x68c0|[Subsystems] Discovering subsystems at path C:/Users/kirae/Documents/projects/unity/jrpg_2d/Assets
2025-05-17T08:53:36.478Z|0x68c0|GfxDevice: creating device client; kGfxThreadingModeNonThreaded
2025-05-17T08:53:36.689Z|0x68c0|Direct3D:
2025-05-17T08:53:36.689Z|0x68c0|    Version:         Direct3D 12 [level 12.1]
2025-05-17T08:53:36.689Z|0x68c0|    Renderer:        NVIDIA GeForce RTX 4080 SUPER (ID=0x2702)
2025-05-17T08:53:36.689Z|0x68c0|    Vendor:          NVIDIA
2025-05-17T08:53:36.689Z|0x68c0|    VRAM:            16047 MB
2025-05-17T08:53:36.689Z|0x68c0|    App VRAM Budget: 15279 MB
2025-05-17T08:53:36.689Z|0x68c0|    Driver:          32.0.15.7602
2025-05-17T08:53:36.750Z|0x68c0|Initialize mono
2025-05-17T08:53:36.750Z|0x68c0|Mono path[0] = 'C:/Program Files/Unity/Hub/Editor/6000.1.3f1/Editor/Data/Managed'
2025-05-17T08:53:36.750Z|0x68c0|Mono path[1] = 'C:/Program Files/Unity/Hub/Editor/6000.1.3f1/Editor/Data/MonoBleedingEdge/lib/mono/unityjit-win32'
2025-05-17T08:53:36.750Z|0x68c0|Mono config path = 'C:/Program Files/Unity/Hub/Editor/6000.1.3f1/Editor/Data/MonoBleedingEdge/etc'
2025-05-17T08:53:36.750Z|0x68c0|Using monoOptions --debugger-agent=transport=dt_socket,embedding=1,server=y,suspend=n,address=127.0.0.1:56116
2025-05-17T08:53:36.780Z|0x68c0|Begin MonoManager ReloadAssembly
2025-05-17T08:53:36.899Z|0x68c0|Registering precompiled unity dll's ...
2025-05-17T08:53:36.900Z|0x68c0|Register platform support module: C:/Program Files/Unity/Hub/Editor/6000.1.3f1/Editor/Data/PlaybackEngines/WindowsStandaloneSupport/UnityEditor.WindowsStandalone.Extensions.dll
2025-05-17T08:53:36.900Z|0x68c0|Registered in 0.000938 seconds.
2025-05-17T08:53:37.016Z|0x68c0|- Loaded All Assemblies, in  0.236 seconds
2025-05-17T08:53:37.069Z|0x68c0|Native extension for WindowsStandalone target not found
2025-05-17T08:53:37.216Z|0x68c0|Mono: successfully reloaded assembly
2025-05-17T08:53:37.226Z|0x68c0|- Finished resetting the current domain, in  0.210 seconds
2025-05-17T08:53:37.226Z|0x68c0|Domain Reload Profiling: 445ms
	BeginReloadAssembly (76ms)
		ExecutionOrderSort (0ms)
		DisableScriptedObjects (0ms)
		BackupInstance (0ms)
		ReleaseScriptingObjects (0ms)
		CreateAndSetChildDomain (1ms)
	RebuildCommonClasses (24ms)
	RebuildNativeTypeToScriptingClass (7ms)
	initialDomainReloadingComplete (30ms)
	LoadAllAssembliesAndSetupDomain (98ms)
		LoadAssemblies (74ms)
		RebuildTransferFunctionScriptingTraits (0ms)
		AnalyzeDomain (96ms)
			TypeCache.Refresh (95ms)
				TypeCache.ScanAssembly (86ms)
			BuildScriptInfoCaches (0ms)
			ResolveRequiredComponents (0ms)
	FinalizeReload (210ms)
		ReleaseScriptCaches (0ms)
		RebuildScriptCaches (0ms)
		SetupLoadedEditorAssemblies (180ms)
			LogAssemblyErrors (0ms)
			InitializePlatformSupportModulesInManaged (33ms)
			SetLoadedEditorAssemblies (3ms)
			BeforeProcessingInitializeOnLoad (34ms)
			ProcessInitializeOnLoadAttributes (78ms)
			ProcessInitializeOnLoadMethodAttributes (32ms)
			AfterProcessingInitializeOnLoad (0ms)
			EditorAssembliesLoaded (0ms)
		ExecutionOrderSort2 (0ms)
		AwakeInstancesAfterBackupRestoration (0ms)
2025-05-17T08:53:37.335Z|0x68c0|========================================================================
2025-05-17T08:53:37.335Z|0x68c0|Worker process is ready to serve import requests
2025-05-17T08:53:37.335Z|0x68c0|Import Worker Mode flag is 0x00
2025-05-17T08:53:37.415Z|0x68c0|Begin MonoManager ReloadAssembly
2025-05-17T08:53:37.916Z|0x68c0|- Loaded All Assemblies, in  0.500 seconds
2025-05-17T08:53:38.071Z|0x68c0|Refreshing native plugins compatible for Editor in 1.16 ms, found 4 plugins.
2025-05-17T08:53:38.151Z|0x68c0|Native extension for WindowsStandalone target not found
2025-05-17T08:53:38.460Z|0x68c0|Package Manager log level set to [2]
2025-05-17T08:53:38.460Z|0x68c0|[Package Manager] Failed to launch server process. Reason: Unity was launched with the -noUpm command-line argument
2025-05-17T08:53:38.460Z|0x68c0|[Package Manager] Unable to send message (not connected to server process).
2025-05-17T08:53:38.460Z|0x68c0|[Package Manager] Cannot connect to Unity Package Manager local server
2025-05-17T08:53:38.543Z|0x68c0|Mono: successfully reloaded assembly
2025-05-17T08:53:38.550Z|0x68c0|- Finished resetting the current domain, in  0.476 seconds
2025-05-17T08:53:38.550Z|0x68c0|Domain Reload Profiling: 974ms
	BeginReloadAssembly (105ms)
		ExecutionOrderSort (0ms)
		DisableScriptedObjects (5ms)
		BackupInstance (0ms)
		ReleaseScriptingObjects (0ms)
		CreateAndSetChildDomain (18ms)
	RebuildCommonClasses (24ms)
	RebuildNativeTypeToScriptingClass (7ms)
	initialDomainReloadingComplete (25ms)
	LoadAllAssembliesAndSetupDomain (336ms)
		LoadAssemblies (219ms)
		RebuildTransferFunctionScriptingTraits (0ms)
		AnalyzeDomain (175ms)
			TypeCache.Refresh (127ms)
				TypeCache.ScanAssembly (114ms)
			BuildScriptInfoCaches (38ms)
			ResolveRequiredComponents (7ms)
	FinalizeReload (477ms)
		ReleaseScriptCaches (0ms)
		RebuildScriptCaches (0ms)
		SetupLoadedEditorAssemblies (390ms)
			LogAssemblyErrors (0ms)
			InitializePlatformSupportModulesInManaged (1ms)
			SetLoadedEditorAssemblies (2ms)
			BeforeProcessingInitializeOnLoad (73ms)
			ProcessInitializeOnLoadAttributes (244ms)
			ProcessInitializeOnLoadMethodAttributes (66ms)
			AfterProcessingInitializeOnLoad (3ms)
			EditorAssembliesLoaded (0ms)
		ExecutionOrderSort2 (0ms)
		AwakeInstancesAfterBackupRestoration (4ms)
2025-05-17T08:53:38.659Z|0x68c0|Launched and connected shader compiler UnityShaderCompiler.exe after 0.01 seconds
2025-05-17T08:53:38.693Z|0x68c0|Refreshing native plugins compatible for Editor in 0.98 ms, found 4 plugins.
2025-05-17T08:53:38.693Z|0x68c0|Preloading 0 native plugins for Editor in 0.00 ms.
2025-05-17T08:53:38.695Z|0x6f34|Unloading 217 Unused Serialized files (Serialized files now loaded: 0)
2025-05-17T08:53:38.702Z|0x68c0|Unloading 6622 unused Assets / (6.7 MB). Loaded Objects now: 7289.
Memory consumption went from 173.1 MB to 166.4 MB.
2025-05-17T08:53:38.702Z|0x68c0|Total: 6.951700 ms (FindLiveObjects: 0.406900 ms CreateObjectMapping: 0.225200 ms MarkObjects: 4.062200 ms  DeleteObjects: 2.256600 ms)

2025-05-17T08:53:42.215Z|0x68c0|========================================================================
Received Import Request.
  Time since last request: 42637.952174 seconds.
  path: Assets/Tiny RPG Forest/Artwork/sprites/misc/coin/coin-1.png
  artifactKey: Guid(03b3b03d94fe64ca991436d28accda10) Importer(815301076,1909f56bfc062723c751e8b465ee728b)
2025-05-17T08:53:42.223Z|0x68c0|Start importing Assets/Tiny RPG Forest/Artwork/sprites/misc/coin/coin-1.png using Guid(03b3b03d94fe64ca991436d28accda10) Importer(815301076,1909f56bfc062723c751e8b465ee728b) (PreviewImporter) -> (artifact id: 'a5c29b9d8ce9c28f73069b214add0a47') in 0.0805018 seconds
2025-05-17T08:53:42.316Z|0x68c0|Number of updated asset objects reloaded before import = 0Number of asset objects unloaded after import = 3

2025-05-17T08:53:45.562Z|0x68c0|========================================================================
Received Import Request.
  Time since last request: 3.245337 seconds.
  path: Assets/Tiny RPG Forest/Artwork/sprites/hero/attack/hero-attack-back
  artifactKey: Guid(8c9b5162764604426a30aca42ef9115f) Importer(815301076,1909f56bfc062723c751e8b465ee728b)
2025-05-17T08:53:45.569Z|0x68c0|Start importing Assets/Tiny RPG Forest/Artwork/sprites/hero/attack/hero-attack-back using Guid(8c9b5162764604426a30aca42ef9115f) Importer(815301076,1909f56bfc062723c751e8b465ee728b) (PreviewImporter) -> (artifact id: 'e6e4ea58aa2eedfe93065f6d569468cb') in 0.0004949 seconds
2025-05-17T08:53:45.583Z|0x68c0|Number of updated asset objects reloaded before import = 0Number of asset objects unloaded after import = 0

2025-05-17T08:53:45.643Z|0x68c0|========================================================================
Received Import Request.
  Time since last request: 0.060046 seconds.
  path: Assets/Tiny RPG Forest/Artwork/sprites/hero/attack/hero-attack-back/hero-attack-back-1.png
  artifactKey: Guid(269bf255a0807467391905647741fd6d) Importer(815301076,1909f56bfc062723c751e8b465ee728b)
2025-05-17T08:53:45.649Z|0x68c0|Start importing Assets/Tiny RPG Forest/Artwork/sprites/hero/attack/hero-attack-back/hero-attack-back-1.png using Guid(269bf255a0807467391905647741fd6d) Importer(815301076,1909f56bfc062723c751e8b465ee728b) (PreviewImporter) -> (artifact id: 'b4df97a55fb8dc286b04ce502c0c5864') in 0.0213009 seconds
2025-05-17T08:53:45.687Z|0x68c0|Number of updated asset objects reloaded before import = 0Number of asset objects unloaded after import = 3

2025-05-17T08:53:54.590Z|0x68c0|========================================================================
Received Import Request.
  Time since last request: 8.902269 seconds.
  path: Assets/Tiny RPG Forest/Artwork/sprites/hero/attack/hero-attack-front/hero-attack-front-1.png
  artifactKey: Guid(3fee1b456a31145079dfa677bd981ed4) Importer(815301076,1909f56bfc062723c751e8b465ee728b)
2025-05-17T08:53:54.597Z|0x68c0|Start importing Assets/Tiny RPG Forest/Artwork/sprites/hero/attack/hero-attack-front/hero-attack-front-1.png using Guid(3fee1b456a31145079dfa677bd981ed4) Importer(815301076,1909f56bfc062723c751e8b465ee728b) (PreviewImporter) -> (artifact id: 'c644fd323b80c1e62dadeec6ebfc6609') in 0.0115291 seconds
2025-05-17T08:53:54.625Z|0x68c0|Number of updated asset objects reloaded before import = 0Number of asset objects unloaded after import = 3

2025-05-17T08:53:55.095Z|0x68c0|========================================================================
Received Import Request.
  Time since last request: 0.470493 seconds.
  path: Assets/Tiny RPG Forest/Artwork/sprites/hero/attack/hero-attack-side/hero-attack-side-1.png
  artifactKey: Guid(ba299c80d09de4d4696f394e503ac933) Importer(815301076,1909f56bfc062723c751e8b465ee728b)
2025-05-17T08:53:55.102Z|0x68c0|Start importing Assets/Tiny RPG Forest/Artwork/sprites/hero/attack/hero-attack-side/hero-attack-side-1.png using Guid(ba299c80d09de4d4696f394e503ac933) Importer(815301076,1909f56bfc062723c751e8b465ee728b) (PreviewImporter) -> (artifact id: 'e47e3194ebda7213f5174341bcae7044') in 0.0130778 seconds
2025-05-17T08:53:55.129Z|0x68c0|Number of updated asset objects reloaded before import = 0Number of asset objects unloaded after import = 3

2025-05-17T08:54:06.074Z|0x68c0|========================================================================
Received Import Request.
  Time since last request: 10.944955 seconds.
  path: Assets/Tiny RPG Forest/Artwork/sprites/treant
  artifactKey: Guid(73b4cafaa49f742bd9b09212bfda83fc) Importer(815301076,1909f56bfc062723c751e8b465ee728b)
2025-05-17T08:54:06.081Z|0x68c0|Start importing Assets/Tiny RPG Forest/Artwork/sprites/treant using Guid(73b4cafaa49f742bd9b09212bfda83fc) Importer(815301076,1909f56bfc062723c751e8b465ee728b) (PreviewImporter) -> (artifact id: '90c2bdbab65f770d64dbca8da9831086') in 0.0004327 seconds
2025-05-17T08:54:06.097Z|0x68c0|Number of updated asset objects reloaded before import = 0Number of asset objects unloaded after import = 0

2025-05-17T08:54:40.663Z|0x68c0|========================================================================
Received Import Request.
  Time since last request: 34.565659 seconds.
  path: Assets/Tiny RPG Forest/Artwork/sprites/treant/idle
  artifactKey: Guid(754e3cb356a6a4aed8289da2a4e8c117) Importer(815301076,1909f56bfc062723c751e8b465ee728b)
2025-05-17T08:54:40.669Z|0x68c0|Start importing Assets/Tiny RPG Forest/Artwork/sprites/treant/idle using Guid(754e3cb356a6a4aed8289da2a4e8c117) Importer(815301076,1909f56bfc062723c751e8b465ee728b) (PreviewImporter) -> (artifact id: '2e99b2ce427a181b185d2403193d9033') in 0.0003903 seconds
2025-05-17T08:54:40.684Z|0x68c0|Number of updated asset objects reloaded before import = 0Number of asset objects unloaded after import = 0

2025-05-17T08:54:40.748Z|0x68c0|========================================================================
Received Import Request.
  Time since last request: 0.064776 seconds.
  path: Assets/Tiny RPG Forest/Artwork/sprites/treant/idle/treant-idle-back.png
  artifactKey: Guid(b51d18577d0ec4d29b81998d983bd710) Importer(815301076,1909f56bfc062723c751e8b465ee728b)
2025-05-17T08:54:40.755Z|0x68c0|Start importing Assets/Tiny RPG Forest/Artwork/sprites/treant/idle/treant-idle-back.png using Guid(b51d18577d0ec4d29b81998d983bd710) Importer(815301076,1909f56bfc062723c751e8b465ee728b) (PreviewImporter) -> (artifact id: 'ad9974eb3d7dca94a4450700def9076f') in 0.018622 seconds
2025-05-17T08:54:40.788Z|0x68c0|Number of updated asset objects reloaded before import = 0Number of asset objects unloaded after import = 3

2025-05-17T08:54:45.195Z|0x68c0|========================================================================
Received Import Request.
  Time since last request: 4.407218 seconds.
  path: Assets/Tiny RPG Forest/Artwork/sprites/treant/walk/treant-walk-back/treant-walk-back-1.png
  artifactKey: Guid(db09a2bfaae954a9cb8b1abab93807bd) Importer(815301076,1909f56bfc062723c751e8b465ee728b)
2025-05-17T08:54:45.201Z|0x68c0|Start importing Assets/Tiny RPG Forest/Artwork/sprites/treant/walk/treant-walk-back/treant-walk-back-1.png using Guid(db09a2bfaae954a9cb8b1abab93807bd) Importer(815301076,1909f56bfc062723c751e8b465ee728b) (PreviewImporter) -> (artifact id: 'fd7d4b0da3c381f778320717375767aa') in 0.0153739 seconds
2025-05-17T08:54:45.234Z|0x68c0|Number of updated asset objects reloaded before import = 0Number of asset objects unloaded after import = 3

2025-05-17T08:54:45.526Z|0x68c0|========================================================================
Received Import Request.
  Time since last request: 0.292514 seconds.
  path: Assets/Tiny RPG Forest/Artwork/sprites/treant/walk/treant-walk-front/treant-walk-front-1.png
  artifactKey: Guid(2ee1314051846416d927a45c9d0cc3cb) Importer(815301076,1909f56bfc062723c751e8b465ee728b)
2025-05-17T08:54:45.534Z|0x68c0|Start importing Assets/Tiny RPG Forest/Artwork/sprites/treant/walk/treant-walk-front/treant-walk-front-1.png using Guid(2ee1314051846416d927a45c9d0cc3cb) Importer(815301076,1909f56bfc062723c751e8b465ee728b) (PreviewImporter) -> (artifact id: 'fb2f8d0a2f28958c58ccda98415bf722') in 0.0135727 seconds
2025-05-17T08:54:45.565Z|0x68c0|Number of updated asset objects reloaded before import = 0Number of asset objects unloaded after import = 3

2025-05-17T08:54:45.876Z|0x68c0|========================================================================
Received Import Request.
  Time since last request: 0.311014 seconds.
  path: Assets/Tiny RPG Forest/Artwork/sprites/treant/walk/treant-walk-side/treant-walk-side-1.png
  artifactKey: Guid(898dab6b7cd524ce2807956319a8ca9f) Importer(815301076,1909f56bfc062723c751e8b465ee728b)
2025-05-17T08:54:45.882Z|0x68c0|Start importing Assets/Tiny RPG Forest/Artwork/sprites/treant/walk/treant-walk-side/treant-walk-side-1.png using Guid(898dab6b7cd524ce2807956319a8ca9f) Importer(815301076,1909f56bfc062723c751e8b465ee728b) (PreviewImporter) -> (artifact id: 'c63717cc770043de280d7e5e569e67be') in 0.0139301 seconds
2025-05-17T08:54:45.911Z|0x68c0|Number of updated asset objects reloaded before import = 0Number of asset objects unloaded after import = 3

2025-05-17T08:54:55.053Z|0x68c0|========================================================================
Received Import Request.
  Time since last request: 9.141558 seconds.
  path: Assets/Tiny RPG Forest/Artwork/sprites/hero/idle/hero-idle-back/hero-idle-back.png
  artifactKey: Guid(4fc82fadd0e1d4ed8a697be473d72842) Importer(815301076,1909f56bfc062723c751e8b465ee728b)
2025-05-17T08:54:55.059Z|0x68c0|Start importing Assets/Tiny RPG Forest/Artwork/sprites/hero/idle/hero-idle-back/hero-idle-back.png using Guid(4fc82fadd0e1d4ed8a697be473d72842) Importer(815301076,1909f56bfc062723c751e8b465ee728b) (PreviewImporter) -> (artifact id: '00e330871227cfc61505189d6584ed3e') in 0.017353 seconds
2025-05-17T08:54:55.090Z|0x68c0|Number of updated asset objects reloaded before import = 0Number of asset objects unloaded after import = 3

2025-05-17T08:54:55.504Z|0x68c0|========================================================================
Received Import Request.
  Time since last request: 0.414728 seconds.
  path: Assets/Tiny RPG Forest/Artwork/sprites/hero/idle/hero-idle-front/hero-idle-front.png
  artifactKey: Guid(0f39a9205e4394ee1b6ba8269428d176) Importer(815301076,1909f56bfc062723c751e8b465ee728b)
2025-05-17T08:54:55.511Z|0x68c0|Start importing Assets/Tiny RPG Forest/Artwork/sprites/hero/idle/hero-idle-front/hero-idle-front.png using Guid(0f39a9205e4394ee1b6ba8269428d176) Importer(815301076,1909f56bfc062723c751e8b465ee728b) (PreviewImporter) -> (artifact id: '86e3927b60d86742dc7f7fb57e0535e9') in 0.0238434 seconds
2025-05-17T08:54:55.547Z|0x68c0|Number of updated asset objects reloaded before import = 0Number of asset objects unloaded after import = 3

2025-05-17T08:54:55.857Z|0x68c0|========================================================================
Received Import Request.
  Time since last request: 0.309808 seconds.
  path: Assets/Tiny RPG Forest/Artwork/sprites/hero/idle/hero-idle-side/hero-idle-side.png
  artifactKey: Guid(21ae12909dfa64464820da55fc494021) Importer(815301076,1909f56bfc062723c751e8b465ee728b)
2025-05-17T08:54:55.863Z|0x68c0|Start importing Assets/Tiny RPG Forest/Artwork/sprites/hero/idle/hero-idle-side/hero-idle-side.png using Guid(21ae12909dfa64464820da55fc494021) Importer(815301076,1909f56bfc062723c751e8b465ee728b) (PreviewImporter) -> (artifact id: '99b8f5a74d7df34cfaf9cd4c66164a91') in 0.0056948 seconds
2025-05-17T08:54:55.883Z|0x68c0|Number of updated asset objects reloaded before import = 0Number of asset objects unloaded after import = 3

2025-05-17T08:55:03.417Z|0x68c0|========================================================================
Received Import Request.
  Time since last request: 7.533066 seconds.
  path: Assets/Tiny RPG Forest/Artwork/Environment/waterfall animation
  artifactKey: Guid(a9b87a1d2e53c4e6789106ac6536b371) Importer(815301076,1909f56bfc062723c751e8b465ee728b)
2025-05-17T08:55:03.422Z|0x68c0|Start importing Assets/Tiny RPG Forest/Artwork/Environment/waterfall animation using Guid(a9b87a1d2e53c4e6789106ac6536b371) Importer(815301076,1909f56bfc062723c751e8b465ee728b) (PreviewImporter) -> (artifact id: 'f352525ae5b6f456b7e5d8e21d4b1568') in 0.0003858 seconds
2025-05-17T08:55:03.437Z|0x68c0|Number of updated asset objects reloaded before import = 0Number of asset objects unloaded after import = 0

2025-05-17T08:55:03.498Z|0x68c0|========================================================================
Received Import Request.
  Time since last request: 0.060160 seconds.
  path: Assets/Tiny RPG Forest/Artwork/Environment/waterfall animation/waterfall-1.png
  artifactKey: Guid(b3d6035f6aea241b890878b6ab7a906b) Importer(815301076,1909f56bfc062723c751e8b465ee728b)
2025-05-17T08:55:03.504Z|0x68c0|Start importing Assets/Tiny RPG Forest/Artwork/Environment/waterfall animation/waterfall-1.png using Guid(b3d6035f6aea241b890878b6ab7a906b) Importer(815301076,1909f56bfc062723c751e8b465ee728b) (PreviewImporter) -> (artifact id: '8f9f9e62a7f7a144a7377b1b672fc100') in 0.0147847 seconds
2025-05-17T08:55:03.533Z|0x68c0|Number of updated asset objects reloaded before import = 0Number of asset objects unloaded after import = 3

2025-05-17T08:55:06.218Z|0x68c0|========================================================================
Received Import Request.
  Time since last request: 2.685662 seconds.
  path: Assets/Tiny RPG Forest/Artwork/Environment/sliced-objects/bush.png
  artifactKey: Guid(dbc624f7b3a644dcf989e434e63d9a98) Importer(815301076,1909f56bfc062723c751e8b465ee728b)
2025-05-17T08:55:06.224Z|0x68c0|Start importing Assets/Tiny RPG Forest/Artwork/Environment/sliced-objects/bush.png using Guid(dbc624f7b3a644dcf989e434e63d9a98) Importer(815301076,1909f56bfc062723c751e8b465ee728b) (PreviewImporter) -> (artifact id: '2cbc71dffe3b51d932a573d11ef7de30') in 0.0163826 seconds
2025-05-17T08:55:06.259Z|0x68c0|Number of updated asset objects reloaded before import = 0Number of asset objects unloaded after import = 3

2025-05-17T08:55:06.259Z|0x68c0|========================================================================
Received Import Request.
  Time since last request: 0.000011 seconds.
  path: Assets/Tiny RPG Forest/Artwork/Environment/sliced-objects/tree-orange.png
  artifactKey: Guid(8c69f3cd16f534bec8236a6484f500d4) Importer(815301076,1909f56bfc062723c751e8b465ee728b)
2025-05-17T08:55:06.266Z|0x68c0|Start importing Assets/Tiny RPG Forest/Artwork/Environment/sliced-objects/tree-orange.png using Guid(8c69f3cd16f534bec8236a6484f500d4) Importer(815301076,1909f56bfc062723c751e8b465ee728b) (PreviewImporter) -> (artifact id: '88b6b13c867c20ba3bdd4e8bcd1cbf99') in 0.0158799 seconds
2025-05-17T08:55:06.299Z|0x68c0|Number of updated asset objects reloaded before import = 0Number of asset objects unloaded after import = 3

2025-05-17T08:55:06.299Z|0x68c0|========================================================================
Received Import Request.
  Time since last request: 0.000010 seconds.
  path: Assets/Tiny RPG Forest/Artwork/Environment/sliced-objects/trunk.png
  artifactKey: Guid(606bc7833699b46bfb26e8141d2a64a7) Importer(815301076,1909f56bfc062723c751e8b465ee728b)
2025-05-17T08:55:06.305Z|0x68c0|Start importing Assets/Tiny RPG Forest/Artwork/Environment/sliced-objects/trunk.png using Guid(606bc7833699b46bfb26e8141d2a64a7) Importer(815301076,1909f56bfc062723c751e8b465ee728b) (PreviewImporter) -> (artifact id: 'fb10d9a187e45e08decefbeecf39c269') in 0.0149851 seconds
2025-05-17T08:55:06.342Z|0x68c0|Number of updated asset objects reloaded before import = 0Number of asset objects unloaded after import = 3

2025-05-17T08:56:16.331Z|0x73a8|Editor requested this worker to shutdown with reason: Scaling down because of idle timeout
2025-05-17T08:56:16.444Z|0x68c0|AssetImportWorker is now disconnected from the server
2025-05-17T08:56:16.444Z|0x68c0|Process exiting
2025-05-17T08:56:16.444Z|0x68c0|Exiting without the bug reporter. Application will terminate with return code 0